2023-10-06 09:29:47,027 [Worker-7: Loading available Gradle versions] INFO  o.e.b.c.i.u.g.PublishedGradleVersions - Gradle version information cache is up-to-date. Trying to read.
2023-10-06 09:31:15,458 [Worker-7: Loading available Gradle versions] INFO  o.e.b.c.i.u.g.PublishedGradleVersions - Gradle version information cache is out-of-date. Trying to update.
2023-10-06 10:10:55,841 [Worker-23: Launching mavenrun-c1492496-76c5-4b3d-a6ba-be395cb33e86] INFO  o.eclipse.m2e.core.internal.Bundles - getClasspathEntries(Bundle=org.eclipse.m2e.maven.runtime_3.8.701.20230209-1606 [610])
2023-10-06 10:10:55,845 [Worker-23: Launching mavenrun-c1492496-76c5-4b3d-a6ba-be395cb33e86] INFO  o.eclipse.m2e.core.internal.Bundles - 	Entry: C:\Users\rahulr\eclipse\eclipse-jee-2023-03\eclipse\plugins\org.eclipse.m2e.maven.runtime_3.8.701.20230209-1606
2023-10-06 10:10:55,846 [Worker-23: Launching mavenrun-c1492496-76c5-4b3d-a6ba-be395cb33e86] INFO  o.eclipse.m2e.core.internal.Bundles - 	Entry: C:\Users\rahulr\eclipse\eclipse-jee-2023-03\eclipse\plugins\org.eclipse.m2e.maven.runtime_3.8.701.20230209-1606\jars\aether-connector-okhttp-0.17.8.jar
2023-10-06 10:10:55,847 [Worker-23: Launching mavenrun-c1492496-76c5-4b3d-a6ba-be395cb33e86] INFO  o.eclipse.m2e.core.internal.Bundles - 	Entry: C:\Users\rahulr\eclipse\eclipse-jee-2023-03\eclipse\plugins\org.eclipse.m2e.maven.runtime_3.8.701.20230209-1606\jars\commons-lang3-3.8.1.jar
2023-10-06 10:10:55,847 [Worker-23: Launching mavenrun-c1492496-76c5-4b3d-a6ba-be395cb33e86] INFO  o.eclipse.m2e.core.internal.Bundles - 	Entry: C:\Users\rahulr\eclipse\eclipse-jee-2023-03\eclipse\plugins\org.eclipse.m2e.maven.runtime_3.8.701.20230209-1606\jars\guice-4.2.2-no_aop.jar
2023-10-06 10:10:55,847 [Worker-23: Launching mavenrun-c1492496-76c5-4b3d-a6ba-be395cb33e86] INFO  o.eclipse.m2e.core.internal.Bundles - 	Entry: C:\Users\rahulr\eclipse\eclipse-jee-2023-03\eclipse\plugins\org.eclipse.m2e.maven.runtime_3.8.701.20230209-1606\jars\jansi-2.4.0.jar
2023-10-06 10:10:55,847 [Worker-23: Launching mavenrun-c1492496-76c5-4b3d-a6ba-be395cb33e86] INFO  o.eclipse.m2e.core.internal.Bundles - 	Entry: C:\Users\rahulr\eclipse\eclipse-jee-2023-03\eclipse\plugins\org.eclipse.m2e.maven.runtime_3.8.701.20230209-1606\jars\maven-artifact-3.8.7.jar
2023-10-06 10:10:55,847 [Worker-23: Launching mavenrun-c1492496-76c5-4b3d-a6ba-be395cb33e86] INFO  o.eclipse.m2e.core.internal.Bundles - 	Entry: C:\Users\rahulr\eclipse\eclipse-jee-2023-03\eclipse\plugins\org.eclipse.m2e.maven.runtime_3.8.701.20230209-1606\jars\maven-builder-support-3.8.7.jar
2023-10-06 10:10:55,847 [Worker-23: Launching mavenrun-c1492496-76c5-4b3d-a6ba-be395cb33e86] INFO  o.eclipse.m2e.core.internal.Bundles - 	Entry: C:\Users\rahulr\eclipse\eclipse-jee-2023-03\eclipse\plugins\org.eclipse.m2e.maven.runtime_3.8.701.20230209-1606\jars\maven-compat-3.8.7.jar
2023-10-06 10:10:55,847 [Worker-23: Launching mavenrun-c1492496-76c5-4b3d-a6ba-be395cb33e86] INFO  o.eclipse.m2e.core.internal.Bundles - 	Entry: C:\Users\rahulr\eclipse\eclipse-jee-2023-03\eclipse\plugins\org.eclipse.m2e.maven.runtime_3.8.701.20230209-1606\jars\maven-core-3.8.7.jar
2023-10-06 10:10:55,847 [Worker-23: Launching mavenrun-c1492496-76c5-4b3d-a6ba-be395cb33e86] INFO  o.eclipse.m2e.core.internal.Bundles - 	Entry: C:\Users\rahulr\eclipse\eclipse-jee-2023-03\eclipse\plugins\org.eclipse.m2e.maven.runtime_3.8.701.20230209-1606\jars\maven-embedder-3.8.7.jar
2023-10-06 10:10:55,847 [Worker-23: Launching mavenrun-c1492496-76c5-4b3d-a6ba-be395cb33e86] INFO  o.eclipse.m2e.core.internal.Bundles - 	Entry: C:\Users\rahulr\eclipse\eclipse-jee-2023-03\eclipse\plugins\org.eclipse.m2e.maven.runtime_3.8.701.20230209-1606\jars\maven-model-3.8.7.jar
2023-10-06 10:10:55,847 [Worker-23: Launching mavenrun-c1492496-76c5-4b3d-a6ba-be395cb33e86] INFO  o.eclipse.m2e.core.internal.Bundles - 	Entry: C:\Users\rahulr\eclipse\eclipse-jee-2023-03\eclipse\plugins\org.eclipse.m2e.maven.runtime_3.8.701.20230209-1606\jars\maven-model-builder-3.8.7.jar
2023-10-06 10:10:55,847 [Worker-23: Launching mavenrun-c1492496-76c5-4b3d-a6ba-be395cb33e86] INFO  o.eclipse.m2e.core.internal.Bundles - 	Entry: C:\Users\rahulr\eclipse\eclipse-jee-2023-03\eclipse\plugins\org.eclipse.m2e.maven.runtime_3.8.701.20230209-1606\jars\maven-plugin-api-3.8.7.jar
2023-10-06 10:10:55,847 [Worker-23: Launching mavenrun-c1492496-76c5-4b3d-a6ba-be395cb33e86] INFO  o.eclipse.m2e.core.internal.Bundles - 	Entry: C:\Users\rahulr\eclipse\eclipse-jee-2023-03\eclipse\plugins\org.eclipse.m2e.maven.runtime_3.8.701.20230209-1606\jars\maven-repository-metadata-3.8.7.jar
2023-10-06 10:10:55,847 [Worker-23: Launching mavenrun-c1492496-76c5-4b3d-a6ba-be395cb33e86] INFO  o.eclipse.m2e.core.internal.Bundles - 	Entry: C:\Users\rahulr\eclipse\eclipse-jee-2023-03\eclipse\plugins\org.eclipse.m2e.maven.runtime_3.8.701.20230209-1606\jars\maven-resolver-api-1.6.3.jar
2023-10-06 10:10:55,848 [Worker-23: Launching mavenrun-c1492496-76c5-4b3d-a6ba-be395cb33e86] INFO  o.eclipse.m2e.core.internal.Bundles - 	Entry: C:\Users\rahulr\eclipse\eclipse-jee-2023-03\eclipse\plugins\org.eclipse.m2e.maven.runtime_3.8.701.20230209-1606\jars\maven-resolver-connector-basic-1.6.3.jar
2023-10-06 10:10:55,848 [Worker-23: Launching mavenrun-c1492496-76c5-4b3d-a6ba-be395cb33e86] INFO  o.eclipse.m2e.core.internal.Bundles - 	Entry: C:\Users\rahulr\eclipse\eclipse-jee-2023-03\eclipse\plugins\org.eclipse.m2e.maven.runtime_3.8.701.20230209-1606\jars\maven-resolver-impl-1.6.3.jar
2023-10-06 10:10:55,848 [Worker-23: Launching mavenrun-c1492496-76c5-4b3d-a6ba-be395cb33e86] INFO  o.eclipse.m2e.core.internal.Bundles - 	Entry: C:\Users\rahulr\eclipse\eclipse-jee-2023-03\eclipse\plugins\org.eclipse.m2e.maven.runtime_3.8.701.20230209-1606\jars\maven-resolver-provider-3.8.7.jar
2023-10-06 10:10:55,848 [Worker-23: Launching mavenrun-c1492496-76c5-4b3d-a6ba-be395cb33e86] INFO  o.eclipse.m2e.core.internal.Bundles - 	Entry: C:\Users\rahulr\eclipse\eclipse-jee-2023-03\eclipse\plugins\org.eclipse.m2e.maven.runtime_3.8.701.20230209-1606\jars\maven-resolver-spi-1.6.3.jar
2023-10-06 10:10:55,848 [Worker-23: Launching mavenrun-c1492496-76c5-4b3d-a6ba-be395cb33e86] INFO  o.eclipse.m2e.core.internal.Bundles - 	Entry: C:\Users\rahulr\eclipse\eclipse-jee-2023-03\eclipse\plugins\org.eclipse.m2e.maven.runtime_3.8.701.20230209-1606\jars\maven-resolver-transport-wagon-1.6.3.jar
2023-10-06 10:10:55,848 [Worker-23: Launching mavenrun-c1492496-76c5-4b3d-a6ba-be395cb33e86] INFO  o.eclipse.m2e.core.internal.Bundles - 	Entry: C:\Users\rahulr\eclipse\eclipse-jee-2023-03\eclipse\plugins\org.eclipse.m2e.maven.runtime_3.8.701.20230209-1606\jars\maven-resolver-util-1.6.3.jar
2023-10-06 10:10:55,848 [Worker-23: Launching mavenrun-c1492496-76c5-4b3d-a6ba-be395cb33e86] INFO  o.eclipse.m2e.core.internal.Bundles - 	Entry: C:\Users\rahulr\eclipse\eclipse-jee-2023-03\eclipse\plugins\org.eclipse.m2e.maven.runtime_3.8.701.20230209-1606\jars\maven-settings-3.8.7.jar
2023-10-06 10:10:55,848 [Worker-23: Launching mavenrun-c1492496-76c5-4b3d-a6ba-be395cb33e86] INFO  o.eclipse.m2e.core.internal.Bundles - 	Entry: C:\Users\rahulr\eclipse\eclipse-jee-2023-03\eclipse\plugins\org.eclipse.m2e.maven.runtime_3.8.701.20230209-1606\jars\maven-settings-builder-3.8.7.jar
2023-10-06 10:10:55,848 [Worker-23: Launching mavenrun-c1492496-76c5-4b3d-a6ba-be395cb33e86] INFO  o.eclipse.m2e.core.internal.Bundles - 	Entry: C:\Users\rahulr\eclipse\eclipse-jee-2023-03\eclipse\plugins\org.eclipse.m2e.maven.runtime_3.8.701.20230209-1606\jars\maven-shared-utils-3.3.4.jar
2023-10-06 10:10:55,848 [Worker-23: Launching mavenrun-c1492496-76c5-4b3d-a6ba-be395cb33e86] INFO  o.eclipse.m2e.core.internal.Bundles - 	Entry: C:\Users\rahulr\eclipse\eclipse-jee-2023-03\eclipse\plugins\org.eclipse.m2e.maven.runtime_3.8.701.20230209-1606\jars\okhttp-3.14.1.jar
2023-10-06 10:10:55,849 [Worker-23: Launching mavenrun-c1492496-76c5-4b3d-a6ba-be395cb33e86] INFO  o.eclipse.m2e.core.internal.Bundles - 	Entry: C:\Users\rahulr\eclipse\eclipse-jee-2023-03\eclipse\plugins\org.eclipse.m2e.maven.runtime_3.8.701.20230209-1606\jars\okio-1.17.3.jar
2023-10-06 10:10:55,849 [Worker-23: Launching mavenrun-c1492496-76c5-4b3d-a6ba-be395cb33e86] INFO  o.eclipse.m2e.core.internal.Bundles - 	Entry: C:\Users\rahulr\eclipse\eclipse-jee-2023-03\eclipse\plugins\org.eclipse.m2e.maven.runtime_3.8.701.20230209-1606\jars\org.eclipse.sisu.inject-0.3.5.jar
2023-10-06 10:10:55,849 [Worker-23: Launching mavenrun-c1492496-76c5-4b3d-a6ba-be395cb33e86] INFO  o.eclipse.m2e.core.internal.Bundles - 	Entry: C:\Users\rahulr\eclipse\eclipse-jee-2023-03\eclipse\plugins\org.eclipse.m2e.maven.runtime_3.8.701.20230209-1606\jars\org.eclipse.sisu.plexus-0.3.5.jar
2023-10-06 10:10:55,849 [Worker-23: Launching mavenrun-c1492496-76c5-4b3d-a6ba-be395cb33e86] INFO  o.eclipse.m2e.core.internal.Bundles - 	Entry: C:\Users\rahulr\eclipse\eclipse-jee-2023-03\eclipse\plugins\org.eclipse.m2e.maven.runtime_3.8.701.20230209-1606\jars\plexus-build-api-0.0.7.jar
2023-10-06 10:10:55,849 [Worker-23: Launching mavenrun-c1492496-76c5-4b3d-a6ba-be395cb33e86] INFO  o.eclipse.m2e.core.internal.Bundles - 	Entry: C:\Users\rahulr\eclipse\eclipse-jee-2023-03\eclipse\plugins\org.eclipse.m2e.maven.runtime_3.8.701.20230209-1606\jars\plexus-cipher-2.0.jar
2023-10-06 10:10:55,849 [Worker-23: Launching mavenrun-c1492496-76c5-4b3d-a6ba-be395cb33e86] INFO  o.eclipse.m2e.core.internal.Bundles - 	Entry: C:\Users\rahulr\eclipse\eclipse-jee-2023-03\eclipse\plugins\org.eclipse.m2e.maven.runtime_3.8.701.20230209-1606\jars\plexus-classworlds-2.6.0.jar
2023-10-06 10:10:55,849 [Worker-23: Launching mavenrun-c1492496-76c5-4b3d-a6ba-be395cb33e86] INFO  o.eclipse.m2e.core.internal.Bundles - 	Entry: C:\Users\rahulr\eclipse\eclipse-jee-2023-03\eclipse\plugins\org.eclipse.m2e.maven.runtime_3.8.701.20230209-1606\jars\plexus-component-annotations-2.1.0.jar
2023-10-06 10:10:55,849 [Worker-23: Launching mavenrun-c1492496-76c5-4b3d-a6ba-be395cb33e86] INFO  o.eclipse.m2e.core.internal.Bundles - 	Entry: C:\Users\rahulr\eclipse\eclipse-jee-2023-03\eclipse\plugins\org.eclipse.m2e.maven.runtime_3.8.701.20230209-1606\jars\plexus-interpolation-1.26.jar
2023-10-06 10:10:55,849 [Worker-23: Launching mavenrun-c1492496-76c5-4b3d-a6ba-be395cb33e86] INFO  o.eclipse.m2e.core.internal.Bundles - 	Entry: C:\Users\rahulr\eclipse\eclipse-jee-2023-03\eclipse\plugins\org.eclipse.m2e.maven.runtime_3.8.701.20230209-1606\jars\plexus-sec-dispatcher-2.0.jar
2023-10-06 10:10:55,850 [Worker-23: Launching mavenrun-c1492496-76c5-4b3d-a6ba-be395cb33e86] INFO  o.eclipse.m2e.core.internal.Bundles - 	Entry: C:\Users\rahulr\eclipse\eclipse-jee-2023-03\eclipse\plugins\org.eclipse.m2e.maven.runtime_3.8.701.20230209-1606\jars\plexus-utils-3.3.1.jar
2023-10-06 10:10:55,850 [Worker-23: Launching mavenrun-c1492496-76c5-4b3d-a6ba-be395cb33e86] INFO  o.eclipse.m2e.core.internal.Bundles - 	Entry: C:\Users\rahulr\eclipse\eclipse-jee-2023-03\eclipse\plugins\org.eclipse.m2e.maven.runtime_3.8.701.20230209-1606\jars\wagon-file-3.5.3.jar
2023-10-06 10:10:55,850 [Worker-23: Launching mavenrun-c1492496-76c5-4b3d-a6ba-be395cb33e86] INFO  o.eclipse.m2e.core.internal.Bundles - 	Entry: C:\Users\rahulr\eclipse\eclipse-jee-2023-03\eclipse\plugins\org.eclipse.m2e.maven.runtime_3.8.701.20230209-1606\jars\wagon-provider-api-3.5.3.jar
2023-10-06 10:10:55,852 [Worker-23: Launching mavenrun-c1492496-76c5-4b3d-a6ba-be395cb33e86] INFO  o.eclipse.m2e.core.internal.Bundles - getClasspathEntries(Bundle=com.google.guava_31.1.0.jre [11])
2023-10-06 10:10:55,852 [Worker-23: Launching mavenrun-c1492496-76c5-4b3d-a6ba-be395cb33e86] INFO  o.eclipse.m2e.core.internal.Bundles - 	Entry: C:\Users\rahulr\eclipse\eclipse-jee-2023-03\eclipse\plugins\com.google.guava_31.1.0.jre.jar
2023-10-06 10:10:55,852 [Worker-23: Launching mavenrun-c1492496-76c5-4b3d-a6ba-be395cb33e86] INFO  o.eclipse.m2e.core.internal.Bundles - getClasspathEntries(Bundle=slf4j.api_1.7.36 [924])
2023-10-06 10:10:55,855 [Worker-23: Launching mavenrun-c1492496-76c5-4b3d-a6ba-be395cb33e86] INFO  o.eclipse.m2e.core.internal.Bundles - 	Entry: C:\Users\rahulr\eclipse\eclipse-jee-2023-03\eclipse\plugins\slf4j.api_1.7.36.jar
2023-10-06 10:10:55,855 [Worker-23: Launching mavenrun-c1492496-76c5-4b3d-a6ba-be395cb33e86] INFO  o.eclipse.m2e.core.internal.Bundles - getClasspathEntries(Bundle=javax.inject_1.0.0.v20220405-0441 [35])
2023-10-06 10:10:55,857 [Worker-23: Launching mavenrun-c1492496-76c5-4b3d-a6ba-be395cb33e86] INFO  o.eclipse.m2e.core.internal.Bundles - 	Entry: C:\Users\rahulr\eclipse\eclipse-jee-2023-03\eclipse\plugins\javax.inject_1.0.0.v20220405-0441.jar
2023-10-06 10:10:55,857 [Worker-23: Launching mavenrun-c1492496-76c5-4b3d-a6ba-be395cb33e86] INFO  o.eclipse.m2e.core.internal.Bundles - getClasspathEntries(Bundle=javax.annotation_1.3.5.v20221203-1659 [33])
2023-10-06 10:10:55,858 [Worker-23: Launching mavenrun-c1492496-76c5-4b3d-a6ba-be395cb33e86] INFO  o.eclipse.m2e.core.internal.Bundles - 	Entry: C:\Users\rahulr\eclipse\eclipse-jee-2023-03\eclipse\plugins\javax.annotation_1.3.5.v20221203-1659.jar
2023-10-06 10:10:55,858 [Worker-23: Launching mavenrun-c1492496-76c5-4b3d-a6ba-be395cb33e86] INFO  o.eclipse.m2e.core.internal.Bundles - getClasspathEntries(Bundle=org.apache.commons.cli_1.4.0.v20221112-0806 [67])
2023-10-06 10:10:55,859 [Worker-23: Launching mavenrun-c1492496-76c5-4b3d-a6ba-be395cb33e86] INFO  o.eclipse.m2e.core.internal.Bundles - 	Entry: C:\Users\rahulr\eclipse\eclipse-jee-2023-03\eclipse\plugins\org.apache.commons.cli_1.4.0.v20221112-0806.jar
2023-10-06 10:10:55,859 [Worker-23: Launching mavenrun-c1492496-76c5-4b3d-a6ba-be395cb33e86] INFO  o.eclipse.m2e.core.internal.Bundles - getClasspathEntries(Bundle=com.google.guava.failureaccess_1.0.1 [13])
2023-10-06 10:10:55,860 [Worker-23: Launching mavenrun-c1492496-76c5-4b3d-a6ba-be395cb33e86] INFO  o.eclipse.m2e.core.internal.Bundles - 	Entry: C:\Users\rahulr\eclipse\eclipse-jee-2023-03\eclipse\plugins\com.google.guava.failureaccess_1.0.1.jar
2023-10-06 10:10:55,867 [Worker-23: Launching mavenrun-c1492496-76c5-4b3d-a6ba-be395cb33e86] INFO  o.e.m.i.launch.MavenLaunchDelegate - Run build in "C:\Users\rahulr\AppData\Local\Temp\m2e-archetypeGenerator11232273107314343023":
2023-10-06 10:10:55,870 [Worker-23: Launching mavenrun-c1492496-76c5-4b3d-a6ba-be395cb33e86] INFO  o.e.m.i.launch.MavenLaunchDelegate -  mvn  -DarchetypeGroupId=org.glassfish.jersey.archetypes -DarchetypeArtifactId=jersey-quickstart-webapp -DarchetypeVersion=3.1.3 -DgroupId=infinite -DartifactId=LoginWithCustomError -Dversion=0.0.1-SNAPSHOT -Dpackage=com.java.login -DoutputDirectory="D:\eclipse-workspace\Day 29" -Dstyle.color=always -U archetype:generate
2023-10-06 10:11:10,778 [Worker-0: Creating jersey-quickstart-webapp] INFO  o.e.m.c.i.p.ProjectConfigurationManager - Collecting project info '/pom.xml' D:\eclipse-workspace\Day 29\LoginWithCustomError\pom.xml
2023-10-06 10:11:14,443 [Worker-0: Creating jersey-quickstart-webapp] INFO  o.e.m.c.i.l.LifecycleMappingFactory - Using org.maven.ide.eclipse.wtp.WarLifecycleMapping lifecycle mapping for MavenProject: infinite:LoginWithCustomError:0.0.1-SNAPSHOT @ D:\eclipse-workspace\Day 29\LoginWithCustomError\pom.xml.
2023-10-06 10:11:17,076 [Worker-0: Creating jersey-quickstart-webapp] INFO  o.e.m.j.i.AbstractJavaProjectConfigurator - Adding source folder /LoginWithCustomError/src/main/java
2023-10-06 10:11:17,077 [Worker-0: Creating jersey-quickstart-webapp] INFO  o.e.m.j.i.AbstractJavaProjectConfigurator - Adding resource folder /LoginWithCustomError/src/main/resources
2023-10-06 10:11:17,079 [Worker-0: Creating jersey-quickstart-webapp] INFO  o.e.m.j.i.AbstractJavaProjectConfigurator - Adding source folder /LoginWithCustomError/src/test/java
2023-10-06 10:11:18,555 [Worker-0: Creating jersey-quickstart-webapp] INFO  o.e.m.c.i.embedder.EclipseLogger - Using 'UTF-8' encoding to copy filtered resources.
2023-10-06 10:11:18,561 [Worker-0: Creating jersey-quickstart-webapp] INFO  o.e.m.c.i.embedder.EclipseLogger - Copying 0 resource
2023-10-06 10:11:18,564 [Worker-0: Creating jersey-quickstart-webapp] INFO  o.e.m.c.i.embedder.EclipseLogger - Using 'UTF-8' encoding to copy filtered resources.
2023-10-06 10:11:18,564 [Worker-0: Creating jersey-quickstart-webapp] INFO  o.e.m.c.i.embedder.EclipseLogger - skip non existing resourceDirectory D:\eclipse-workspace\Day 29\LoginWithCustomError\src\test\resources
2023-10-06 10:11:19,302 [Worker-0: Creating jersey-quickstart-webapp] INFO  o.e.m.c.i.p.ProjectConfigurationManager - Imported and configured 1 project(s) in 8 sec
2023-10-06 10:11:20,025 [Worker-27: Building] INFO  o.e.m.c.i.embedder.EclipseLogger - Using 'UTF-8' encoding to copy filtered resources.
2023-10-06 10:11:20,027 [Worker-27: Building] INFO  o.e.m.c.i.embedder.EclipseLogger - Copying 0 resource
2023-10-06 10:11:20,030 [Worker-27: Building] INFO  o.e.m.c.i.embedder.EclipseLogger - Using 'UTF-8' encoding to copy filtered resources.
2023-10-06 10:11:20,030 [Worker-27: Building] INFO  o.e.m.c.i.embedder.EclipseLogger - skip non existing resourceDirectory D:\eclipse-workspace\Day 29\LoginWithCustomError\src\test\resources
2023-10-06 10:11:48,408 [Worker-30: Building] INFO  o.e.m.c.i.l.LifecycleMappingFactory - Using org.maven.ide.eclipse.wtp.WarLifecycleMapping lifecycle mapping for MavenProject: infinite:LoginWithCustomError:0.0.1-SNAPSHOT @ D:\eclipse-workspace\Day 29\LoginWithCustomError\pom.xml.
2023-10-06 10:11:48,522 [Worker-30: Building] INFO  o.e.m.c.i.embedder.EclipseLogger - Using 'UTF-8' encoding to copy filtered resources.
2023-10-06 10:11:48,523 [Worker-30: Building] INFO  o.e.m.c.i.embedder.EclipseLogger - Copying 0 resource
2023-10-06 10:11:48,526 [Worker-30: Building] INFO  o.e.m.c.i.embedder.EclipseLogger - Using 'UTF-8' encoding to copy filtered resources.
2023-10-06 10:11:48,526 [Worker-30: Building] INFO  o.e.m.c.i.embedder.EclipseLogger - skip non existing resourceDirectory D:\eclipse-workspace\Day 29\LoginWithCustomError\src\test\resources
2023-10-06 10:11:48,526 [Worker-30: Building] INFO  o.e.m.w.i.f.ResourceFilteringBuildParticipant - Changed resources require a complete clean of filtered resources of LoginWithCustomError
2023-10-06 10:11:48,527 [Worker-30: Building] INFO  o.e.m.w.i.f.ResourceFilteringBuildParticipant - Executing resource filtering for LoginWithCustomError
2023-10-06 10:12:17,728 [Worker-24: Building] INFO  o.e.m.c.i.l.LifecycleMappingFactory - Using org.maven.ide.eclipse.wtp.WarLifecycleMapping lifecycle mapping for MavenProject: infinite:LoginWithCustomError:0.0.1-SNAPSHOT @ D:\eclipse-workspace\Day 29\LoginWithCustomError\pom.xml.
2023-10-06 10:12:17,842 [Worker-24: Building] INFO  o.e.m.c.i.embedder.EclipseLogger - Using 'UTF-8' encoding to copy filtered resources.
2023-10-06 10:12:17,843 [Worker-24: Building] INFO  o.e.m.c.i.embedder.EclipseLogger - Copying 0 resource
2023-10-06 10:12:17,845 [Worker-24: Building] INFO  o.e.m.c.i.embedder.EclipseLogger - Using 'UTF-8' encoding to copy filtered resources.
2023-10-06 10:12:17,845 [Worker-24: Building] INFO  o.e.m.c.i.embedder.EclipseLogger - skip non existing resourceDirectory D:\eclipse-workspace\Day 29\LoginWithCustomError\src\test\resources
2023-10-06 10:12:17,845 [Worker-24: Building] INFO  o.e.m.w.i.f.ResourceFilteringBuildParticipant - Changed resources require a complete clean of filtered resources of LoginWithCustomError
2023-10-06 10:12:17,845 [Worker-24: Building] INFO  o.e.m.w.i.f.ResourceFilteringBuildParticipant - Executing resource filtering for LoginWithCustomError
2023-10-06 10:13:09,219 [Worker-29: Building] INFO  o.e.m.c.i.embedder.EclipseLogger - Using 'UTF-8' encoding to copy filtered resources.
2023-10-06 10:13:09,219 [Worker-29: Building] INFO  o.e.m.c.i.embedder.EclipseLogger - Copying 0 resource
2023-10-06 10:13:09,221 [Worker-29: Building] INFO  o.e.m.c.i.embedder.EclipseLogger - Using 'UTF-8' encoding to copy filtered resources.
2023-10-06 10:13:09,221 [Worker-29: Building] INFO  o.e.m.c.i.embedder.EclipseLogger - skip non existing resourceDirectory D:\eclipse-workspace\Day 29\LoginWithCustomError\src\test\resources
2023-10-06 10:13:14,302 [Worker-0: Building] INFO  o.e.m.c.i.embedder.EclipseLogger - Using 'UTF-8' encoding to copy filtered resources.
2023-10-06 10:13:14,303 [Worker-0: Building] INFO  o.e.m.c.i.embedder.EclipseLogger - Copying 0 resource
2023-10-06 10:13:14,304 [Worker-0: Building] INFO  o.e.m.c.i.embedder.EclipseLogger - Using 'UTF-8' encoding to copy filtered resources.
2023-10-06 10:13:14,305 [Worker-0: Building] INFO  o.e.m.c.i.embedder.EclipseLogger - skip non existing resourceDirectory D:\eclipse-workspace\Day 29\LoginWithCustomError\src\test\resources
2023-10-06 10:13:53,872 [Worker-25: Building] INFO  o.e.m.c.i.embedder.EclipseLogger - Using 'UTF-8' encoding to copy filtered resources.
2023-10-06 10:13:53,872 [Worker-25: Building] INFO  o.e.m.c.i.embedder.EclipseLogger - Copying 0 resource
2023-10-06 10:13:53,874 [Worker-25: Building] INFO  o.e.m.c.i.embedder.EclipseLogger - Using 'UTF-8' encoding to copy filtered resources.
2023-10-06 10:13:53,874 [Worker-25: Building] INFO  o.e.m.c.i.embedder.EclipseLogger - skip non existing resourceDirectory D:\eclipse-workspace\Day 29\LoginWithCustomError\src\test\resources
2023-10-06 10:14:08,799 [Worker-27: Building] INFO  o.e.m.c.i.embedder.EclipseLogger - Using 'UTF-8' encoding to copy filtered resources.
2023-10-06 10:14:08,799 [Worker-27: Building] INFO  o.e.m.c.i.embedder.EclipseLogger - Copying 0 resource
2023-10-06 10:14:08,800 [Worker-27: Building] INFO  o.e.m.c.i.embedder.EclipseLogger - Using 'UTF-8' encoding to copy filtered resources.
2023-10-06 10:14:08,801 [Worker-27: Building] INFO  o.e.m.c.i.embedder.EclipseLogger - skip non existing resourceDirectory D:\eclipse-workspace\Day 29\LoginWithCustomError\src\test\resources
2023-10-06 10:14:54,400 [Worker-26: Building] INFO  o.e.m.c.i.embedder.EclipseLogger - Using 'UTF-8' encoding to copy filtered resources.
2023-10-06 10:14:54,404 [Worker-26: Building] INFO  o.e.m.c.i.embedder.EclipseLogger - Copying 0 resource
2023-10-06 10:14:54,406 [Worker-26: Building] INFO  o.e.m.c.i.embedder.EclipseLogger - Using 'UTF-8' encoding to copy filtered resources.
2023-10-06 10:14:54,406 [Worker-26: Building] INFO  o.e.m.c.i.embedder.EclipseLogger - skip non existing resourceDirectory D:\eclipse-workspace\Day 29\LoginWithCustomError\src\test\resources
2023-10-06 10:15:05,395 [Worker-0: Building] INFO  o.e.m.c.i.embedder.EclipseLogger - Using 'UTF-8' encoding to copy filtered resources.
2023-10-06 10:15:05,395 [Worker-0: Building] INFO  o.e.m.c.i.embedder.EclipseLogger - Copying 0 resource
2023-10-06 10:15:05,398 [Worker-0: Building] INFO  o.e.m.c.i.embedder.EclipseLogger - Using 'UTF-8' encoding to copy filtered resources.
2023-10-06 10:15:05,398 [Worker-0: Building] INFO  o.e.m.c.i.embedder.EclipseLogger - skip non existing resourceDirectory D:\eclipse-workspace\Day 29\LoginWithCustomError\src\test\resources
2023-10-06 10:15:35,216 [Worker-25: Building] INFO  o.e.m.c.i.embedder.EclipseLogger - Using 'UTF-8' encoding to copy filtered resources.
2023-10-06 10:15:35,217 [Worker-25: Building] INFO  o.e.m.c.i.embedder.EclipseLogger - Copying 0 resource
2023-10-06 10:15:35,219 [Worker-25: Building] INFO  o.e.m.c.i.embedder.EclipseLogger - Using 'UTF-8' encoding to copy filtered resources.
2023-10-06 10:15:35,219 [Worker-25: Building] INFO  o.e.m.c.i.embedder.EclipseLogger - skip non existing resourceDirectory D:\eclipse-workspace\Day 29\LoginWithCustomError\src\test\resources
2023-10-06 10:15:40,849 [Worker-28: Building] INFO  o.e.m.c.i.embedder.EclipseLogger - Using 'UTF-8' encoding to copy filtered resources.
2023-10-06 10:15:40,849 [Worker-28: Building] INFO  o.e.m.c.i.embedder.EclipseLogger - Copying 0 resource
2023-10-06 10:15:40,851 [Worker-28: Building] INFO  o.e.m.c.i.embedder.EclipseLogger - Using 'UTF-8' encoding to copy filtered resources.
2023-10-06 10:15:40,852 [Worker-28: Building] INFO  o.e.m.c.i.embedder.EclipseLogger - skip non existing resourceDirectory D:\eclipse-workspace\Day 29\LoginWithCustomError\src\test\resources
2023-10-06 10:16:05,789 [Worker-28: Building] INFO  o.e.m.c.i.embedder.EclipseLogger - Using 'UTF-8' encoding to copy filtered resources.
2023-10-06 10:16:05,790 [Worker-28: Building] INFO  o.e.m.c.i.embedder.EclipseLogger - Copying 0 resource
2023-10-06 10:16:05,791 [Worker-28: Building] INFO  o.e.m.c.i.embedder.EclipseLogger - Using 'UTF-8' encoding to copy filtered resources.
2023-10-06 10:16:05,791 [Worker-28: Building] INFO  o.e.m.c.i.embedder.EclipseLogger - skip non existing resourceDirectory D:\eclipse-workspace\Day 29\LoginWithCustomError\src\test\resources
2023-10-06 10:20:50,063 [Worker-24: Building] INFO  o.e.m.c.i.embedder.EclipseLogger - Using 'UTF-8' encoding to copy filtered resources.
2023-10-06 10:20:50,064 [Worker-24: Building] INFO  o.e.m.c.i.embedder.EclipseLogger - Copying 0 resource
2023-10-06 10:20:50,065 [Worker-24: Building] INFO  o.e.m.c.i.embedder.EclipseLogger - Using 'UTF-8' encoding to copy filtered resources.
2023-10-06 10:20:50,065 [Worker-24: Building] INFO  o.e.m.c.i.embedder.EclipseLogger - skip non existing resourceDirectory D:\eclipse-workspace\Day 29\LoginWithCustomError\src\test\resources
2023-10-06 10:24:29,414 [Worker-29: Building] INFO  o.e.m.c.i.embedder.EclipseLogger - Using 'UTF-8' encoding to copy filtered resources.
2023-10-06 10:24:29,414 [Worker-29: Building] INFO  o.e.m.c.i.embedder.EclipseLogger - Copying 0 resource
2023-10-06 10:24:29,415 [Worker-29: Building] INFO  o.e.m.c.i.embedder.EclipseLogger - Using 'UTF-8' encoding to copy filtered resources.
2023-10-06 10:24:29,415 [Worker-29: Building] INFO  o.e.m.c.i.embedder.EclipseLogger - skip non existing resourceDirectory D:\eclipse-workspace\Day 29\LoginWithCustomError\src\test\resources
2023-10-06 10:25:40,587 [Worker-24: Building] INFO  o.e.m.c.i.embedder.EclipseLogger - Using 'UTF-8' encoding to copy filtered resources.
2023-10-06 10:25:40,588 [Worker-24: Building] INFO  o.e.m.c.i.embedder.EclipseLogger - Copying 0 resource
2023-10-06 10:25:40,589 [Worker-24: Building] INFO  o.e.m.c.i.embedder.EclipseLogger - Using 'UTF-8' encoding to copy filtered resources.
2023-10-06 10:25:40,589 [Worker-24: Building] INFO  o.e.m.c.i.embedder.EclipseLogger - skip non existing resourceDirectory D:\eclipse-workspace\Day 29\LoginWithCustomError\src\test\resources
2023-10-06 10:26:05,828 [Worker-0: Building] INFO  o.e.m.c.i.embedder.EclipseLogger - Using 'UTF-8' encoding to copy filtered resources.
2023-10-06 10:26:05,828 [Worker-0: Building] INFO  o.e.m.c.i.embedder.EclipseLogger - Copying 0 resource
2023-10-06 10:26:05,829 [Worker-0: Building] INFO  o.e.m.c.i.embedder.EclipseLogger - Using 'UTF-8' encoding to copy filtered resources.
2023-10-06 10:26:05,830 [Worker-0: Building] INFO  o.e.m.c.i.embedder.EclipseLogger - skip non existing resourceDirectory D:\eclipse-workspace\Day 29\LoginWithCustomError\src\test\resources
2023-10-06 10:26:15,313 [Worker-25: Building] INFO  o.e.m.c.i.embedder.EclipseLogger - Using 'UTF-8' encoding to copy filtered resources.
2023-10-06 10:26:15,313 [Worker-25: Building] INFO  o.e.m.c.i.embedder.EclipseLogger - Copying 0 resource
2023-10-06 10:26:15,314 [Worker-25: Building] INFO  o.e.m.c.i.embedder.EclipseLogger - Using 'UTF-8' encoding to copy filtered resources.
2023-10-06 10:26:15,314 [Worker-25: Building] INFO  o.e.m.c.i.embedder.EclipseLogger - skip non existing resourceDirectory D:\eclipse-workspace\Day 29\LoginWithCustomError\src\test\resources
2023-10-06 10:26:28,222 [Worker-2: Building] INFO  o.e.m.c.i.embedder.EclipseLogger - Using 'UTF-8' encoding to copy filtered resources.
2023-10-06 10:26:28,222 [Worker-2: Building] INFO  o.e.m.c.i.embedder.EclipseLogger - Copying 0 resource
2023-10-06 10:26:28,225 [Worker-2: Building] INFO  o.e.m.c.i.embedder.EclipseLogger - Using 'UTF-8' encoding to copy filtered resources.
2023-10-06 10:26:28,225 [Worker-2: Building] INFO  o.e.m.c.i.embedder.EclipseLogger - skip non existing resourceDirectory D:\eclipse-workspace\Day 29\LoginWithCustomError\src\test\resources
2023-10-06 10:26:33,712 [Worker-27: Building] INFO  o.e.m.c.i.embedder.EclipseLogger - Using 'UTF-8' encoding to copy filtered resources.
2023-10-06 10:26:33,713 [Worker-27: Building] INFO  o.e.m.c.i.embedder.EclipseLogger - Copying 0 resource
2023-10-06 10:26:33,714 [Worker-27: Building] INFO  o.e.m.c.i.embedder.EclipseLogger - Using 'UTF-8' encoding to copy filtered resources.
2023-10-06 10:26:33,714 [Worker-27: Building] INFO  o.e.m.c.i.embedder.EclipseLogger - skip non existing resourceDirectory D:\eclipse-workspace\Day 29\LoginWithCustomError\src\test\resources
2023-10-06 10:27:31,269 [Worker-2: Building] INFO  o.e.m.c.i.embedder.EclipseLogger - Using 'UTF-8' encoding to copy filtered resources.
2023-10-06 10:27:31,269 [Worker-2: Building] INFO  o.e.m.c.i.embedder.EclipseLogger - Copying 0 resource
2023-10-06 10:27:31,270 [Worker-2: Building] INFO  o.e.m.c.i.embedder.EclipseLogger - Using 'UTF-8' encoding to copy filtered resources.
2023-10-06 10:27:31,270 [Worker-2: Building] INFO  o.e.m.c.i.embedder.EclipseLogger - skip non existing resourceDirectory D:\eclipse-workspace\Day 29\LoginWithCustomError\src\test\resources
2023-10-06 10:27:35,301 [Worker-28: Building] INFO  o.e.m.c.i.embedder.EclipseLogger - Using 'UTF-8' encoding to copy filtered resources.
2023-10-06 10:27:35,301 [Worker-28: Building] INFO  o.e.m.c.i.embedder.EclipseLogger - Copying 0 resource
2023-10-06 10:27:35,303 [Worker-28: Building] INFO  o.e.m.c.i.embedder.EclipseLogger - Using 'UTF-8' encoding to copy filtered resources.
2023-10-06 10:27:35,303 [Worker-28: Building] INFO  o.e.m.c.i.embedder.EclipseLogger - skip non existing resourceDirectory D:\eclipse-workspace\Day 29\LoginWithCustomError\src\test\resources
2023-10-06 10:28:07,023 [Worker-24: Building] INFO  o.e.m.c.i.embedder.EclipseLogger - Using 'UTF-8' encoding to copy filtered resources.
2023-10-06 10:28:07,023 [Worker-24: Building] INFO  o.e.m.c.i.embedder.EclipseLogger - Copying 0 resource
2023-10-06 10:28:07,024 [Worker-24: Building] INFO  o.e.m.c.i.embedder.EclipseLogger - Using 'UTF-8' encoding to copy filtered resources.
2023-10-06 10:28:07,024 [Worker-24: Building] INFO  o.e.m.c.i.embedder.EclipseLogger - skip non existing resourceDirectory D:\eclipse-workspace\Day 29\LoginWithCustomError\src\test\resources
2023-10-06 10:28:10,117 [Worker-25: Building] INFO  o.e.m.c.i.embedder.EclipseLogger - Using 'UTF-8' encoding to copy filtered resources.
2023-10-06 10:28:10,117 [Worker-25: Building] INFO  o.e.m.c.i.embedder.EclipseLogger - Copying 0 resource
2023-10-06 10:28:10,118 [Worker-25: Building] INFO  o.e.m.c.i.embedder.EclipseLogger - Using 'UTF-8' encoding to copy filtered resources.
2023-10-06 10:28:10,118 [Worker-25: Building] INFO  o.e.m.c.i.embedder.EclipseLogger - skip non existing resourceDirectory D:\eclipse-workspace\Day 29\LoginWithCustomError\src\test\resources
2023-10-06 10:28:25,350 [Worker-29: Building] INFO  o.e.m.c.i.embedder.EclipseLogger - Using 'UTF-8' encoding to copy filtered resources.
2023-10-06 10:28:25,350 [Worker-29: Building] INFO  o.e.m.c.i.embedder.EclipseLogger - Copying 0 resource
2023-10-06 10:28:25,351 [Worker-29: Building] INFO  o.e.m.c.i.embedder.EclipseLogger - Using 'UTF-8' encoding to copy filtered resources.
2023-10-06 10:28:25,351 [Worker-29: Building] INFO  o.e.m.c.i.embedder.EclipseLogger - skip non existing resourceDirectory D:\eclipse-workspace\Day 29\LoginWithCustomError\src\test\resources
2023-10-06 10:34:05,873 [Worker-34: Updating Maven Project] INFO  o.e.m.c.i.p.ProjectConfigurationManager - Update started
2023-10-06 10:34:07,801 [Worker-34: Updating Maven Project] INFO  o.e.m.c.i.l.LifecycleMappingFactory - Using org.maven.ide.eclipse.wtp.WarLifecycleMapping lifecycle mapping for MavenProject: infinite:LoginWithCustomError:0.0.1-SNAPSHOT @ D:\eclipse-workspace\Day 29\LoginWithCustomError\pom.xml.
2023-10-06 10:34:10,067 [Worker-34: Updating Maven Project] INFO  o.e.m.j.i.AbstractJavaProjectConfigurator - Adding source folder /LoginWithCustomError/src/main/java
2023-10-06 10:34:10,067 [Worker-34: Updating Maven Project] INFO  o.e.m.j.i.AbstractJavaProjectConfigurator - Adding resource folder /LoginWithCustomError/src/main/resources
2023-10-06 10:34:10,068 [Worker-34: Updating Maven Project] INFO  o.e.m.j.i.AbstractJavaProjectConfigurator - Adding source folder /LoginWithCustomError/src/test/java
2023-10-06 10:34:10,814 [Worker-34: Updating Maven Project] INFO  o.e.m.c.i.embedder.EclipseLogger - Using 'UTF-8' encoding to copy filtered resources.
2023-10-06 10:34:10,815 [Worker-34: Updating Maven Project] INFO  o.e.m.c.i.embedder.EclipseLogger - Copying 0 resource
2023-10-06 10:34:10,817 [Worker-34: Updating Maven Project] INFO  o.e.m.c.i.embedder.EclipseLogger - Using 'UTF-8' encoding to copy filtered resources.
2023-10-06 10:34:10,817 [Worker-34: Updating Maven Project] INFO  o.e.m.c.i.embedder.EclipseLogger - skip non existing resourceDirectory D:\eclipse-workspace\Day 29\LoginWithCustomError\src\test\resources
2023-10-06 10:34:10,817 [Worker-34: Updating Maven Project] INFO  o.e.m.w.i.f.ResourceFilteringBuildParticipant - Changed resources require a complete clean of filtered resources of LoginWithCustomError
2023-10-06 10:34:10,817 [Worker-34: Updating Maven Project] INFO  o.e.m.w.i.f.ResourceFilteringBuildParticipant - Executing resource filtering for LoginWithCustomError
2023-10-06 10:34:11,107 [Worker-34: Updating Maven Project] INFO  o.e.m.w.i.f.ResourceFilteringBuildParticipant - Cleaning filtered folder for LoginWithCustomError
2023-10-06 10:34:11,127 [Worker-34: Updating Maven Project] INFO  o.e.m.c.i.p.ProjectConfigurationManager - Update completed for 1 poms: local refresh takes 0.00 sec, refresh facades takes 3.00 sec, update config takes 1.00 sec 
2023-10-06 10:34:12,327 [Worker-32: Building] INFO  o.e.m.c.i.embedder.EclipseLogger - Using 'UTF-8' encoding to copy filtered resources.
2023-10-06 10:34:12,327 [Worker-32: Building] INFO  o.e.m.c.i.embedder.EclipseLogger - Copying 0 resource
2023-10-06 10:34:12,331 [Worker-32: Building] INFO  o.e.m.c.i.embedder.EclipseLogger - Using 'UTF-8' encoding to copy filtered resources.
2023-10-06 10:34:12,332 [Worker-32: Building] INFO  o.e.m.c.i.embedder.EclipseLogger - skip non existing resourceDirectory D:\eclipse-workspace\Day 29\LoginWithCustomError\src\test\resources
2023-10-06 10:35:56,617 [Worker-39: Building] INFO  o.e.m.c.i.l.LifecycleMappingFactory - Using org.maven.ide.eclipse.wtp.WarLifecycleMapping lifecycle mapping for MavenProject: infinite:LoginWithCustomError:0.0.1-SNAPSHOT @ D:\eclipse-workspace\Day 29\LoginWithCustomError\pom.xml.
2023-10-06 10:35:56,688 [Worker-39: Building] INFO  o.e.m.c.i.embedder.EclipseLogger - Using 'UTF-8' encoding to copy filtered resources.
2023-10-06 10:35:56,689 [Worker-39: Building] INFO  o.e.m.c.i.embedder.EclipseLogger - Copying 0 resource
2023-10-06 10:35:56,690 [Worker-39: Building] INFO  o.e.m.c.i.embedder.EclipseLogger - Using 'UTF-8' encoding to copy filtered resources.
2023-10-06 10:35:56,691 [Worker-39: Building] INFO  o.e.m.c.i.embedder.EclipseLogger - skip non existing resourceDirectory D:\eclipse-workspace\Day 29\LoginWithCustomError\src\test\resources
2023-10-06 10:35:56,691 [Worker-39: Building] INFO  o.e.m.w.i.f.ResourceFilteringBuildParticipant - Changed resources require a complete clean of filtered resources of LoginWithCustomError
2023-10-06 10:35:56,691 [Worker-39: Building] INFO  o.e.m.w.i.f.ResourceFilteringBuildParticipant - Executing resource filtering for LoginWithCustomError
2023-10-06 10:36:19,068 [Worker-41: Updating Maven Project] INFO  o.e.m.c.i.p.ProjectConfigurationManager - Update started
2023-10-06 10:36:19,207 [Worker-41: Updating Maven Project] INFO  o.e.m.c.i.l.LifecycleMappingFactory - Using org.maven.ide.eclipse.wtp.WarLifecycleMapping lifecycle mapping for MavenProject: infinite:LoginWithCustomError:0.0.1-SNAPSHOT @ D:\eclipse-workspace\Day 29\LoginWithCustomError\pom.xml.
2023-10-06 10:36:19,480 [Worker-41: Updating Maven Project] INFO  o.e.m.j.i.AbstractJavaProjectConfigurator - Adding source folder /LoginWithCustomError/src/main/java
2023-10-06 10:36:19,480 [Worker-41: Updating Maven Project] INFO  o.e.m.j.i.AbstractJavaProjectConfigurator - Adding resource folder /LoginWithCustomError/src/main/resources
2023-10-06 10:36:19,481 [Worker-41: Updating Maven Project] INFO  o.e.m.j.i.AbstractJavaProjectConfigurator - Adding source folder /LoginWithCustomError/src/test/java
2023-10-06 10:36:20,154 [Worker-41: Updating Maven Project] INFO  o.e.m.c.i.embedder.EclipseLogger - Using 'UTF-8' encoding to copy filtered resources.
2023-10-06 10:36:20,155 [Worker-41: Updating Maven Project] INFO  o.e.m.c.i.embedder.EclipseLogger - Copying 0 resource
2023-10-06 10:36:20,156 [Worker-41: Updating Maven Project] INFO  o.e.m.c.i.embedder.EclipseLogger - Using 'UTF-8' encoding to copy filtered resources.
2023-10-06 10:36:20,156 [Worker-41: Updating Maven Project] INFO  o.e.m.c.i.embedder.EclipseLogger - skip non existing resourceDirectory D:\eclipse-workspace\Day 29\LoginWithCustomError\src\test\resources
2023-10-06 10:36:20,157 [Worker-41: Updating Maven Project] INFO  o.e.m.w.i.f.ResourceFilteringBuildParticipant - Changed resources require a complete clean of filtered resources of LoginWithCustomError
2023-10-06 10:36:20,157 [Worker-41: Updating Maven Project] INFO  o.e.m.w.i.f.ResourceFilteringBuildParticipant - Executing resource filtering for LoginWithCustomError
2023-10-06 10:36:20,313 [Worker-41: Updating Maven Project] INFO  o.e.m.w.i.f.ResourceFilteringBuildParticipant - Cleaning filtered folder for LoginWithCustomError
2023-10-06 10:36:20,323 [Worker-41: Updating Maven Project] INFO  o.e.m.c.i.p.ProjectConfigurationManager - Update completed for 1 poms: local refresh takes 0.00 sec, refresh facades takes 0.00 sec, update config takes 0.00 sec 
2023-10-06 10:36:20,674 [Worker-39: Building] INFO  o.e.m.c.i.embedder.EclipseLogger - Using 'UTF-8' encoding to copy filtered resources.
2023-10-06 10:36:20,675 [Worker-39: Building] INFO  o.e.m.c.i.embedder.EclipseLogger - Copying 0 resource
2023-10-06 10:36:20,675 [Worker-39: Building] INFO  o.e.m.c.i.embedder.EclipseLogger - Using 'UTF-8' encoding to copy filtered resources.
2023-10-06 10:36:20,675 [Worker-39: Building] INFO  o.e.m.c.i.embedder.EclipseLogger - skip non existing resourceDirectory D:\eclipse-workspace\Day 29\LoginWithCustomError\src\test\resources
2023-10-06 10:36:20,676 [Worker-39: Building] INFO  o.e.m.w.i.f.ResourceFilteringBuildParticipant - Changed resources require a complete clean of filtered resources of LoginWithCustomError
2023-10-06 10:36:20,676 [Worker-39: Building] INFO  o.e.m.w.i.f.ResourceFilteringBuildParticipant - Executing resource filtering for LoginWithCustomError
2023-10-06 10:37:14,400 [Worker-37: Building] INFO  o.e.m.c.i.embedder.EclipseLogger - Using 'UTF-8' encoding to copy filtered resources.
2023-10-06 10:37:14,400 [Worker-37: Building] INFO  o.e.m.c.i.embedder.EclipseLogger - Copying 0 resource
2023-10-06 10:37:14,401 [Worker-37: Building] INFO  o.e.m.c.i.embedder.EclipseLogger - Using 'UTF-8' encoding to copy filtered resources.
2023-10-06 10:37:14,401 [Worker-37: Building] INFO  o.e.m.c.i.embedder.EclipseLogger - skip non existing resourceDirectory D:\eclipse-workspace\Day 29\LoginWithCustomError\src\test\resources
2023-10-06 10:40:11,535 [Worker-48: Building] INFO  o.e.m.c.i.embedder.EclipseLogger - Using 'UTF-8' encoding to copy filtered resources.
2023-10-06 10:40:11,535 [Worker-48: Building] INFO  o.e.m.c.i.embedder.EclipseLogger - Copying 0 resource
2023-10-06 10:40:11,537 [Worker-48: Building] INFO  o.e.m.c.i.embedder.EclipseLogger - Using 'UTF-8' encoding to copy filtered resources.
2023-10-06 10:40:11,537 [Worker-48: Building] INFO  o.e.m.c.i.embedder.EclipseLogger - skip non existing resourceDirectory D:\eclipse-workspace\Day 29\LoginWithCustomError\src\test\resources
2023-10-06 11:37:26,617 [Worker-53: Launching mavenrun-c3f54606-ff9a-4c66-8e6c-ea8cfadc05d6] INFO  o.e.m.i.launch.MavenLaunchDelegate - Run build in "C:\Users\rahulr\AppData\Local\Temp\m2e-archetypeGenerator9340586639398446968":
2023-10-06 11:37:26,617 [Worker-53: Launching mavenrun-c3f54606-ff9a-4c66-8e6c-ea8cfadc05d6] INFO  o.e.m.i.launch.MavenLaunchDelegate -  mvn  -DarchetypeGroupId=de.bripkens -DarchetypeArtifactId=java-quickstart -DarchetypeVersion=0.2.0 -DgroupId=infinite -DartifactId=RegularExp -Dversion=0.0.1-SNAPSHOT -Dpackage=com.java.regex -DoutputDirectory="D:\eclipse-workspace\Day 29" -B -Dstyle.color=always -U archetype:generate
2023-10-06 11:37:44,336 [Worker-44: Creating java-quickstart] INFO  o.e.m.c.i.p.ProjectConfigurationManager - Collecting project info '/pom.xml' D:\eclipse-workspace\Day 29\RegularExp\pom.xml
2023-10-06 11:37:49,213 [Worker-44: Creating java-quickstart] INFO  o.e.m.c.i.l.LifecycleMappingFactory - Using org.eclipse.m2e.jdt.JarLifecycleMapping lifecycle mapping for MavenProject: infinite:RegularExp:0.0.1-SNAPSHOT @ D:\eclipse-workspace\Day 29\RegularExp\pom.xml.
2023-10-06 11:37:49,712 [Worker-44: Creating java-quickstart] INFO  o.e.m.j.i.AbstractJavaProjectConfigurator - Adding source folder /RegularExp/src/main/java
2023-10-06 11:37:49,715 [Worker-44: Creating java-quickstart] INFO  o.e.m.j.i.AbstractJavaProjectConfigurator - Adding source folder /RegularExp/src/test/java
2023-10-06 11:37:50,251 [Worker-44: Creating java-quickstart] INFO  o.e.m.c.i.embedder.EclipseLogger - Using 'UTF-8' encoding to copy filtered resources.
2023-10-06 11:37:50,252 [Worker-44: Creating java-quickstart] INFO  o.e.m.c.i.embedder.EclipseLogger - skip non existing resourceDirectory D:\eclipse-workspace\Day 29\RegularExp\src\main\resources
2023-10-06 11:37:50,256 [Worker-44: Creating java-quickstart] INFO  o.e.m.c.i.embedder.EclipseLogger - Using 'UTF-8' encoding to copy filtered resources.
2023-10-06 11:37:50,257 [Worker-44: Creating java-quickstart] INFO  o.e.m.c.i.embedder.EclipseLogger - skip non existing resourceDirectory D:\eclipse-workspace\Day 29\RegularExp\src\test\resources
2023-10-06 11:37:50,395 [Worker-44: Creating java-quickstart] INFO  o.e.m.c.i.p.ProjectConfigurationManager - Imported and configured 1 project(s) in 6 sec
2023-10-06 11:38:09,878 [Worker-59: Building] INFO  o.e.m.c.i.embedder.EclipseLogger - Using 'UTF-8' encoding to copy filtered resources.
2023-10-06 11:38:09,878 [Worker-59: Building] INFO  o.e.m.c.i.embedder.EclipseLogger - skip non existing resourceDirectory D:\eclipse-workspace\Day 29\RegularExp\src\main\resources
2023-10-06 11:38:09,880 [Worker-59: Building] INFO  o.e.m.c.i.embedder.EclipseLogger - Using 'UTF-8' encoding to copy filtered resources.
2023-10-06 11:38:09,880 [Worker-59: Building] INFO  o.e.m.c.i.embedder.EclipseLogger - skip non existing resourceDirectory D:\eclipse-workspace\Day 29\RegularExp\src\test\resources
2023-10-06 11:39:17,775 [Worker-59: Building] INFO  o.e.m.c.i.embedder.EclipseLogger - Using 'UTF-8' encoding to copy filtered resources.
2023-10-06 11:39:17,776 [Worker-59: Building] INFO  o.e.m.c.i.embedder.EclipseLogger - skip non existing resourceDirectory D:\eclipse-workspace\Day 29\RegularExp\src\main\resources
2023-10-06 11:39:17,779 [Worker-59: Building] INFO  o.e.m.c.i.embedder.EclipseLogger - Using 'UTF-8' encoding to copy filtered resources.
2023-10-06 11:39:17,779 [Worker-59: Building] INFO  o.e.m.c.i.embedder.EclipseLogger - skip non existing resourceDirectory D:\eclipse-workspace\Day 29\RegularExp\src\test\resources
2023-10-06 12:11:19,884 [Worker-67: Building] INFO  o.e.m.c.i.embedder.EclipseLogger - Using 'UTF-8' encoding to copy filtered resources.
2023-10-06 12:11:19,884 [Worker-67: Building] INFO  o.e.m.c.i.embedder.EclipseLogger - skip non existing resourceDirectory D:\eclipse-workspace\Day 29\RegularExp\src\main\resources
2023-10-06 12:11:19,889 [Worker-67: Building] INFO  o.e.m.c.i.embedder.EclipseLogger - Using 'UTF-8' encoding to copy filtered resources.
2023-10-06 12:11:19,889 [Worker-67: Building] INFO  o.e.m.c.i.embedder.EclipseLogger - skip non existing resourceDirectory D:\eclipse-workspace\Day 29\RegularExp\src\test\resources
2023-10-06 15:29:13,748 [Worker-78: Building] INFO  o.e.m.c.i.embedder.EclipseLogger - Using 'UTF-8' encoding to copy filtered resources.
2023-10-06 15:29:13,749 [Worker-78: Building] INFO  o.e.m.c.i.embedder.EclipseLogger - skip non existing resourceDirectory D:\eclipse-workspace\Day 29\RegularExp\src\main\resources
2023-10-06 15:29:13,751 [Worker-78: Building] INFO  o.e.m.c.i.embedder.EclipseLogger - Using 'UTF-8' encoding to copy filtered resources.
2023-10-06 15:29:13,751 [Worker-78: Building] INFO  o.e.m.c.i.embedder.EclipseLogger - skip non existing resourceDirectory D:\eclipse-workspace\Day 29\RegularExp\src\test\resources
2023-10-06 17:45:11,066 [Worker-1: Loading available Gradle versions] INFO  o.e.b.c.i.u.g.PublishedGradleVersions - Gradle version information cache is up-to-date. Trying to read.
2023-10-07 12:23:36,625 [Worker-1: Loading available Gradle versions] INFO  o.e.b.c.i.u.g.PublishedGradleVersions - Gradle version information cache is out-of-date. Trying to update.
2023-10-07 12:24:46,355 [Worker-0: Building] INFO  o.e.m.c.i.embedder.EclipseLogger - Using 'UTF-8' encoding to copy filtered resources.
2023-10-07 12:24:46,360 [Worker-0: Building] INFO  o.e.m.c.i.embedder.EclipseLogger - Copying 0 resource
2023-10-07 12:24:46,365 [Worker-0: Building] INFO  o.e.m.c.i.embedder.EclipseLogger - Using 'UTF-8' encoding to copy filtered resources.
2023-10-07 12:24:46,365 [Worker-0: Building] INFO  o.e.m.c.i.embedder.EclipseLogger - skip non existing resourceDirectory D:\eclipse-workspace\Day 29\LoginWithCustomError\src\test\resources
2023-10-07 12:24:50,252 [Worker-6: Building] INFO  o.e.m.c.i.embedder.EclipseLogger - Using 'UTF-8' encoding to copy filtered resources.
2023-10-07 12:24:50,253 [Worker-6: Building] INFO  o.e.m.c.i.embedder.EclipseLogger - skip non existing resourceDirectory D:\eclipse-workspace\Day 29\RegularExp\src\main\resources
2023-10-07 12:24:50,255 [Worker-6: Building] INFO  o.e.m.c.i.embedder.EclipseLogger - Using 'UTF-8' encoding to copy filtered resources.
2023-10-07 12:24:50,255 [Worker-6: Building] INFO  o.e.m.c.i.embedder.EclipseLogger - skip non existing resourceDirectory D:\eclipse-workspace\Day 29\RegularExp\src\test\resources
2023-10-07 19:22:07,849 [Worker-2: Loading available Gradle versions] INFO  o.e.b.c.i.u.g.PublishedGradleVersions - Gradle version information cache is up-to-date. Trying to read.
