2023-10-16 11:24:32,264 [Worker-1: Loading available Gradle versions] INFO  o.e.b.c.i.u.g.PublishedGradleVersions - Gradle version information cache is up-to-date. Trying to read.
2023-10-16 11:26:04,751 [Worker-0: Importing Maven projects] INFO  o.e.m.c.i.l.LifecycleMappingFactory - Using org.maven.ide.eclipse.wtp.WarLifecycleMapping lifecycle mapping for MavenProject: inf:JsfDemos:0.0.1-SNAPSHOT @ D:\eclipse-workspace\Day 37\1\JsfEjbClientWeb\pom.xml.
2023-10-16 11:26:09,084 [Worker-0: Importing Maven projects] INFO  o.e.m.c.i.embedder.EclipseLogger - Using 'UTF-8' encoding to copy filtered resources.
2023-10-16 11:26:09,087 [Worker-0: Importing Maven projects] INFO  o.e.m.c.i.embedder.EclipseLogger - Copying 0 resource
2023-10-16 11:26:09,090 [Worker-0: Importing Maven projects] INFO  o.e.m.c.i.embedder.EclipseLogger - Using 'UTF-8' encoding to copy filtered resources.
2023-10-16 11:26:09,090 [Worker-0: Importing Maven projects] INFO  o.e.m.c.i.embedder.EclipseLogger - skip non existing resourceDirectory D:\eclipse-workspace\Day 37\1\JsfEjbClientWeb\src\test\resources
2023-10-16 11:26:10,293 [Worker-0: Importing Maven projects] INFO  o.e.m.j.i.AbstractJavaProjectConfigurator - Adding source folder /JsfEjbClientWeb/src/main/java
2023-10-16 11:26:10,294 [Worker-0: Importing Maven projects] INFO  o.e.m.j.i.AbstractJavaProjectConfigurator - Adding resource folder /JsfEjbClientWeb/src/main/resources
2023-10-16 11:26:10,294 [Worker-0: Importing Maven projects] INFO  o.e.m.j.i.AbstractJavaProjectConfigurator - Adding source folder /JsfEjbClientWeb/src/test/java
2023-10-16 11:26:15,421 [Worker-0: Importing Maven projects] INFO  o.e.m.c.i.embedder.EclipseLogger - Using 'UTF-8' encoding to copy filtered resources.
2023-10-16 11:26:15,424 [Worker-0: Importing Maven projects] INFO  o.e.m.c.i.embedder.EclipseLogger - Copying 0 resource
2023-10-16 11:26:15,428 [Worker-0: Importing Maven projects] INFO  o.e.m.c.i.embedder.EclipseLogger - Using 'UTF-8' encoding to copy filtered resources.
2023-10-16 11:26:15,429 [Worker-0: Importing Maven projects] INFO  o.e.m.c.i.embedder.EclipseLogger - skip non existing resourceDirectory D:\eclipse-workspace\Day 37\1\JsfEjbClientWeb\src\test\resources
2023-10-16 11:26:15,431 [Worker-0: Importing Maven projects] INFO  o.e.m.w.i.f.ResourceFilteringBuildParticipant - Changed resources require a complete clean of filtered resources of JsfEjbClientWeb
2023-10-16 11:26:15,432 [Worker-0: Importing Maven projects] INFO  o.e.m.w.i.f.ResourceFilteringBuildParticipant - Executing resource filtering for JsfEjbClientWeb
2023-10-16 11:26:15,642 [Worker-0: Importing Maven projects] INFO  o.e.m.c.i.p.ProjectConfigurationManager - Imported and configured 1 project(s) in 13 sec
2023-10-16 11:29:26,941 [Worker-1: Loading available Gradle versions] INFO  o.e.b.c.i.u.g.PublishedGradleVersions - Gradle version information cache is up-to-date. Trying to read.
2023-10-16 11:37:35,739 [Worker-22: Launching mavenrun-28ea7051-82dd-4c96-b5ff-0c67ee80f41b] INFO  o.eclipse.m2e.core.internal.Bundles - getClasspathEntries(Bundle=org.eclipse.m2e.maven.runtime_3.8.701.20230209-1606 [610])
2023-10-16 11:37:35,745 [Worker-22: Launching mavenrun-28ea7051-82dd-4c96-b5ff-0c67ee80f41b] INFO  o.eclipse.m2e.core.internal.Bundles - 	Entry: C:\Users\rahulr\eclipse\eclipse-jee-2023-03\eclipse\plugins\org.eclipse.m2e.maven.runtime_3.8.701.20230209-1606
2023-10-16 11:37:35,745 [Worker-22: Launching mavenrun-28ea7051-82dd-4c96-b5ff-0c67ee80f41b] INFO  o.eclipse.m2e.core.internal.Bundles - 	Entry: C:\Users\rahulr\eclipse\eclipse-jee-2023-03\eclipse\plugins\org.eclipse.m2e.maven.runtime_3.8.701.20230209-1606\jars\aether-connector-okhttp-0.17.8.jar
2023-10-16 11:37:35,745 [Worker-22: Launching mavenrun-28ea7051-82dd-4c96-b5ff-0c67ee80f41b] INFO  o.eclipse.m2e.core.internal.Bundles - 	Entry: C:\Users\rahulr\eclipse\eclipse-jee-2023-03\eclipse\plugins\org.eclipse.m2e.maven.runtime_3.8.701.20230209-1606\jars\commons-lang3-3.8.1.jar
2023-10-16 11:37:35,745 [Worker-22: Launching mavenrun-28ea7051-82dd-4c96-b5ff-0c67ee80f41b] INFO  o.eclipse.m2e.core.internal.Bundles - 	Entry: C:\Users\rahulr\eclipse\eclipse-jee-2023-03\eclipse\plugins\org.eclipse.m2e.maven.runtime_3.8.701.20230209-1606\jars\guice-4.2.2-no_aop.jar
2023-10-16 11:37:35,746 [Worker-22: Launching mavenrun-28ea7051-82dd-4c96-b5ff-0c67ee80f41b] INFO  o.eclipse.m2e.core.internal.Bundles - 	Entry: C:\Users\rahulr\eclipse\eclipse-jee-2023-03\eclipse\plugins\org.eclipse.m2e.maven.runtime_3.8.701.20230209-1606\jars\jansi-2.4.0.jar
2023-10-16 11:37:35,746 [Worker-22: Launching mavenrun-28ea7051-82dd-4c96-b5ff-0c67ee80f41b] INFO  o.eclipse.m2e.core.internal.Bundles - 	Entry: C:\Users\rahulr\eclipse\eclipse-jee-2023-03\eclipse\plugins\org.eclipse.m2e.maven.runtime_3.8.701.20230209-1606\jars\maven-artifact-3.8.7.jar
2023-10-16 11:37:35,746 [Worker-22: Launching mavenrun-28ea7051-82dd-4c96-b5ff-0c67ee80f41b] INFO  o.eclipse.m2e.core.internal.Bundles - 	Entry: C:\Users\rahulr\eclipse\eclipse-jee-2023-03\eclipse\plugins\org.eclipse.m2e.maven.runtime_3.8.701.20230209-1606\jars\maven-builder-support-3.8.7.jar
2023-10-16 11:37:35,746 [Worker-22: Launching mavenrun-28ea7051-82dd-4c96-b5ff-0c67ee80f41b] INFO  o.eclipse.m2e.core.internal.Bundles - 	Entry: C:\Users\rahulr\eclipse\eclipse-jee-2023-03\eclipse\plugins\org.eclipse.m2e.maven.runtime_3.8.701.20230209-1606\jars\maven-compat-3.8.7.jar
2023-10-16 11:37:35,746 [Worker-22: Launching mavenrun-28ea7051-82dd-4c96-b5ff-0c67ee80f41b] INFO  o.eclipse.m2e.core.internal.Bundles - 	Entry: C:\Users\rahulr\eclipse\eclipse-jee-2023-03\eclipse\plugins\org.eclipse.m2e.maven.runtime_3.8.701.20230209-1606\jars\maven-core-3.8.7.jar
2023-10-16 11:37:35,746 [Worker-22: Launching mavenrun-28ea7051-82dd-4c96-b5ff-0c67ee80f41b] INFO  o.eclipse.m2e.core.internal.Bundles - 	Entry: C:\Users\rahulr\eclipse\eclipse-jee-2023-03\eclipse\plugins\org.eclipse.m2e.maven.runtime_3.8.701.20230209-1606\jars\maven-embedder-3.8.7.jar
2023-10-16 11:37:35,747 [Worker-22: Launching mavenrun-28ea7051-82dd-4c96-b5ff-0c67ee80f41b] INFO  o.eclipse.m2e.core.internal.Bundles - 	Entry: C:\Users\rahulr\eclipse\eclipse-jee-2023-03\eclipse\plugins\org.eclipse.m2e.maven.runtime_3.8.701.20230209-1606\jars\maven-model-3.8.7.jar
2023-10-16 11:37:35,747 [Worker-22: Launching mavenrun-28ea7051-82dd-4c96-b5ff-0c67ee80f41b] INFO  o.eclipse.m2e.core.internal.Bundles - 	Entry: C:\Users\rahulr\eclipse\eclipse-jee-2023-03\eclipse\plugins\org.eclipse.m2e.maven.runtime_3.8.701.20230209-1606\jars\maven-model-builder-3.8.7.jar
2023-10-16 11:37:35,747 [Worker-22: Launching mavenrun-28ea7051-82dd-4c96-b5ff-0c67ee80f41b] INFO  o.eclipse.m2e.core.internal.Bundles - 	Entry: C:\Users\rahulr\eclipse\eclipse-jee-2023-03\eclipse\plugins\org.eclipse.m2e.maven.runtime_3.8.701.20230209-1606\jars\maven-plugin-api-3.8.7.jar
2023-10-16 11:37:35,747 [Worker-22: Launching mavenrun-28ea7051-82dd-4c96-b5ff-0c67ee80f41b] INFO  o.eclipse.m2e.core.internal.Bundles - 	Entry: C:\Users\rahulr\eclipse\eclipse-jee-2023-03\eclipse\plugins\org.eclipse.m2e.maven.runtime_3.8.701.20230209-1606\jars\maven-repository-metadata-3.8.7.jar
2023-10-16 11:37:35,747 [Worker-22: Launching mavenrun-28ea7051-82dd-4c96-b5ff-0c67ee80f41b] INFO  o.eclipse.m2e.core.internal.Bundles - 	Entry: C:\Users\rahulr\eclipse\eclipse-jee-2023-03\eclipse\plugins\org.eclipse.m2e.maven.runtime_3.8.701.20230209-1606\jars\maven-resolver-api-1.6.3.jar
2023-10-16 11:37:35,747 [Worker-22: Launching mavenrun-28ea7051-82dd-4c96-b5ff-0c67ee80f41b] INFO  o.eclipse.m2e.core.internal.Bundles - 	Entry: C:\Users\rahulr\eclipse\eclipse-jee-2023-03\eclipse\plugins\org.eclipse.m2e.maven.runtime_3.8.701.20230209-1606\jars\maven-resolver-connector-basic-1.6.3.jar
2023-10-16 11:37:35,747 [Worker-22: Launching mavenrun-28ea7051-82dd-4c96-b5ff-0c67ee80f41b] INFO  o.eclipse.m2e.core.internal.Bundles - 	Entry: C:\Users\rahulr\eclipse\eclipse-jee-2023-03\eclipse\plugins\org.eclipse.m2e.maven.runtime_3.8.701.20230209-1606\jars\maven-resolver-impl-1.6.3.jar
2023-10-16 11:37:35,748 [Worker-22: Launching mavenrun-28ea7051-82dd-4c96-b5ff-0c67ee80f41b] INFO  o.eclipse.m2e.core.internal.Bundles - 	Entry: C:\Users\rahulr\eclipse\eclipse-jee-2023-03\eclipse\plugins\org.eclipse.m2e.maven.runtime_3.8.701.20230209-1606\jars\maven-resolver-provider-3.8.7.jar
2023-10-16 11:37:35,748 [Worker-22: Launching mavenrun-28ea7051-82dd-4c96-b5ff-0c67ee80f41b] INFO  o.eclipse.m2e.core.internal.Bundles - 	Entry: C:\Users\rahulr\eclipse\eclipse-jee-2023-03\eclipse\plugins\org.eclipse.m2e.maven.runtime_3.8.701.20230209-1606\jars\maven-resolver-spi-1.6.3.jar
2023-10-16 11:37:35,748 [Worker-22: Launching mavenrun-28ea7051-82dd-4c96-b5ff-0c67ee80f41b] INFO  o.eclipse.m2e.core.internal.Bundles - 	Entry: C:\Users\rahulr\eclipse\eclipse-jee-2023-03\eclipse\plugins\org.eclipse.m2e.maven.runtime_3.8.701.20230209-1606\jars\maven-resolver-transport-wagon-1.6.3.jar
2023-10-16 11:37:35,748 [Worker-22: Launching mavenrun-28ea7051-82dd-4c96-b5ff-0c67ee80f41b] INFO  o.eclipse.m2e.core.internal.Bundles - 	Entry: C:\Users\rahulr\eclipse\eclipse-jee-2023-03\eclipse\plugins\org.eclipse.m2e.maven.runtime_3.8.701.20230209-1606\jars\maven-resolver-util-1.6.3.jar
2023-10-16 11:37:35,748 [Worker-22: Launching mavenrun-28ea7051-82dd-4c96-b5ff-0c67ee80f41b] INFO  o.eclipse.m2e.core.internal.Bundles - 	Entry: C:\Users\rahulr\eclipse\eclipse-jee-2023-03\eclipse\plugins\org.eclipse.m2e.maven.runtime_3.8.701.20230209-1606\jars\maven-settings-3.8.7.jar
2023-10-16 11:37:35,748 [Worker-22: Launching mavenrun-28ea7051-82dd-4c96-b5ff-0c67ee80f41b] INFO  o.eclipse.m2e.core.internal.Bundles - 	Entry: C:\Users\rahulr\eclipse\eclipse-jee-2023-03\eclipse\plugins\org.eclipse.m2e.maven.runtime_3.8.701.20230209-1606\jars\maven-settings-builder-3.8.7.jar
2023-10-16 11:37:35,748 [Worker-22: Launching mavenrun-28ea7051-82dd-4c96-b5ff-0c67ee80f41b] INFO  o.eclipse.m2e.core.internal.Bundles - 	Entry: C:\Users\rahulr\eclipse\eclipse-jee-2023-03\eclipse\plugins\org.eclipse.m2e.maven.runtime_3.8.701.20230209-1606\jars\maven-shared-utils-3.3.4.jar
2023-10-16 11:37:35,749 [Worker-22: Launching mavenrun-28ea7051-82dd-4c96-b5ff-0c67ee80f41b] INFO  o.eclipse.m2e.core.internal.Bundles - 	Entry: C:\Users\rahulr\eclipse\eclipse-jee-2023-03\eclipse\plugins\org.eclipse.m2e.maven.runtime_3.8.701.20230209-1606\jars\okhttp-3.14.1.jar
2023-10-16 11:37:35,749 [Worker-22: Launching mavenrun-28ea7051-82dd-4c96-b5ff-0c67ee80f41b] INFO  o.eclipse.m2e.core.internal.Bundles - 	Entry: C:\Users\rahulr\eclipse\eclipse-jee-2023-03\eclipse\plugins\org.eclipse.m2e.maven.runtime_3.8.701.20230209-1606\jars\okio-1.17.3.jar
2023-10-16 11:37:35,749 [Worker-22: Launching mavenrun-28ea7051-82dd-4c96-b5ff-0c67ee80f41b] INFO  o.eclipse.m2e.core.internal.Bundles - 	Entry: C:\Users\rahulr\eclipse\eclipse-jee-2023-03\eclipse\plugins\org.eclipse.m2e.maven.runtime_3.8.701.20230209-1606\jars\org.eclipse.sisu.inject-0.3.5.jar
2023-10-16 11:37:35,749 [Worker-22: Launching mavenrun-28ea7051-82dd-4c96-b5ff-0c67ee80f41b] INFO  o.eclipse.m2e.core.internal.Bundles - 	Entry: C:\Users\rahulr\eclipse\eclipse-jee-2023-03\eclipse\plugins\org.eclipse.m2e.maven.runtime_3.8.701.20230209-1606\jars\org.eclipse.sisu.plexus-0.3.5.jar
2023-10-16 11:37:35,749 [Worker-22: Launching mavenrun-28ea7051-82dd-4c96-b5ff-0c67ee80f41b] INFO  o.eclipse.m2e.core.internal.Bundles - 	Entry: C:\Users\rahulr\eclipse\eclipse-jee-2023-03\eclipse\plugins\org.eclipse.m2e.maven.runtime_3.8.701.20230209-1606\jars\plexus-build-api-0.0.7.jar
2023-10-16 11:37:35,749 [Worker-22: Launching mavenrun-28ea7051-82dd-4c96-b5ff-0c67ee80f41b] INFO  o.eclipse.m2e.core.internal.Bundles - 	Entry: C:\Users\rahulr\eclipse\eclipse-jee-2023-03\eclipse\plugins\org.eclipse.m2e.maven.runtime_3.8.701.20230209-1606\jars\plexus-cipher-2.0.jar
2023-10-16 11:37:35,749 [Worker-22: Launching mavenrun-28ea7051-82dd-4c96-b5ff-0c67ee80f41b] INFO  o.eclipse.m2e.core.internal.Bundles - 	Entry: C:\Users\rahulr\eclipse\eclipse-jee-2023-03\eclipse\plugins\org.eclipse.m2e.maven.runtime_3.8.701.20230209-1606\jars\plexus-classworlds-2.6.0.jar
2023-10-16 11:37:35,750 [Worker-22: Launching mavenrun-28ea7051-82dd-4c96-b5ff-0c67ee80f41b] INFO  o.eclipse.m2e.core.internal.Bundles - 	Entry: C:\Users\rahulr\eclipse\eclipse-jee-2023-03\eclipse\plugins\org.eclipse.m2e.maven.runtime_3.8.701.20230209-1606\jars\plexus-component-annotations-2.1.0.jar
2023-10-16 11:37:35,750 [Worker-22: Launching mavenrun-28ea7051-82dd-4c96-b5ff-0c67ee80f41b] INFO  o.eclipse.m2e.core.internal.Bundles - 	Entry: C:\Users\rahulr\eclipse\eclipse-jee-2023-03\eclipse\plugins\org.eclipse.m2e.maven.runtime_3.8.701.20230209-1606\jars\plexus-interpolation-1.26.jar
2023-10-16 11:37:35,750 [Worker-22: Launching mavenrun-28ea7051-82dd-4c96-b5ff-0c67ee80f41b] INFO  o.eclipse.m2e.core.internal.Bundles - 	Entry: C:\Users\rahulr\eclipse\eclipse-jee-2023-03\eclipse\plugins\org.eclipse.m2e.maven.runtime_3.8.701.20230209-1606\jars\plexus-sec-dispatcher-2.0.jar
2023-10-16 11:37:35,750 [Worker-22: Launching mavenrun-28ea7051-82dd-4c96-b5ff-0c67ee80f41b] INFO  o.eclipse.m2e.core.internal.Bundles - 	Entry: C:\Users\rahulr\eclipse\eclipse-jee-2023-03\eclipse\plugins\org.eclipse.m2e.maven.runtime_3.8.701.20230209-1606\jars\plexus-utils-3.3.1.jar
2023-10-16 11:37:35,750 [Worker-22: Launching mavenrun-28ea7051-82dd-4c96-b5ff-0c67ee80f41b] INFO  o.eclipse.m2e.core.internal.Bundles - 	Entry: C:\Users\rahulr\eclipse\eclipse-jee-2023-03\eclipse\plugins\org.eclipse.m2e.maven.runtime_3.8.701.20230209-1606\jars\wagon-file-3.5.3.jar
2023-10-16 11:37:35,750 [Worker-22: Launching mavenrun-28ea7051-82dd-4c96-b5ff-0c67ee80f41b] INFO  o.eclipse.m2e.core.internal.Bundles - 	Entry: C:\Users\rahulr\eclipse\eclipse-jee-2023-03\eclipse\plugins\org.eclipse.m2e.maven.runtime_3.8.701.20230209-1606\jars\wagon-provider-api-3.5.3.jar
2023-10-16 11:37:35,751 [Worker-22: Launching mavenrun-28ea7051-82dd-4c96-b5ff-0c67ee80f41b] INFO  o.eclipse.m2e.core.internal.Bundles - getClasspathEntries(Bundle=com.google.guava_31.1.0.jre [11])
2023-10-16 11:37:35,752 [Worker-22: Launching mavenrun-28ea7051-82dd-4c96-b5ff-0c67ee80f41b] INFO  o.eclipse.m2e.core.internal.Bundles - 	Entry: C:\Users\rahulr\eclipse\eclipse-jee-2023-03\eclipse\plugins\com.google.guava_31.1.0.jre.jar
2023-10-16 11:37:35,752 [Worker-22: Launching mavenrun-28ea7051-82dd-4c96-b5ff-0c67ee80f41b] INFO  o.eclipse.m2e.core.internal.Bundles - getClasspathEntries(Bundle=slf4j.api_1.7.36 [924])
2023-10-16 11:37:35,753 [Worker-22: Launching mavenrun-28ea7051-82dd-4c96-b5ff-0c67ee80f41b] INFO  o.eclipse.m2e.core.internal.Bundles - 	Entry: C:\Users\rahulr\eclipse\eclipse-jee-2023-03\eclipse\plugins\slf4j.api_1.7.36.jar
2023-10-16 11:37:35,753 [Worker-22: Launching mavenrun-28ea7051-82dd-4c96-b5ff-0c67ee80f41b] INFO  o.eclipse.m2e.core.internal.Bundles - getClasspathEntries(Bundle=javax.inject_1.0.0.v20220405-0441 [35])
2023-10-16 11:37:35,754 [Worker-22: Launching mavenrun-28ea7051-82dd-4c96-b5ff-0c67ee80f41b] INFO  o.eclipse.m2e.core.internal.Bundles - 	Entry: C:\Users\rahulr\eclipse\eclipse-jee-2023-03\eclipse\plugins\javax.inject_1.0.0.v20220405-0441.jar
2023-10-16 11:37:35,754 [Worker-22: Launching mavenrun-28ea7051-82dd-4c96-b5ff-0c67ee80f41b] INFO  o.eclipse.m2e.core.internal.Bundles - getClasspathEntries(Bundle=javax.annotation_1.3.5.v20221203-1659 [33])
2023-10-16 11:37:35,756 [Worker-22: Launching mavenrun-28ea7051-82dd-4c96-b5ff-0c67ee80f41b] INFO  o.eclipse.m2e.core.internal.Bundles - 	Entry: C:\Users\rahulr\eclipse\eclipse-jee-2023-03\eclipse\plugins\javax.annotation_1.3.5.v20221203-1659.jar
2023-10-16 11:37:35,756 [Worker-22: Launching mavenrun-28ea7051-82dd-4c96-b5ff-0c67ee80f41b] INFO  o.eclipse.m2e.core.internal.Bundles - getClasspathEntries(Bundle=org.apache.commons.cli_1.4.0.v20221112-0806 [67])
2023-10-16 11:37:35,757 [Worker-22: Launching mavenrun-28ea7051-82dd-4c96-b5ff-0c67ee80f41b] INFO  o.eclipse.m2e.core.internal.Bundles - 	Entry: C:\Users\rahulr\eclipse\eclipse-jee-2023-03\eclipse\plugins\org.apache.commons.cli_1.4.0.v20221112-0806.jar
2023-10-16 11:37:35,757 [Worker-22: Launching mavenrun-28ea7051-82dd-4c96-b5ff-0c67ee80f41b] INFO  o.eclipse.m2e.core.internal.Bundles - getClasspathEntries(Bundle=com.google.guava.failureaccess_1.0.1 [13])
2023-10-16 11:37:35,758 [Worker-22: Launching mavenrun-28ea7051-82dd-4c96-b5ff-0c67ee80f41b] INFO  o.eclipse.m2e.core.internal.Bundles - 	Entry: C:\Users\rahulr\eclipse\eclipse-jee-2023-03\eclipse\plugins\com.google.guava.failureaccess_1.0.1.jar
2023-10-16 11:37:35,763 [Worker-22: Launching mavenrun-28ea7051-82dd-4c96-b5ff-0c67ee80f41b] INFO  o.e.m.i.launch.MavenLaunchDelegate - Run build in "C:\Users\rahulr\AppData\Local\Temp\m2e-archetypeGenerator6949652161904655979":
2023-10-16 11:37:35,766 [Worker-22: Launching mavenrun-28ea7051-82dd-4c96-b5ff-0c67ee80f41b] INFO  o.e.m.i.launch.MavenLaunchDelegate -  mvn  -DarchetypeGroupId=org.glassfish.jersey.archetypes -DarchetypeArtifactId=jersey-quickstart-webapp -DarchetypeVersion=3.1.3 -DgroupId=infinite -DartifactId=CalculatorClient -Dversion=0.0.1-SNAPSHOT -Dpackage=com.java.jsf -DoutputDirectory="D:\eclipse-workspace\Day 37\1" -Dstyle.color=always -U archetype:generate
2023-10-16 11:37:51,801 [Worker-23: Creating jersey-quickstart-webapp] INFO  o.e.m.c.i.p.ProjectConfigurationManager - Collecting project info '/pom.xml' D:\eclipse-workspace\Day 37\1\CalculatorClient\pom.xml
2023-10-16 11:37:55,125 [Worker-23: Creating jersey-quickstart-webapp] INFO  o.e.m.c.i.l.LifecycleMappingFactory - Using org.maven.ide.eclipse.wtp.WarLifecycleMapping lifecycle mapping for MavenProject: infinite:CalculatorClient:0.0.1-SNAPSHOT @ D:\eclipse-workspace\Day 37\1\CalculatorClient\pom.xml.
2023-10-16 11:37:58,059 [Worker-23: Creating jersey-quickstart-webapp] INFO  o.e.m.j.i.AbstractJavaProjectConfigurator - Adding source folder /CalculatorClient/src/main/java
2023-10-16 11:37:58,059 [Worker-23: Creating jersey-quickstart-webapp] INFO  o.e.m.j.i.AbstractJavaProjectConfigurator - Adding resource folder /CalculatorClient/src/main/resources
2023-10-16 11:37:58,061 [Worker-23: Creating jersey-quickstart-webapp] INFO  o.e.m.j.i.AbstractJavaProjectConfigurator - Adding source folder /CalculatorClient/src/test/java
2023-10-16 11:37:59,063 [Worker-23: Creating jersey-quickstart-webapp] INFO  o.e.m.c.i.embedder.EclipseLogger - Using 'UTF-8' encoding to copy filtered resources.
2023-10-16 11:37:59,065 [Worker-23: Creating jersey-quickstart-webapp] INFO  o.e.m.c.i.embedder.EclipseLogger - Copying 0 resource
2023-10-16 11:37:59,067 [Worker-23: Creating jersey-quickstart-webapp] INFO  o.e.m.c.i.embedder.EclipseLogger - Using 'UTF-8' encoding to copy filtered resources.
2023-10-16 11:37:59,067 [Worker-23: Creating jersey-quickstart-webapp] INFO  o.e.m.c.i.embedder.EclipseLogger - skip non existing resourceDirectory D:\eclipse-workspace\Day 37\1\CalculatorClient\src\test\resources
2023-10-16 11:37:59,383 [Worker-23: Creating jersey-quickstart-webapp] INFO  o.e.m.c.i.p.ProjectConfigurationManager - Imported and configured 1 project(s) in 7 sec
2023-10-16 11:38:00,765 [Worker-6: Building] INFO  o.e.m.c.i.embedder.EclipseLogger - Using 'UTF-8' encoding to copy filtered resources.
2023-10-16 11:38:00,766 [Worker-6: Building] INFO  o.e.m.c.i.embedder.EclipseLogger - Copying 0 resource
2023-10-16 11:38:00,768 [Worker-6: Building] INFO  o.e.m.c.i.embedder.EclipseLogger - Using 'UTF-8' encoding to copy filtered resources.
2023-10-16 11:38:00,768 [Worker-6: Building] INFO  o.e.m.c.i.embedder.EclipseLogger - skip non existing resourceDirectory D:\eclipse-workspace\Day 37\1\CalculatorClient\src\test\resources
2023-10-16 11:38:12,559 [Worker-23: Building] INFO  o.e.m.c.i.embedder.EclipseLogger - Using 'UTF-8' encoding to copy filtered resources.
2023-10-16 11:38:12,560 [Worker-23: Building] INFO  o.e.m.c.i.embedder.EclipseLogger - Copying 0 resource
2023-10-16 11:38:12,561 [Worker-23: Building] INFO  o.e.m.c.i.embedder.EclipseLogger - Using 'UTF-8' encoding to copy filtered resources.
2023-10-16 11:38:12,561 [Worker-23: Building] INFO  o.e.m.c.i.embedder.EclipseLogger - skip non existing resourceDirectory D:\eclipse-workspace\Day 37\1\CalculatorClient\src\test\resources
2023-10-16 11:39:43,214 [Worker-25: Building] INFO  o.e.m.c.i.l.LifecycleMappingFactory - Using org.maven.ide.eclipse.wtp.WarLifecycleMapping lifecycle mapping for MavenProject: infinite:CalculatorClient:0.0.1-SNAPSHOT @ D:\eclipse-workspace\Day 37\1\CalculatorClient\pom.xml.
2023-10-16 11:39:44,106 [Worker-25: Building] INFO  o.e.m.c.i.embedder.EclipseLogger - Using 'UTF-8' encoding to copy filtered resources.
2023-10-16 11:39:44,107 [Worker-25: Building] INFO  o.e.m.c.i.embedder.EclipseLogger - Copying 0 resource
2023-10-16 11:39:44,110 [Worker-25: Building] INFO  o.e.m.c.i.embedder.EclipseLogger - Using 'UTF-8' encoding to copy filtered resources.
2023-10-16 11:39:44,110 [Worker-25: Building] INFO  o.e.m.c.i.embedder.EclipseLogger - skip non existing resourceDirectory D:\eclipse-workspace\Day 37\1\CalculatorClient\src\test\resources
2023-10-16 11:39:44,110 [Worker-25: Building] INFO  o.e.m.w.i.f.ResourceFilteringBuildParticipant - Changed resources require a complete clean of filtered resources of CalculatorClient
2023-10-16 11:39:44,111 [Worker-25: Building] INFO  o.e.m.w.i.f.ResourceFilteringBuildParticipant - Executing resource filtering for CalculatorClient
2023-10-16 11:44:47,893 [Worker-34: Building] INFO  o.e.m.c.i.embedder.EclipseLogger - Using 'UTF-8' encoding to copy filtered resources.
2023-10-16 11:44:47,893 [Worker-34: Building] INFO  o.e.m.c.i.embedder.EclipseLogger - Copying 0 resource
2023-10-16 11:44:47,894 [Worker-34: Building] INFO  o.e.m.c.i.embedder.EclipseLogger - Using 'UTF-8' encoding to copy filtered resources.
2023-10-16 11:44:47,894 [Worker-34: Building] INFO  o.e.m.c.i.embedder.EclipseLogger - skip non existing resourceDirectory D:\eclipse-workspace\Day 37\1\CalculatorClient\src\test\resources
2023-10-16 11:44:55,651 [Worker-33: Building] INFO  o.e.m.c.i.embedder.EclipseLogger - Using 'UTF-8' encoding to copy filtered resources.
2023-10-16 11:44:55,652 [Worker-33: Building] INFO  o.e.m.c.i.embedder.EclipseLogger - Copying 0 resource
2023-10-16 11:44:55,654 [Worker-33: Building] INFO  o.e.m.c.i.embedder.EclipseLogger - Using 'UTF-8' encoding to copy filtered resources.
2023-10-16 11:44:55,654 [Worker-33: Building] INFO  o.e.m.c.i.embedder.EclipseLogger - skip non existing resourceDirectory D:\eclipse-workspace\Day 37\1\CalculatorClient\src\test\resources
2023-10-16 11:45:21,016 [Worker-38: Building] INFO  o.e.m.c.i.embedder.EclipseLogger - Using 'UTF-8' encoding to copy filtered resources.
2023-10-16 11:45:21,016 [Worker-38: Building] INFO  o.e.m.c.i.embedder.EclipseLogger - Copying 0 resource
2023-10-16 11:45:21,017 [Worker-38: Building] INFO  o.e.m.c.i.embedder.EclipseLogger - Using 'UTF-8' encoding to copy filtered resources.
2023-10-16 11:45:21,017 [Worker-38: Building] INFO  o.e.m.c.i.embedder.EclipseLogger - skip non existing resourceDirectory D:\eclipse-workspace\Day 37\1\CalculatorClient\src\test\resources
2023-10-16 11:45:34,233 [Worker-33: Building] INFO  o.e.m.c.i.embedder.EclipseLogger - Using 'UTF-8' encoding to copy filtered resources.
2023-10-16 11:45:34,234 [Worker-33: Building] INFO  o.e.m.c.i.embedder.EclipseLogger - Copying 0 resource
2023-10-16 11:45:34,237 [Worker-33: Building] INFO  o.e.m.c.i.embedder.EclipseLogger - Using 'UTF-8' encoding to copy filtered resources.
2023-10-16 11:45:34,237 [Worker-33: Building] INFO  o.e.m.c.i.embedder.EclipseLogger - skip non existing resourceDirectory D:\eclipse-workspace\Day 37\1\CalculatorClient\src\test\resources
2023-10-16 11:45:38,967 [Worker-37: Building] INFO  o.e.m.c.i.embedder.EclipseLogger - Using 'UTF-8' encoding to copy filtered resources.
2023-10-16 11:45:38,967 [Worker-37: Building] INFO  o.e.m.c.i.embedder.EclipseLogger - Copying 0 resource
2023-10-16 11:45:38,968 [Worker-37: Building] INFO  o.e.m.c.i.embedder.EclipseLogger - Using 'UTF-8' encoding to copy filtered resources.
2023-10-16 11:45:38,969 [Worker-37: Building] INFO  o.e.m.c.i.embedder.EclipseLogger - skip non existing resourceDirectory D:\eclipse-workspace\Day 37\1\CalculatorClient\src\test\resources
2023-10-16 11:46:02,283 [Worker-40: Building] INFO  o.e.m.c.i.embedder.EclipseLogger - Using 'UTF-8' encoding to copy filtered resources.
2023-10-16 11:46:02,284 [Worker-40: Building] INFO  o.e.m.c.i.embedder.EclipseLogger - Copying 0 resource
2023-10-16 11:46:02,285 [Worker-40: Building] INFO  o.e.m.c.i.embedder.EclipseLogger - Using 'UTF-8' encoding to copy filtered resources.
2023-10-16 11:46:02,285 [Worker-40: Building] INFO  o.e.m.c.i.embedder.EclipseLogger - skip non existing resourceDirectory D:\eclipse-workspace\Day 37\1\CalculatorClient\src\test\resources
2023-10-16 11:46:11,001 [Worker-34: Building] INFO  o.e.m.c.i.embedder.EclipseLogger - Using 'UTF-8' encoding to copy filtered resources.
2023-10-16 11:46:11,001 [Worker-34: Building] INFO  o.e.m.c.i.embedder.EclipseLogger - Copying 0 resource
2023-10-16 11:46:11,003 [Worker-34: Building] INFO  o.e.m.c.i.embedder.EclipseLogger - Using 'UTF-8' encoding to copy filtered resources.
2023-10-16 11:46:11,003 [Worker-34: Building] INFO  o.e.m.c.i.embedder.EclipseLogger - skip non existing resourceDirectory D:\eclipse-workspace\Day 37\1\CalculatorClient\src\test\resources
2023-10-16 11:49:04,751 [Worker-43: Building] INFO  o.e.m.c.i.embedder.EclipseLogger - Using 'UTF-8' encoding to copy filtered resources.
2023-10-16 11:49:04,751 [Worker-43: Building] INFO  o.e.m.c.i.embedder.EclipseLogger - Copying 0 resource
2023-10-16 11:49:04,753 [Worker-43: Building] INFO  o.e.m.c.i.embedder.EclipseLogger - Using 'UTF-8' encoding to copy filtered resources.
2023-10-16 11:49:04,754 [Worker-43: Building] INFO  o.e.m.c.i.embedder.EclipseLogger - skip non existing resourceDirectory D:\eclipse-workspace\Day 37\1\CalculatorClient\src\test\resources
2023-10-16 11:50:31,674 [Worker-44: Building] INFO  o.e.m.c.i.embedder.EclipseLogger - Using 'UTF-8' encoding to copy filtered resources.
2023-10-16 11:50:31,674 [Worker-44: Building] INFO  o.e.m.c.i.embedder.EclipseLogger - Copying 0 resource
2023-10-16 11:50:31,675 [Worker-44: Building] INFO  o.e.m.c.i.embedder.EclipseLogger - Using 'UTF-8' encoding to copy filtered resources.
2023-10-16 11:50:31,675 [Worker-44: Building] INFO  o.e.m.c.i.embedder.EclipseLogger - skip non existing resourceDirectory D:\eclipse-workspace\Day 37\1\CalculatorClient\src\test\resources
2023-10-16 11:50:54,611 [Worker-49: Building] INFO  o.e.m.c.i.embedder.EclipseLogger - Using 'UTF-8' encoding to copy filtered resources.
2023-10-16 11:50:54,611 [Worker-49: Building] INFO  o.e.m.c.i.embedder.EclipseLogger - Copying 0 resource
2023-10-16 11:50:54,612 [Worker-49: Building] INFO  o.e.m.c.i.embedder.EclipseLogger - Using 'UTF-8' encoding to copy filtered resources.
2023-10-16 11:50:54,613 [Worker-49: Building] INFO  o.e.m.c.i.embedder.EclipseLogger - skip non existing resourceDirectory D:\eclipse-workspace\Day 37\1\CalculatorClient\src\test\resources
2023-10-16 11:51:03,169 [Worker-47: Building] INFO  o.e.m.c.i.embedder.EclipseLogger - Using 'UTF-8' encoding to copy filtered resources.
2023-10-16 11:51:03,170 [Worker-47: Building] INFO  o.e.m.c.i.embedder.EclipseLogger - Copying 0 resource
2023-10-16 11:51:03,171 [Worker-47: Building] INFO  o.e.m.c.i.embedder.EclipseLogger - Using 'UTF-8' encoding to copy filtered resources.
2023-10-16 11:51:03,171 [Worker-47: Building] INFO  o.e.m.c.i.embedder.EclipseLogger - skip non existing resourceDirectory D:\eclipse-workspace\Day 37\1\CalculatorClient\src\test\resources
2023-10-16 11:52:00,337 [Worker-50: Building] INFO  o.e.m.c.i.embedder.EclipseLogger - Using 'UTF-8' encoding to copy filtered resources.
2023-10-16 11:52:00,338 [Worker-50: Building] INFO  o.e.m.c.i.embedder.EclipseLogger - Copying 0 resource
2023-10-16 11:52:00,339 [Worker-50: Building] INFO  o.e.m.c.i.embedder.EclipseLogger - Using 'UTF-8' encoding to copy filtered resources.
2023-10-16 11:52:00,339 [Worker-50: Building] INFO  o.e.m.c.i.embedder.EclipseLogger - skip non existing resourceDirectory D:\eclipse-workspace\Day 37\1\CalculatorClient\src\test\resources
2023-10-16 11:53:06,582 [Worker-47: Building] INFO  o.e.m.c.i.embedder.EclipseLogger - Using 'UTF-8' encoding to copy filtered resources.
2023-10-16 11:53:06,583 [Worker-47: Building] INFO  o.e.m.c.i.embedder.EclipseLogger - Copying 0 resource
2023-10-16 11:53:06,584 [Worker-47: Building] INFO  o.e.m.c.i.embedder.EclipseLogger - Using 'UTF-8' encoding to copy filtered resources.
2023-10-16 11:53:06,584 [Worker-47: Building] INFO  o.e.m.c.i.embedder.EclipseLogger - skip non existing resourceDirectory D:\eclipse-workspace\Day 37\1\CalculatorClient\src\test\resources
2023-10-16 11:53:19,091 [Worker-39: Building] INFO  o.e.m.c.i.embedder.EclipseLogger - Using 'UTF-8' encoding to copy filtered resources.
2023-10-16 11:53:19,091 [Worker-39: Building] INFO  o.e.m.c.i.embedder.EclipseLogger - Copying 0 resource
2023-10-16 11:53:19,092 [Worker-39: Building] INFO  o.e.m.c.i.embedder.EclipseLogger - Using 'UTF-8' encoding to copy filtered resources.
2023-10-16 11:53:19,093 [Worker-39: Building] INFO  o.e.m.c.i.embedder.EclipseLogger - skip non existing resourceDirectory D:\eclipse-workspace\Day 37\1\CalculatorClient\src\test\resources
2023-10-16 11:53:23,170 [Worker-47: Building] INFO  o.e.m.c.i.embedder.EclipseLogger - Using 'UTF-8' encoding to copy filtered resources.
2023-10-16 11:53:23,171 [Worker-47: Building] INFO  o.e.m.c.i.embedder.EclipseLogger - Copying 0 resource
2023-10-16 11:53:23,173 [Worker-47: Building] INFO  o.e.m.c.i.embedder.EclipseLogger - Using 'UTF-8' encoding to copy filtered resources.
2023-10-16 11:53:23,173 [Worker-47: Building] INFO  o.e.m.c.i.embedder.EclipseLogger - skip non existing resourceDirectory D:\eclipse-workspace\Day 37\1\CalculatorClient\src\test\resources
2023-10-16 11:53:46,230 [Worker-45: Building] INFO  o.e.m.c.i.embedder.EclipseLogger - Using 'UTF-8' encoding to copy filtered resources.
2023-10-16 11:53:46,230 [Worker-45: Building] INFO  o.e.m.c.i.embedder.EclipseLogger - Copying 0 resource
2023-10-16 11:53:46,233 [Worker-45: Building] INFO  o.e.m.c.i.embedder.EclipseLogger - Using 'UTF-8' encoding to copy filtered resources.
2023-10-16 11:53:46,233 [Worker-45: Building] INFO  o.e.m.c.i.embedder.EclipseLogger - skip non existing resourceDirectory D:\eclipse-workspace\Day 37\1\CalculatorClient\src\test\resources
2023-10-16 11:53:59,187 [Worker-49: Building] INFO  o.e.m.c.i.embedder.EclipseLogger - Using 'UTF-8' encoding to copy filtered resources.
2023-10-16 11:53:59,187 [Worker-49: Building] INFO  o.e.m.c.i.embedder.EclipseLogger - Copying 0 resource
2023-10-16 11:53:59,188 [Worker-49: Building] INFO  o.e.m.c.i.embedder.EclipseLogger - Using 'UTF-8' encoding to copy filtered resources.
2023-10-16 11:53:59,188 [Worker-49: Building] INFO  o.e.m.c.i.embedder.EclipseLogger - skip non existing resourceDirectory D:\eclipse-workspace\Day 37\1\CalculatorClient\src\test\resources
2023-10-16 11:54:06,289 [Worker-44: Building] INFO  o.e.m.c.i.embedder.EclipseLogger - Using 'UTF-8' encoding to copy filtered resources.
2023-10-16 11:54:06,289 [Worker-44: Building] INFO  o.e.m.c.i.embedder.EclipseLogger - Copying 0 resource
2023-10-16 11:54:06,290 [Worker-44: Building] INFO  o.e.m.c.i.embedder.EclipseLogger - Using 'UTF-8' encoding to copy filtered resources.
2023-10-16 11:54:06,290 [Worker-44: Building] INFO  o.e.m.c.i.embedder.EclipseLogger - skip non existing resourceDirectory D:\eclipse-workspace\Day 37\1\CalculatorClient\src\test\resources
2023-10-16 11:54:42,513 [Worker-45: Building] INFO  o.e.m.c.i.embedder.EclipseLogger - Using 'UTF-8' encoding to copy filtered resources.
2023-10-16 11:54:42,513 [Worker-45: Building] INFO  o.e.m.c.i.embedder.EclipseLogger - Copying 0 resource
2023-10-16 11:54:42,514 [Worker-45: Building] INFO  o.e.m.c.i.embedder.EclipseLogger - Using 'UTF-8' encoding to copy filtered resources.
2023-10-16 11:54:42,514 [Worker-45: Building] INFO  o.e.m.c.i.embedder.EclipseLogger - skip non existing resourceDirectory D:\eclipse-workspace\Day 37\1\CalculatorClient\src\test\resources
2023-10-16 11:55:08,142 [Worker-50: Building] INFO  o.e.m.c.i.embedder.EclipseLogger - Using 'UTF-8' encoding to copy filtered resources.
2023-10-16 11:55:08,142 [Worker-50: Building] INFO  o.e.m.c.i.embedder.EclipseLogger - Copying 0 resource
2023-10-16 11:55:08,144 [Worker-50: Building] INFO  o.e.m.c.i.embedder.EclipseLogger - Using 'UTF-8' encoding to copy filtered resources.
2023-10-16 11:55:08,144 [Worker-50: Building] INFO  o.e.m.c.i.embedder.EclipseLogger - skip non existing resourceDirectory D:\eclipse-workspace\Day 37\1\CalculatorClient\src\test\resources
2023-10-16 11:55:31,841 [Worker-45: Building] INFO  o.e.m.c.i.embedder.EclipseLogger - Using 'UTF-8' encoding to copy filtered resources.
2023-10-16 11:55:31,841 [Worker-45: Building] INFO  o.e.m.c.i.embedder.EclipseLogger - Copying 0 resource
2023-10-16 11:55:31,842 [Worker-45: Building] INFO  o.e.m.c.i.embedder.EclipseLogger - Using 'UTF-8' encoding to copy filtered resources.
2023-10-16 11:55:31,842 [Worker-45: Building] INFO  o.e.m.c.i.embedder.EclipseLogger - skip non existing resourceDirectory D:\eclipse-workspace\Day 37\1\CalculatorClient\src\test\resources
2023-10-16 11:55:45,476 [Worker-49: Building] INFO  o.e.m.c.i.embedder.EclipseLogger - Using 'UTF-8' encoding to copy filtered resources.
2023-10-16 11:55:45,476 [Worker-49: Building] INFO  o.e.m.c.i.embedder.EclipseLogger - Copying 0 resource
2023-10-16 11:55:45,477 [Worker-49: Building] INFO  o.e.m.c.i.embedder.EclipseLogger - Using 'UTF-8' encoding to copy filtered resources.
2023-10-16 11:55:45,478 [Worker-49: Building] INFO  o.e.m.c.i.embedder.EclipseLogger - skip non existing resourceDirectory D:\eclipse-workspace\Day 37\1\CalculatorClient\src\test\resources
2023-10-16 11:55:57,953 [Worker-50: Building] INFO  o.e.m.c.i.embedder.EclipseLogger - Using 'UTF-8' encoding to copy filtered resources.
2023-10-16 11:55:57,953 [Worker-50: Building] INFO  o.e.m.c.i.embedder.EclipseLogger - Copying 0 resource
2023-10-16 11:55:57,954 [Worker-50: Building] INFO  o.e.m.c.i.embedder.EclipseLogger - Using 'UTF-8' encoding to copy filtered resources.
2023-10-16 11:55:57,954 [Worker-50: Building] INFO  o.e.m.c.i.embedder.EclipseLogger - skip non existing resourceDirectory D:\eclipse-workspace\Day 37\1\CalculatorClient\src\test\resources
2023-10-16 11:56:05,105 [Worker-49: Building] INFO  o.e.m.c.i.embedder.EclipseLogger - Using 'UTF-8' encoding to copy filtered resources.
2023-10-16 11:56:05,105 [Worker-49: Building] INFO  o.e.m.c.i.embedder.EclipseLogger - Copying 0 resource
2023-10-16 11:56:05,106 [Worker-49: Building] INFO  o.e.m.c.i.embedder.EclipseLogger - Using 'UTF-8' encoding to copy filtered resources.
2023-10-16 11:56:05,106 [Worker-49: Building] INFO  o.e.m.c.i.embedder.EclipseLogger - skip non existing resourceDirectory D:\eclipse-workspace\Day 37\1\CalculatorClient\src\test\resources
2023-10-16 11:56:13,061 [Worker-47: Building] INFO  o.e.m.c.i.embedder.EclipseLogger - Using 'UTF-8' encoding to copy filtered resources.
2023-10-16 11:56:13,061 [Worker-47: Building] INFO  o.e.m.c.i.embedder.EclipseLogger - Copying 0 resource
2023-10-16 11:56:13,062 [Worker-47: Building] INFO  o.e.m.c.i.embedder.EclipseLogger - Using 'UTF-8' encoding to copy filtered resources.
2023-10-16 11:56:13,062 [Worker-47: Building] INFO  o.e.m.c.i.embedder.EclipseLogger - skip non existing resourceDirectory D:\eclipse-workspace\Day 37\1\CalculatorClient\src\test\resources
2023-10-16 11:57:59,202 [Worker-51: Building] INFO  o.e.m.c.i.embedder.EclipseLogger - Using 'UTF-8' encoding to copy filtered resources.
2023-10-16 11:57:59,202 [Worker-51: Building] INFO  o.e.m.c.i.embedder.EclipseLogger - Copying 0 resource
2023-10-16 11:57:59,203 [Worker-51: Building] INFO  o.e.m.c.i.embedder.EclipseLogger - Using 'UTF-8' encoding to copy filtered resources.
2023-10-16 11:57:59,204 [Worker-51: Building] INFO  o.e.m.c.i.embedder.EclipseLogger - skip non existing resourceDirectory D:\eclipse-workspace\Day 37\1\CalculatorClient\src\test\resources
2023-10-16 12:03:27,331 [Worker-51: Building] INFO  o.e.m.c.i.embedder.EclipseLogger - Using 'UTF-8' encoding to copy filtered resources.
2023-10-16 12:03:27,332 [Worker-51: Building] INFO  o.e.m.c.i.embedder.EclipseLogger - Copying 0 resource
2023-10-16 12:03:27,333 [Worker-51: Building] INFO  o.e.m.c.i.embedder.EclipseLogger - Using 'UTF-8' encoding to copy filtered resources.
2023-10-16 12:03:27,334 [Worker-51: Building] INFO  o.e.m.c.i.embedder.EclipseLogger - skip non existing resourceDirectory D:\eclipse-workspace\Day 37\1\CalculatorClient\src\test\resources
2023-10-16 12:04:07,166 [Worker-58: Building] INFO  o.e.m.c.i.embedder.EclipseLogger - Using 'UTF-8' encoding to copy filtered resources.
2023-10-16 12:04:07,166 [Worker-58: Building] INFO  o.e.m.c.i.embedder.EclipseLogger - Copying 0 resource
2023-10-16 12:04:07,168 [Worker-58: Building] INFO  o.e.m.c.i.embedder.EclipseLogger - Using 'UTF-8' encoding to copy filtered resources.
2023-10-16 12:04:07,168 [Worker-58: Building] INFO  o.e.m.c.i.embedder.EclipseLogger - skip non existing resourceDirectory D:\eclipse-workspace\Day 37\1\CalculatorClient\src\test\resources
2023-10-16 12:04:52,087 [Worker-56: Building] INFO  o.e.m.c.i.embedder.EclipseLogger - Using 'UTF-8' encoding to copy filtered resources.
2023-10-16 12:04:52,087 [Worker-56: Building] INFO  o.e.m.c.i.embedder.EclipseLogger - Copying 0 resource
2023-10-16 12:04:52,089 [Worker-56: Building] INFO  o.e.m.c.i.embedder.EclipseLogger - Using 'UTF-8' encoding to copy filtered resources.
2023-10-16 12:04:52,090 [Worker-56: Building] INFO  o.e.m.c.i.embedder.EclipseLogger - skip non existing resourceDirectory D:\eclipse-workspace\Day 37\1\CalculatorClient\src\test\resources
2023-10-16 12:11:02,862 [Worker-63: Building] INFO  o.e.m.c.i.embedder.EclipseLogger - Using 'UTF-8' encoding to copy filtered resources.
2023-10-16 12:11:02,863 [Worker-63: Building] INFO  o.e.m.c.i.embedder.EclipseLogger - Copying 0 resource
2023-10-16 12:11:02,865 [Worker-63: Building] INFO  o.e.m.c.i.embedder.EclipseLogger - Using 'UTF-8' encoding to copy filtered resources.
2023-10-16 12:11:02,865 [Worker-63: Building] INFO  o.e.m.c.i.embedder.EclipseLogger - skip non existing resourceDirectory D:\eclipse-workspace\Day 37\1\CalculatorClient\src\test\resources
2023-10-16 12:12:04,735 [Worker-61: Building] INFO  o.e.m.c.i.embedder.EclipseLogger - Using 'UTF-8' encoding to copy filtered resources.
2023-10-16 12:12:04,735 [Worker-61: Building] INFO  o.e.m.c.i.embedder.EclipseLogger - Copying 0 resource
2023-10-16 12:12:04,736 [Worker-61: Building] INFO  o.e.m.c.i.embedder.EclipseLogger - Using 'UTF-8' encoding to copy filtered resources.
2023-10-16 12:12:04,736 [Worker-61: Building] INFO  o.e.m.c.i.embedder.EclipseLogger - skip non existing resourceDirectory D:\eclipse-workspace\Day 37\1\CalculatorClient\src\test\resources
2023-10-16 12:12:51,570 [Worker-60: Building] INFO  o.e.m.c.i.embedder.EclipseLogger - Using 'UTF-8' encoding to copy filtered resources.
2023-10-16 12:12:51,570 [Worker-60: Building] INFO  o.e.m.c.i.embedder.EclipseLogger - Copying 0 resource
2023-10-16 12:12:51,572 [Worker-60: Building] INFO  o.e.m.c.i.embedder.EclipseLogger - Using 'UTF-8' encoding to copy filtered resources.
2023-10-16 12:12:51,572 [Worker-60: Building] INFO  o.e.m.c.i.embedder.EclipseLogger - skip non existing resourceDirectory D:\eclipse-workspace\Day 37\1\CalculatorClient\src\test\resources
2023-10-16 12:13:59,344 [Worker-65: Building] INFO  o.e.m.c.i.l.LifecycleMappingFactory - Using org.maven.ide.eclipse.wtp.WarLifecycleMapping lifecycle mapping for MavenProject: infinite:CalculatorClient:0.0.1-SNAPSHOT @ D:\eclipse-workspace\Day 37\1\CalculatorClient\pom.xml.
2023-10-16 12:14:15,033 [Worker-65: Building] INFO  o.e.m.c.i.embedder.EclipseLogger - Using 'UTF-8' encoding to copy filtered resources.
2023-10-16 12:14:15,034 [Worker-65: Building] INFO  o.e.m.c.i.embedder.EclipseLogger - Copying 0 resource
2023-10-16 12:14:15,036 [Worker-65: Building] INFO  o.e.m.c.i.embedder.EclipseLogger - Using 'UTF-8' encoding to copy filtered resources.
2023-10-16 12:14:15,036 [Worker-65: Building] INFO  o.e.m.c.i.embedder.EclipseLogger - skip non existing resourceDirectory D:\eclipse-workspace\Day 37\1\CalculatorClient\src\test\resources
2023-10-16 12:14:15,036 [Worker-65: Building] INFO  o.e.m.w.i.f.ResourceFilteringBuildParticipant - Changed resources require a complete clean of filtered resources of CalculatorClient
2023-10-16 12:14:15,036 [Worker-65: Building] INFO  o.e.m.w.i.f.ResourceFilteringBuildParticipant - Executing resource filtering for CalculatorClient
2023-10-16 12:14:18,825 [Worker-64: Updating Maven Project] INFO  o.e.m.c.i.p.ProjectConfigurationManager - Update started
2023-10-16 12:14:19,002 [Worker-64: Updating Maven Project] INFO  o.e.m.c.i.l.LifecycleMappingFactory - Using org.maven.ide.eclipse.wtp.WarLifecycleMapping lifecycle mapping for MavenProject: infinite:CalculatorClient:0.0.1-SNAPSHOT @ D:\eclipse-workspace\Day 37\1\CalculatorClient\pom.xml.
2023-10-16 12:14:19,991 [Worker-64: Updating Maven Project] INFO  o.e.m.j.i.AbstractJavaProjectConfigurator - Adding source folder /CalculatorClient/src/main/java
2023-10-16 12:14:19,991 [Worker-64: Updating Maven Project] INFO  o.e.m.j.i.AbstractJavaProjectConfigurator - Adding resource folder /CalculatorClient/src/main/resources
2023-10-16 12:14:19,991 [Worker-64: Updating Maven Project] INFO  o.e.m.j.i.AbstractJavaProjectConfigurator - Adding source folder /CalculatorClient/src/test/java
2023-10-16 12:14:20,685 [Worker-64: Updating Maven Project] INFO  o.e.m.c.i.embedder.EclipseLogger - Using 'UTF-8' encoding to copy filtered resources.
2023-10-16 12:14:20,686 [Worker-64: Updating Maven Project] INFO  o.e.m.c.i.embedder.EclipseLogger - Copying 0 resource
2023-10-16 12:14:20,689 [Worker-64: Updating Maven Project] INFO  o.e.m.c.i.embedder.EclipseLogger - Using 'UTF-8' encoding to copy filtered resources.
2023-10-16 12:14:20,690 [Worker-64: Updating Maven Project] INFO  o.e.m.c.i.embedder.EclipseLogger - skip non existing resourceDirectory D:\eclipse-workspace\Day 37\1\CalculatorClient\src\test\resources
2023-10-16 12:14:20,690 [Worker-64: Updating Maven Project] INFO  o.e.m.w.i.f.ResourceFilteringBuildParticipant - Changed resources require a complete clean of filtered resources of CalculatorClient
2023-10-16 12:14:20,690 [Worker-64: Updating Maven Project] INFO  o.e.m.w.i.f.ResourceFilteringBuildParticipant - Executing resource filtering for CalculatorClient
2023-10-16 12:14:21,131 [Worker-64: Updating Maven Project] INFO  o.e.m.w.i.f.ResourceFilteringBuildParticipant - Cleaning filtered folder for CalculatorClient
2023-10-16 12:14:21,154 [Worker-64: Updating Maven Project] INFO  o.e.m.c.i.p.ProjectConfigurationManager - Update completed for 1 poms: local refresh takes 0.00 sec, refresh facades takes 1.00 sec, update config takes 1.00 sec 
2023-10-16 12:14:22,867 [Worker-61: Building] INFO  o.e.m.c.i.embedder.EclipseLogger - Using 'UTF-8' encoding to copy filtered resources.
2023-10-16 12:14:22,867 [Worker-61: Building] INFO  o.e.m.c.i.embedder.EclipseLogger - Copying 0 resource
2023-10-16 12:14:22,869 [Worker-61: Building] INFO  o.e.m.c.i.embedder.EclipseLogger - Using 'UTF-8' encoding to copy filtered resources.
2023-10-16 12:14:22,870 [Worker-61: Building] INFO  o.e.m.c.i.embedder.EclipseLogger - skip non existing resourceDirectory D:\eclipse-workspace\Day 37\1\CalculatorClient\src\test\resources
2023-10-16 12:14:22,870 [Worker-61: Building] INFO  o.e.m.w.i.f.ResourceFilteringBuildParticipant - Changed resources require a complete clean of filtered resources of CalculatorClient
2023-10-16 12:14:22,870 [Worker-61: Building] INFO  o.e.m.w.i.f.ResourceFilteringBuildParticipant - Executing resource filtering for CalculatorClient
2023-10-16 12:18:35,355 [Worker-60: Building] INFO  o.e.m.c.i.embedder.EclipseLogger - Using 'UTF-8' encoding to copy filtered resources.
2023-10-16 12:18:35,355 [Worker-60: Building] INFO  o.e.m.c.i.embedder.EclipseLogger - Copying 0 resource
2023-10-16 12:18:35,357 [Worker-60: Building] INFO  o.e.m.c.i.embedder.EclipseLogger - Using 'UTF-8' encoding to copy filtered resources.
2023-10-16 12:18:35,357 [Worker-60: Building] INFO  o.e.m.c.i.embedder.EclipseLogger - skip non existing resourceDirectory D:\eclipse-workspace\Day 37\1\CalculatorClient\src\test\resources
2023-10-16 12:21:30,657 [Worker-73: Building] INFO  o.e.m.c.i.embedder.EclipseLogger - Using 'UTF-8' encoding to copy filtered resources.
2023-10-16 12:21:30,657 [Worker-73: Building] INFO  o.e.m.c.i.embedder.EclipseLogger - Copying 0 resource
2023-10-16 12:21:30,659 [Worker-73: Building] INFO  o.e.m.c.i.embedder.EclipseLogger - Using 'UTF-8' encoding to copy filtered resources.
2023-10-16 12:21:30,659 [Worker-73: Building] INFO  o.e.m.c.i.embedder.EclipseLogger - skip non existing resourceDirectory D:\eclipse-workspace\Day 37\1\CalculatorClient\src\test\resources
2023-10-16 12:23:12,815 [Worker-74: Building] INFO  o.e.m.c.i.embedder.EclipseLogger - Using 'UTF-8' encoding to copy filtered resources.
2023-10-16 12:23:12,816 [Worker-74: Building] INFO  o.e.m.c.i.embedder.EclipseLogger - Copying 0 resource
2023-10-16 12:23:12,817 [Worker-74: Building] INFO  o.e.m.c.i.embedder.EclipseLogger - Using 'UTF-8' encoding to copy filtered resources.
2023-10-16 12:23:12,817 [Worker-74: Building] INFO  o.e.m.c.i.embedder.EclipseLogger - skip non existing resourceDirectory D:\eclipse-workspace\Day 37\1\CalculatorClient\src\test\resources
2023-10-16 23:18:41,252 [Worker-1: Loading available Gradle versions] INFO  o.e.b.c.i.u.g.PublishedGradleVersions - Gradle version information cache is up-to-date. Trying to read.
2023-10-16 23:19:13,687 [Worker-6: Building] INFO  o.e.m.c.i.embedder.EclipseLogger - Using 'UTF-8' encoding to copy filtered resources.
2023-10-16 23:19:13,692 [Worker-6: Building] INFO  o.e.m.c.i.embedder.EclipseLogger - Copying 0 resource
2023-10-16 23:19:13,696 [Worker-6: Building] INFO  o.e.m.c.i.embedder.EclipseLogger - Using 'UTF-8' encoding to copy filtered resources.
2023-10-16 23:19:13,696 [Worker-6: Building] INFO  o.e.m.c.i.embedder.EclipseLogger - skip non existing resourceDirectory D:\eclipse-workspace\Day 37\1\CalculatorClient\src\test\resources
2023-10-16 23:23:31,277 [Worker-9: Updating Maven Project] INFO  o.e.m.c.i.p.ProjectConfigurationManager - Update started
2023-10-16 23:23:35,347 [Worker-9: Updating Maven Project] INFO  o.e.m.c.i.l.LifecycleMappingFactory - Using org.maven.ide.eclipse.wtp.WarLifecycleMapping lifecycle mapping for MavenProject: infinite:CalculatorClient:0.0.1-SNAPSHOT @ D:\eclipse-workspace\Day 37\1\CalculatorClient\pom.xml.
2023-10-16 23:23:37,613 [Worker-9: Updating Maven Project] INFO  o.e.m.j.i.AbstractJavaProjectConfigurator - Adding source folder /CalculatorClient/src/main/java
2023-10-16 23:23:37,614 [Worker-9: Updating Maven Project] INFO  o.e.m.j.i.AbstractJavaProjectConfigurator - Adding resource folder /CalculatorClient/src/main/resources
2023-10-16 23:23:37,614 [Worker-9: Updating Maven Project] INFO  o.e.m.j.i.AbstractJavaProjectConfigurator - Adding source folder /CalculatorClient/src/test/java
2023-10-16 23:23:39,491 [Worker-9: Updating Maven Project] INFO  o.e.m.c.i.embedder.EclipseLogger - Using 'UTF-8' encoding to copy filtered resources.
2023-10-16 23:23:39,493 [Worker-9: Updating Maven Project] INFO  o.e.m.c.i.embedder.EclipseLogger - Copying 0 resource
2023-10-16 23:23:39,498 [Worker-9: Updating Maven Project] INFO  o.e.m.c.i.embedder.EclipseLogger - Using 'UTF-8' encoding to copy filtered resources.
2023-10-16 23:23:39,498 [Worker-9: Updating Maven Project] INFO  o.e.m.c.i.embedder.EclipseLogger - skip non existing resourceDirectory D:\eclipse-workspace\Day 37\1\CalculatorClient\src\test\resources
2023-10-16 23:23:39,499 [Worker-9: Updating Maven Project] INFO  o.e.m.w.i.f.ResourceFilteringBuildParticipant - Changed resources require a complete clean of filtered resources of CalculatorClient
2023-10-16 23:23:39,499 [Worker-9: Updating Maven Project] INFO  o.e.m.w.i.f.ResourceFilteringBuildParticipant - Executing resource filtering for CalculatorClient
2023-10-16 23:23:40,422 [Worker-9: Updating Maven Project] INFO  o.e.m.w.i.f.ResourceFilteringBuildParticipant - Cleaning filtered folder for CalculatorClient
2023-10-16 23:23:40,467 [Worker-9: Updating Maven Project] INFO  o.e.m.c.i.p.ProjectConfigurationManager - Update completed for 1 poms: local refresh takes 0.00 sec, refresh facades takes 5.00 sec, update config takes 2.00 sec 
2023-10-16 23:23:45,838 [Worker-19: Building] INFO  o.e.m.c.i.embedder.EclipseLogger - Using 'UTF-8' encoding to copy filtered resources.
2023-10-16 23:23:45,839 [Worker-19: Building] INFO  o.e.m.c.i.embedder.EclipseLogger - Copying 0 resource
2023-10-16 23:23:45,842 [Worker-19: Building] INFO  o.e.m.c.i.embedder.EclipseLogger - Using 'UTF-8' encoding to copy filtered resources.
2023-10-16 23:23:45,842 [Worker-19: Building] INFO  o.e.m.c.i.embedder.EclipseLogger - skip non existing resourceDirectory D:\eclipse-workspace\Day 37\1\CalculatorClient\src\test\resources
2023-10-16 23:23:45,842 [Worker-19: Building] INFO  o.e.m.w.i.f.ResourceFilteringBuildParticipant - Changed resources require a complete clean of filtered resources of CalculatorClient
2023-10-16 23:23:45,842 [Worker-19: Building] INFO  o.e.m.w.i.f.ResourceFilteringBuildParticipant - Executing resource filtering for CalculatorClient
2023-10-17 09:16:57,883 [Worker-1: Loading available Gradle versions] INFO  o.e.b.c.i.u.g.PublishedGradleVersions - Gradle version information cache is up-to-date. Trying to read.
2023-10-18 00:12:24,498 [Worker-4: Loading available Gradle versions] INFO  o.e.b.c.i.u.g.PublishedGradleVersions - Gradle version information cache is up-to-date. Trying to read.
