2023-10-12 09:47:23,870 [Worker-8: Loading available Gradle versions] INFO  o.e.b.c.i.u.g.PublishedGradleVersions - Gradle version information cache is up-to-date. Trying to read.
2023-10-12 09:47:48,269 [Worker-2: Loading available Gradle versions] INFO  o.e.b.c.i.u.g.PublishedGradleVersions - Gradle version information cache is up-to-date. Trying to read.
2023-10-12 10:34:04,106 [Worker-1: Loading available Gradle versions] INFO  o.e.b.c.i.u.g.PublishedGradleVersions - Gradle version information cache is up-to-date. Trying to read.
2023-10-12 10:59:58,967 [Worker-0: Loading available Gradle versions] INFO  o.e.b.c.i.u.g.PublishedGradleVersions - Gradle version information cache is up-to-date. Trying to read.
2023-10-12 11:31:17,366 [Worker-32: Launching mavenrun-19b28a38-1600-4afe-b21e-3e04b1be803d] INFO  o.eclipse.m2e.core.internal.Bundles - getClasspathEntries(Bundle=org.eclipse.m2e.maven.runtime_3.8.701.20230209-1606 [610])
2023-10-12 11:31:17,373 [Worker-32: Launching mavenrun-19b28a38-1600-4afe-b21e-3e04b1be803d] INFO  o.eclipse.m2e.core.internal.Bundles - 	Entry: C:\Users\rahulr\eclipse\eclipse-jee-2023-03\eclipse\plugins\org.eclipse.m2e.maven.runtime_3.8.701.20230209-1606
2023-10-12 11:31:17,374 [Worker-32: Launching mavenrun-19b28a38-1600-4afe-b21e-3e04b1be803d] INFO  o.eclipse.m2e.core.internal.Bundles - 	Entry: C:\Users\rahulr\eclipse\eclipse-jee-2023-03\eclipse\plugins\org.eclipse.m2e.maven.runtime_3.8.701.20230209-1606\jars\aether-connector-okhttp-0.17.8.jar
2023-10-12 11:31:17,374 [Worker-32: Launching mavenrun-19b28a38-1600-4afe-b21e-3e04b1be803d] INFO  o.eclipse.m2e.core.internal.Bundles - 	Entry: C:\Users\rahulr\eclipse\eclipse-jee-2023-03\eclipse\plugins\org.eclipse.m2e.maven.runtime_3.8.701.20230209-1606\jars\commons-lang3-3.8.1.jar
2023-10-12 11:31:17,374 [Worker-32: Launching mavenrun-19b28a38-1600-4afe-b21e-3e04b1be803d] INFO  o.eclipse.m2e.core.internal.Bundles - 	Entry: C:\Users\rahulr\eclipse\eclipse-jee-2023-03\eclipse\plugins\org.eclipse.m2e.maven.runtime_3.8.701.20230209-1606\jars\guice-4.2.2-no_aop.jar
2023-10-12 11:31:17,375 [Worker-32: Launching mavenrun-19b28a38-1600-4afe-b21e-3e04b1be803d] INFO  o.eclipse.m2e.core.internal.Bundles - 	Entry: C:\Users\rahulr\eclipse\eclipse-jee-2023-03\eclipse\plugins\org.eclipse.m2e.maven.runtime_3.8.701.20230209-1606\jars\jansi-2.4.0.jar
2023-10-12 11:31:17,375 [Worker-32: Launching mavenrun-19b28a38-1600-4afe-b21e-3e04b1be803d] INFO  o.eclipse.m2e.core.internal.Bundles - 	Entry: C:\Users\rahulr\eclipse\eclipse-jee-2023-03\eclipse\plugins\org.eclipse.m2e.maven.runtime_3.8.701.20230209-1606\jars\maven-artifact-3.8.7.jar
2023-10-12 11:31:17,375 [Worker-32: Launching mavenrun-19b28a38-1600-4afe-b21e-3e04b1be803d] INFO  o.eclipse.m2e.core.internal.Bundles - 	Entry: C:\Users\rahulr\eclipse\eclipse-jee-2023-03\eclipse\plugins\org.eclipse.m2e.maven.runtime_3.8.701.20230209-1606\jars\maven-builder-support-3.8.7.jar
2023-10-12 11:31:17,375 [Worker-32: Launching mavenrun-19b28a38-1600-4afe-b21e-3e04b1be803d] INFO  o.eclipse.m2e.core.internal.Bundles - 	Entry: C:\Users\rahulr\eclipse\eclipse-jee-2023-03\eclipse\plugins\org.eclipse.m2e.maven.runtime_3.8.701.20230209-1606\jars\maven-compat-3.8.7.jar
2023-10-12 11:31:17,375 [Worker-32: Launching mavenrun-19b28a38-1600-4afe-b21e-3e04b1be803d] INFO  o.eclipse.m2e.core.internal.Bundles - 	Entry: C:\Users\rahulr\eclipse\eclipse-jee-2023-03\eclipse\plugins\org.eclipse.m2e.maven.runtime_3.8.701.20230209-1606\jars\maven-core-3.8.7.jar
2023-10-12 11:31:17,375 [Worker-32: Launching mavenrun-19b28a38-1600-4afe-b21e-3e04b1be803d] INFO  o.eclipse.m2e.core.internal.Bundles - 	Entry: C:\Users\rahulr\eclipse\eclipse-jee-2023-03\eclipse\plugins\org.eclipse.m2e.maven.runtime_3.8.701.20230209-1606\jars\maven-embedder-3.8.7.jar
2023-10-12 11:31:17,376 [Worker-32: Launching mavenrun-19b28a38-1600-4afe-b21e-3e04b1be803d] INFO  o.eclipse.m2e.core.internal.Bundles - 	Entry: C:\Users\rahulr\eclipse\eclipse-jee-2023-03\eclipse\plugins\org.eclipse.m2e.maven.runtime_3.8.701.20230209-1606\jars\maven-model-3.8.7.jar
2023-10-12 11:31:17,376 [Worker-32: Launching mavenrun-19b28a38-1600-4afe-b21e-3e04b1be803d] INFO  o.eclipse.m2e.core.internal.Bundles - 	Entry: C:\Users\rahulr\eclipse\eclipse-jee-2023-03\eclipse\plugins\org.eclipse.m2e.maven.runtime_3.8.701.20230209-1606\jars\maven-model-builder-3.8.7.jar
2023-10-12 11:31:17,376 [Worker-32: Launching mavenrun-19b28a38-1600-4afe-b21e-3e04b1be803d] INFO  o.eclipse.m2e.core.internal.Bundles - 	Entry: C:\Users\rahulr\eclipse\eclipse-jee-2023-03\eclipse\plugins\org.eclipse.m2e.maven.runtime_3.8.701.20230209-1606\jars\maven-plugin-api-3.8.7.jar
2023-10-12 11:31:17,376 [Worker-32: Launching mavenrun-19b28a38-1600-4afe-b21e-3e04b1be803d] INFO  o.eclipse.m2e.core.internal.Bundles - 	Entry: C:\Users\rahulr\eclipse\eclipse-jee-2023-03\eclipse\plugins\org.eclipse.m2e.maven.runtime_3.8.701.20230209-1606\jars\maven-repository-metadata-3.8.7.jar
2023-10-12 11:31:17,376 [Worker-32: Launching mavenrun-19b28a38-1600-4afe-b21e-3e04b1be803d] INFO  o.eclipse.m2e.core.internal.Bundles - 	Entry: C:\Users\rahulr\eclipse\eclipse-jee-2023-03\eclipse\plugins\org.eclipse.m2e.maven.runtime_3.8.701.20230209-1606\jars\maven-resolver-api-1.6.3.jar
2023-10-12 11:31:17,377 [Worker-32: Launching mavenrun-19b28a38-1600-4afe-b21e-3e04b1be803d] INFO  o.eclipse.m2e.core.internal.Bundles - 	Entry: C:\Users\rahulr\eclipse\eclipse-jee-2023-03\eclipse\plugins\org.eclipse.m2e.maven.runtime_3.8.701.20230209-1606\jars\maven-resolver-connector-basic-1.6.3.jar
2023-10-12 11:31:17,377 [Worker-32: Launching mavenrun-19b28a38-1600-4afe-b21e-3e04b1be803d] INFO  o.eclipse.m2e.core.internal.Bundles - 	Entry: C:\Users\rahulr\eclipse\eclipse-jee-2023-03\eclipse\plugins\org.eclipse.m2e.maven.runtime_3.8.701.20230209-1606\jars\maven-resolver-impl-1.6.3.jar
2023-10-12 11:31:17,377 [Worker-32: Launching mavenrun-19b28a38-1600-4afe-b21e-3e04b1be803d] INFO  o.eclipse.m2e.core.internal.Bundles - 	Entry: C:\Users\rahulr\eclipse\eclipse-jee-2023-03\eclipse\plugins\org.eclipse.m2e.maven.runtime_3.8.701.20230209-1606\jars\maven-resolver-provider-3.8.7.jar
2023-10-12 11:31:17,377 [Worker-32: Launching mavenrun-19b28a38-1600-4afe-b21e-3e04b1be803d] INFO  o.eclipse.m2e.core.internal.Bundles - 	Entry: C:\Users\rahulr\eclipse\eclipse-jee-2023-03\eclipse\plugins\org.eclipse.m2e.maven.runtime_3.8.701.20230209-1606\jars\maven-resolver-spi-1.6.3.jar
2023-10-12 11:31:17,377 [Worker-32: Launching mavenrun-19b28a38-1600-4afe-b21e-3e04b1be803d] INFO  o.eclipse.m2e.core.internal.Bundles - 	Entry: C:\Users\rahulr\eclipse\eclipse-jee-2023-03\eclipse\plugins\org.eclipse.m2e.maven.runtime_3.8.701.20230209-1606\jars\maven-resolver-transport-wagon-1.6.3.jar
2023-10-12 11:31:17,377 [Worker-32: Launching mavenrun-19b28a38-1600-4afe-b21e-3e04b1be803d] INFO  o.eclipse.m2e.core.internal.Bundles - 	Entry: C:\Users\rahulr\eclipse\eclipse-jee-2023-03\eclipse\plugins\org.eclipse.m2e.maven.runtime_3.8.701.20230209-1606\jars\maven-resolver-util-1.6.3.jar
2023-10-12 11:31:17,377 [Worker-32: Launching mavenrun-19b28a38-1600-4afe-b21e-3e04b1be803d] INFO  o.eclipse.m2e.core.internal.Bundles - 	Entry: C:\Users\rahulr\eclipse\eclipse-jee-2023-03\eclipse\plugins\org.eclipse.m2e.maven.runtime_3.8.701.20230209-1606\jars\maven-settings-3.8.7.jar
2023-10-12 11:31:17,378 [Worker-32: Launching mavenrun-19b28a38-1600-4afe-b21e-3e04b1be803d] INFO  o.eclipse.m2e.core.internal.Bundles - 	Entry: C:\Users\rahulr\eclipse\eclipse-jee-2023-03\eclipse\plugins\org.eclipse.m2e.maven.runtime_3.8.701.20230209-1606\jars\maven-settings-builder-3.8.7.jar
2023-10-12 11:31:17,378 [Worker-32: Launching mavenrun-19b28a38-1600-4afe-b21e-3e04b1be803d] INFO  o.eclipse.m2e.core.internal.Bundles - 	Entry: C:\Users\rahulr\eclipse\eclipse-jee-2023-03\eclipse\plugins\org.eclipse.m2e.maven.runtime_3.8.701.20230209-1606\jars\maven-shared-utils-3.3.4.jar
2023-10-12 11:31:17,378 [Worker-32: Launching mavenrun-19b28a38-1600-4afe-b21e-3e04b1be803d] INFO  o.eclipse.m2e.core.internal.Bundles - 	Entry: C:\Users\rahulr\eclipse\eclipse-jee-2023-03\eclipse\plugins\org.eclipse.m2e.maven.runtime_3.8.701.20230209-1606\jars\okhttp-3.14.1.jar
2023-10-12 11:31:17,378 [Worker-32: Launching mavenrun-19b28a38-1600-4afe-b21e-3e04b1be803d] INFO  o.eclipse.m2e.core.internal.Bundles - 	Entry: C:\Users\rahulr\eclipse\eclipse-jee-2023-03\eclipse\plugins\org.eclipse.m2e.maven.runtime_3.8.701.20230209-1606\jars\okio-1.17.3.jar
2023-10-12 11:31:17,378 [Worker-32: Launching mavenrun-19b28a38-1600-4afe-b21e-3e04b1be803d] INFO  o.eclipse.m2e.core.internal.Bundles - 	Entry: C:\Users\rahulr\eclipse\eclipse-jee-2023-03\eclipse\plugins\org.eclipse.m2e.maven.runtime_3.8.701.20230209-1606\jars\org.eclipse.sisu.inject-0.3.5.jar
2023-10-12 11:31:17,379 [Worker-32: Launching mavenrun-19b28a38-1600-4afe-b21e-3e04b1be803d] INFO  o.eclipse.m2e.core.internal.Bundles - 	Entry: C:\Users\rahulr\eclipse\eclipse-jee-2023-03\eclipse\plugins\org.eclipse.m2e.maven.runtime_3.8.701.20230209-1606\jars\org.eclipse.sisu.plexus-0.3.5.jar
2023-10-12 11:31:17,379 [Worker-32: Launching mavenrun-19b28a38-1600-4afe-b21e-3e04b1be803d] INFO  o.eclipse.m2e.core.internal.Bundles - 	Entry: C:\Users\rahulr\eclipse\eclipse-jee-2023-03\eclipse\plugins\org.eclipse.m2e.maven.runtime_3.8.701.20230209-1606\jars\plexus-build-api-0.0.7.jar
2023-10-12 11:31:17,379 [Worker-32: Launching mavenrun-19b28a38-1600-4afe-b21e-3e04b1be803d] INFO  o.eclipse.m2e.core.internal.Bundles - 	Entry: C:\Users\rahulr\eclipse\eclipse-jee-2023-03\eclipse\plugins\org.eclipse.m2e.maven.runtime_3.8.701.20230209-1606\jars\plexus-cipher-2.0.jar
2023-10-12 11:31:17,380 [Worker-32: Launching mavenrun-19b28a38-1600-4afe-b21e-3e04b1be803d] INFO  o.eclipse.m2e.core.internal.Bundles - 	Entry: C:\Users\rahulr\eclipse\eclipse-jee-2023-03\eclipse\plugins\org.eclipse.m2e.maven.runtime_3.8.701.20230209-1606\jars\plexus-classworlds-2.6.0.jar
2023-10-12 11:31:17,380 [Worker-32: Launching mavenrun-19b28a38-1600-4afe-b21e-3e04b1be803d] INFO  o.eclipse.m2e.core.internal.Bundles - 	Entry: C:\Users\rahulr\eclipse\eclipse-jee-2023-03\eclipse\plugins\org.eclipse.m2e.maven.runtime_3.8.701.20230209-1606\jars\plexus-component-annotations-2.1.0.jar
2023-10-12 11:31:17,381 [Worker-32: Launching mavenrun-19b28a38-1600-4afe-b21e-3e04b1be803d] INFO  o.eclipse.m2e.core.internal.Bundles - 	Entry: C:\Users\rahulr\eclipse\eclipse-jee-2023-03\eclipse\plugins\org.eclipse.m2e.maven.runtime_3.8.701.20230209-1606\jars\plexus-interpolation-1.26.jar
2023-10-12 11:31:17,381 [Worker-32: Launching mavenrun-19b28a38-1600-4afe-b21e-3e04b1be803d] INFO  o.eclipse.m2e.core.internal.Bundles - 	Entry: C:\Users\rahulr\eclipse\eclipse-jee-2023-03\eclipse\plugins\org.eclipse.m2e.maven.runtime_3.8.701.20230209-1606\jars\plexus-sec-dispatcher-2.0.jar
2023-10-12 11:31:17,381 [Worker-32: Launching mavenrun-19b28a38-1600-4afe-b21e-3e04b1be803d] INFO  o.eclipse.m2e.core.internal.Bundles - 	Entry: C:\Users\rahulr\eclipse\eclipse-jee-2023-03\eclipse\plugins\org.eclipse.m2e.maven.runtime_3.8.701.20230209-1606\jars\plexus-utils-3.3.1.jar
2023-10-12 11:31:17,381 [Worker-32: Launching mavenrun-19b28a38-1600-4afe-b21e-3e04b1be803d] INFO  o.eclipse.m2e.core.internal.Bundles - 	Entry: C:\Users\rahulr\eclipse\eclipse-jee-2023-03\eclipse\plugins\org.eclipse.m2e.maven.runtime_3.8.701.20230209-1606\jars\wagon-file-3.5.3.jar
2023-10-12 11:31:17,381 [Worker-32: Launching mavenrun-19b28a38-1600-4afe-b21e-3e04b1be803d] INFO  o.eclipse.m2e.core.internal.Bundles - 	Entry: C:\Users\rahulr\eclipse\eclipse-jee-2023-03\eclipse\plugins\org.eclipse.m2e.maven.runtime_3.8.701.20230209-1606\jars\wagon-provider-api-3.5.3.jar
2023-10-12 11:31:17,383 [Worker-32: Launching mavenrun-19b28a38-1600-4afe-b21e-3e04b1be803d] INFO  o.eclipse.m2e.core.internal.Bundles - getClasspathEntries(Bundle=com.google.guava_31.1.0.jre [11])
2023-10-12 11:31:17,385 [Worker-32: Launching mavenrun-19b28a38-1600-4afe-b21e-3e04b1be803d] INFO  o.eclipse.m2e.core.internal.Bundles - 	Entry: C:\Users\rahulr\eclipse\eclipse-jee-2023-03\eclipse\plugins\com.google.guava_31.1.0.jre.jar
2023-10-12 11:31:17,386 [Worker-32: Launching mavenrun-19b28a38-1600-4afe-b21e-3e04b1be803d] INFO  o.eclipse.m2e.core.internal.Bundles - getClasspathEntries(Bundle=slf4j.api_1.7.36 [924])
2023-10-12 11:31:17,387 [Worker-32: Launching mavenrun-19b28a38-1600-4afe-b21e-3e04b1be803d] INFO  o.eclipse.m2e.core.internal.Bundles - 	Entry: C:\Users\rahulr\eclipse\eclipse-jee-2023-03\eclipse\plugins\slf4j.api_1.7.36.jar
2023-10-12 11:31:17,387 [Worker-32: Launching mavenrun-19b28a38-1600-4afe-b21e-3e04b1be803d] INFO  o.eclipse.m2e.core.internal.Bundles - getClasspathEntries(Bundle=javax.inject_1.0.0.v20220405-0441 [35])
2023-10-12 11:31:17,389 [Worker-32: Launching mavenrun-19b28a38-1600-4afe-b21e-3e04b1be803d] INFO  o.eclipse.m2e.core.internal.Bundles - 	Entry: C:\Users\rahulr\eclipse\eclipse-jee-2023-03\eclipse\plugins\javax.inject_1.0.0.v20220405-0441.jar
2023-10-12 11:31:17,389 [Worker-32: Launching mavenrun-19b28a38-1600-4afe-b21e-3e04b1be803d] INFO  o.eclipse.m2e.core.internal.Bundles - getClasspathEntries(Bundle=javax.annotation_1.3.5.v20221203-1659 [33])
2023-10-12 11:31:17,390 [Worker-32: Launching mavenrun-19b28a38-1600-4afe-b21e-3e04b1be803d] INFO  o.eclipse.m2e.core.internal.Bundles - 	Entry: C:\Users\rahulr\eclipse\eclipse-jee-2023-03\eclipse\plugins\javax.annotation_1.3.5.v20221203-1659.jar
2023-10-12 11:31:17,390 [Worker-32: Launching mavenrun-19b28a38-1600-4afe-b21e-3e04b1be803d] INFO  o.eclipse.m2e.core.internal.Bundles - getClasspathEntries(Bundle=org.apache.commons.cli_1.4.0.v20221112-0806 [67])
2023-10-12 11:31:17,391 [Worker-32: Launching mavenrun-19b28a38-1600-4afe-b21e-3e04b1be803d] INFO  o.eclipse.m2e.core.internal.Bundles - 	Entry: C:\Users\rahulr\eclipse\eclipse-jee-2023-03\eclipse\plugins\org.apache.commons.cli_1.4.0.v20221112-0806.jar
2023-10-12 11:31:17,391 [Worker-32: Launching mavenrun-19b28a38-1600-4afe-b21e-3e04b1be803d] INFO  o.eclipse.m2e.core.internal.Bundles - getClasspathEntries(Bundle=com.google.guava.failureaccess_1.0.1 [13])
2023-10-12 11:31:17,392 [Worker-32: Launching mavenrun-19b28a38-1600-4afe-b21e-3e04b1be803d] INFO  o.eclipse.m2e.core.internal.Bundles - 	Entry: C:\Users\rahulr\eclipse\eclipse-jee-2023-03\eclipse\plugins\com.google.guava.failureaccess_1.0.1.jar
2023-10-12 11:31:17,396 [Worker-32: Launching mavenrun-19b28a38-1600-4afe-b21e-3e04b1be803d] INFO  o.e.m.i.launch.MavenLaunchDelegate - Run build in "C:\Users\rahulr\AppData\Local\Temp\m2e-archetypeGenerator5595048757304856040":
2023-10-12 11:31:17,397 [Worker-32: Launching mavenrun-19b28a38-1600-4afe-b21e-3e04b1be803d] INFO  o.e.m.i.launch.MavenLaunchDelegate -  mvn  -DarchetypeGroupId=de.bripkens -DarchetypeArtifactId=java-quickstart -DarchetypeVersion=0.2.0 -DgroupId=infinite -DartifactId=EJBHelloWorldClient -Dversion=0.0.1-SNAPSHOT -Dpackage=com.java.ejb -DoutputDirectory="D:\eclipse-workspace\Day 34\EJB" -Dstyle.color=always -U archetype:generate
2023-10-12 11:32:10,029 [Worker-28: Creating java-quickstart] INFO  o.e.m.c.i.p.ProjectConfigurationManager - Collecting project info '/pom.xml' D:\eclipse-workspace\Day 34\EJB\EJBHelloWorldClient\pom.xml
2023-10-12 11:32:13,974 [Worker-28: Creating java-quickstart] INFO  o.e.m.c.i.l.LifecycleMappingFactory - Using org.eclipse.m2e.jdt.JarLifecycleMapping lifecycle mapping for MavenProject: infinite:EJBHelloWorldClient:0.0.1-SNAPSHOT @ D:\eclipse-workspace\Day 34\EJB\EJBHelloWorldClient\pom.xml.
2023-10-12 11:32:15,158 [Worker-28: Creating java-quickstart] INFO  o.e.m.j.i.AbstractJavaProjectConfigurator - Adding source folder /EJBHelloWorldClient/src/main/java
2023-10-12 11:32:15,160 [Worker-28: Creating java-quickstart] INFO  o.e.m.j.i.AbstractJavaProjectConfigurator - Adding source folder /EJBHelloWorldClient/src/test/java
2023-10-12 11:32:16,032 [Worker-28: Creating java-quickstart] INFO  o.e.m.c.i.embedder.EclipseLogger - Using 'UTF-8' encoding to copy filtered resources.
2023-10-12 11:32:16,032 [Worker-28: Creating java-quickstart] INFO  o.e.m.c.i.embedder.EclipseLogger - skip non existing resourceDirectory D:\eclipse-workspace\Day 34\EJB\EJBHelloWorldClient\src\main\resources
2023-10-12 11:32:16,035 [Worker-28: Creating java-quickstart] INFO  o.e.m.c.i.embedder.EclipseLogger - Using 'UTF-8' encoding to copy filtered resources.
2023-10-12 11:32:16,035 [Worker-28: Creating java-quickstart] INFO  o.e.m.c.i.embedder.EclipseLogger - skip non existing resourceDirectory D:\eclipse-workspace\Day 34\EJB\EJBHelloWorldClient\src\test\resources
2023-10-12 11:32:16,236 [Worker-28: Creating java-quickstart] INFO  o.e.m.c.i.p.ProjectConfigurationManager - Imported and configured 1 project(s) in 6 sec
2023-10-12 11:36:16,204 [Worker-36: Building] INFO  o.e.m.c.i.embedder.EclipseLogger - Using 'UTF-8' encoding to copy filtered resources.
2023-10-12 11:36:16,204 [Worker-36: Building] INFO  o.e.m.c.i.embedder.EclipseLogger - skip non existing resourceDirectory D:\eclipse-workspace\Day 34\EJB\EJBHelloWorldClient\src\main\resources
2023-10-12 11:36:16,205 [Worker-36: Building] INFO  o.e.m.c.i.embedder.EclipseLogger - Using 'UTF-8' encoding to copy filtered resources.
2023-10-12 11:36:16,205 [Worker-36: Building] INFO  o.e.m.c.i.embedder.EclipseLogger - skip non existing resourceDirectory D:\eclipse-workspace\Day 34\EJB\EJBHelloWorldClient\src\test\resources
2023-10-12 11:37:18,287 [Worker-34: Building] INFO  o.e.m.c.i.embedder.EclipseLogger - Using 'UTF-8' encoding to copy filtered resources.
2023-10-12 11:37:18,287 [Worker-34: Building] INFO  o.e.m.c.i.embedder.EclipseLogger - skip non existing resourceDirectory D:\eclipse-workspace\Day 34\EJB\EJBHelloWorldClient\src\main\resources
2023-10-12 11:37:18,288 [Worker-34: Building] INFO  o.e.m.c.i.embedder.EclipseLogger - Using 'UTF-8' encoding to copy filtered resources.
2023-10-12 11:37:18,288 [Worker-34: Building] INFO  o.e.m.c.i.embedder.EclipseLogger - skip non existing resourceDirectory D:\eclipse-workspace\Day 34\EJB\EJBHelloWorldClient\src\test\resources
2023-10-12 11:40:05,333 [Worker-39: Building] INFO  o.e.m.c.i.embedder.EclipseLogger - Using 'UTF-8' encoding to copy filtered resources.
2023-10-12 11:40:05,334 [Worker-39: Building] INFO  o.e.m.c.i.embedder.EclipseLogger - skip non existing resourceDirectory D:\eclipse-workspace\Day 34\EJB\EJBHelloWorldClient\src\main\resources
2023-10-12 11:40:05,335 [Worker-39: Building] INFO  o.e.m.c.i.embedder.EclipseLogger - Using 'UTF-8' encoding to copy filtered resources.
2023-10-12 11:40:05,335 [Worker-39: Building] INFO  o.e.m.c.i.embedder.EclipseLogger - skip non existing resourceDirectory D:\eclipse-workspace\Day 34\EJB\EJBHelloWorldClient\src\test\resources
2023-10-12 11:41:34,155 [Worker-34: Building] INFO  o.e.m.c.i.embedder.EclipseLogger - Using 'UTF-8' encoding to copy filtered resources.
2023-10-12 11:41:34,155 [Worker-34: Building] INFO  o.e.m.c.i.embedder.EclipseLogger - skip non existing resourceDirectory D:\eclipse-workspace\Day 34\EJB\EJBHelloWorldClient\src\main\resources
2023-10-12 11:41:34,157 [Worker-34: Building] INFO  o.e.m.c.i.embedder.EclipseLogger - Using 'UTF-8' encoding to copy filtered resources.
2023-10-12 11:41:34,157 [Worker-34: Building] INFO  o.e.m.c.i.embedder.EclipseLogger - skip non existing resourceDirectory D:\eclipse-workspace\Day 34\EJB\EJBHelloWorldClient\src\test\resources
2023-10-12 11:45:54,629 [Worker-2: Loading available Gradle versions] INFO  o.e.b.c.i.u.g.PublishedGradleVersions - Gradle version information cache is up-to-date. Trying to read.
2023-10-12 11:46:34,759 [Worker-6: Building] INFO  o.e.m.c.i.embedder.EclipseLogger - Using 'UTF-8' encoding to copy filtered resources.
2023-10-12 11:46:34,761 [Worker-6: Building] INFO  o.e.m.c.i.embedder.EclipseLogger - skip non existing resourceDirectory D:\eclipse-workspace\Day 34\EJB\EJBHelloWorldClient\src\main\resources
2023-10-12 11:46:34,763 [Worker-6: Building] INFO  o.e.m.c.i.embedder.EclipseLogger - Using 'UTF-8' encoding to copy filtered resources.
2023-10-12 11:46:34,763 [Worker-6: Building] INFO  o.e.m.c.i.embedder.EclipseLogger - skip non existing resourceDirectory D:\eclipse-workspace\Day 34\EJB\EJBHelloWorldClient\src\test\resources
2023-10-12 11:49:33,637 [Worker-0: Building] INFO  o.e.m.c.i.embedder.EclipseLogger - Using 'UTF-8' encoding to copy filtered resources.
2023-10-12 11:49:33,637 [Worker-0: Building] INFO  o.e.m.c.i.embedder.EclipseLogger - skip non existing resourceDirectory D:\eclipse-workspace\Day 34\EJB\EJBHelloWorldClient\src\main\resources
2023-10-12 11:49:33,642 [Worker-0: Building] INFO  o.e.m.c.i.embedder.EclipseLogger - Using 'UTF-8' encoding to copy filtered resources.
2023-10-12 11:49:33,642 [Worker-0: Building] INFO  o.e.m.c.i.embedder.EclipseLogger - skip non existing resourceDirectory D:\eclipse-workspace\Day 34\EJB\EJBHelloWorldClient\src\test\resources
2023-10-12 11:50:54,533 [Worker-10: Building] INFO  o.e.m.c.i.embedder.EclipseLogger - Using 'UTF-8' encoding to copy filtered resources.
2023-10-12 11:50:54,533 [Worker-10: Building] INFO  o.e.m.c.i.embedder.EclipseLogger - skip non existing resourceDirectory D:\eclipse-workspace\Day 34\EJB\EJBHelloWorldClient\src\main\resources
2023-10-12 11:50:54,534 [Worker-10: Building] INFO  o.e.m.c.i.embedder.EclipseLogger - Using 'UTF-8' encoding to copy filtered resources.
2023-10-12 11:50:54,535 [Worker-10: Building] INFO  o.e.m.c.i.embedder.EclipseLogger - skip non existing resourceDirectory D:\eclipse-workspace\Day 34\EJB\EJBHelloWorldClient\src\test\resources
2023-10-12 11:51:34,372 [Worker-5: Building] INFO  o.e.m.c.i.embedder.EclipseLogger - Using 'UTF-8' encoding to copy filtered resources.
2023-10-12 11:51:34,372 [Worker-5: Building] INFO  o.e.m.c.i.embedder.EclipseLogger - skip non existing resourceDirectory D:\eclipse-workspace\Day 34\EJB\EJBHelloWorldClient\src\main\resources
2023-10-12 11:51:34,374 [Worker-5: Building] INFO  o.e.m.c.i.embedder.EclipseLogger - Using 'UTF-8' encoding to copy filtered resources.
2023-10-12 11:51:34,374 [Worker-5: Building] INFO  o.e.m.c.i.embedder.EclipseLogger - skip non existing resourceDirectory D:\eclipse-workspace\Day 34\EJB\EJBHelloWorldClient\src\test\resources
2023-10-12 11:51:41,628 [Worker-20: Building] INFO  o.e.m.c.i.embedder.EclipseLogger - Using 'UTF-8' encoding to copy filtered resources.
2023-10-12 11:51:41,628 [Worker-20: Building] INFO  o.e.m.c.i.embedder.EclipseLogger - skip non existing resourceDirectory D:\eclipse-workspace\Day 34\EJB\EJBHelloWorldClient\src\main\resources
2023-10-12 11:51:41,630 [Worker-20: Building] INFO  o.e.m.c.i.embedder.EclipseLogger - Using 'UTF-8' encoding to copy filtered resources.
2023-10-12 11:51:41,630 [Worker-20: Building] INFO  o.e.m.c.i.embedder.EclipseLogger - skip non existing resourceDirectory D:\eclipse-workspace\Day 34\EJB\EJBHelloWorldClient\src\test\resources
2023-10-12 11:52:15,894 [Worker-19: Building] INFO  o.e.m.c.i.embedder.EclipseLogger - Using 'UTF-8' encoding to copy filtered resources.
2023-10-12 11:52:15,894 [Worker-19: Building] INFO  o.e.m.c.i.embedder.EclipseLogger - skip non existing resourceDirectory D:\eclipse-workspace\Day 34\EJB\EJBHelloWorldClient\src\main\resources
2023-10-12 11:52:15,897 [Worker-19: Building] INFO  o.e.m.c.i.embedder.EclipseLogger - Using 'UTF-8' encoding to copy filtered resources.
2023-10-12 11:52:15,898 [Worker-19: Building] INFO  o.e.m.c.i.embedder.EclipseLogger - skip non existing resourceDirectory D:\eclipse-workspace\Day 34\EJB\EJBHelloWorldClient\src\test\resources
2023-10-12 12:08:38,583 [Worker-1: Loading available Gradle versions] INFO  o.e.b.c.i.u.g.PublishedGradleVersions - Gradle version information cache is up-to-date. Trying to read.
2023-10-12 12:12:39,108 [Worker-1: Loading available Gradle versions] INFO  o.e.b.c.i.u.g.PublishedGradleVersions - Gradle version information cache is up-to-date. Trying to read.
