2023-10-10 09:23:49,423 [Worker-1: Loading available Gradle versions] INFO  o.e.b.c.i.u.g.PublishedGradleVersions - Gradle version information cache is up-to-date. Trying to read.
2023-10-10 09:24:15,260 [Worker-1: Loading available Gradle versions] INFO  o.e.b.c.i.u.g.PublishedGradleVersions - Gradle version information cache is up-to-date. Trying to read.
2023-10-10 09:26:15,794 [Worker-10: Launching mavenrun-2467e053-1696-482f-ba64-41543d5a313b] INFO  o.eclipse.m2e.core.internal.Bundles - getClasspathEntries(Bundle=org.eclipse.m2e.maven.runtime_3.8.701.20230209-1606 [610])
2023-10-10 09:26:15,801 [Worker-10: Launching mavenrun-2467e053-1696-482f-ba64-41543d5a313b] INFO  o.eclipse.m2e.core.internal.Bundles - 	Entry: C:\Users\rahulr\eclipse\eclipse-jee-2023-03\eclipse\plugins\org.eclipse.m2e.maven.runtime_3.8.701.20230209-1606
2023-10-10 09:26:15,803 [Worker-10: Launching mavenrun-2467e053-1696-482f-ba64-41543d5a313b] INFO  o.eclipse.m2e.core.internal.Bundles - 	Entry: C:\Users\rahulr\eclipse\eclipse-jee-2023-03\eclipse\plugins\org.eclipse.m2e.maven.runtime_3.8.701.20230209-1606\jars\aether-connector-okhttp-0.17.8.jar
2023-10-10 09:26:15,804 [Worker-10: Launching mavenrun-2467e053-1696-482f-ba64-41543d5a313b] INFO  o.eclipse.m2e.core.internal.Bundles - 	Entry: C:\Users\rahulr\eclipse\eclipse-jee-2023-03\eclipse\plugins\org.eclipse.m2e.maven.runtime_3.8.701.20230209-1606\jars\commons-lang3-3.8.1.jar
2023-10-10 09:26:15,804 [Worker-10: Launching mavenrun-2467e053-1696-482f-ba64-41543d5a313b] INFO  o.eclipse.m2e.core.internal.Bundles - 	Entry: C:\Users\rahulr\eclipse\eclipse-jee-2023-03\eclipse\plugins\org.eclipse.m2e.maven.runtime_3.8.701.20230209-1606\jars\guice-4.2.2-no_aop.jar
2023-10-10 09:26:15,804 [Worker-10: Launching mavenrun-2467e053-1696-482f-ba64-41543d5a313b] INFO  o.eclipse.m2e.core.internal.Bundles - 	Entry: C:\Users\rahulr\eclipse\eclipse-jee-2023-03\eclipse\plugins\org.eclipse.m2e.maven.runtime_3.8.701.20230209-1606\jars\jansi-2.4.0.jar
2023-10-10 09:26:15,804 [Worker-10: Launching mavenrun-2467e053-1696-482f-ba64-41543d5a313b] INFO  o.eclipse.m2e.core.internal.Bundles - 	Entry: C:\Users\rahulr\eclipse\eclipse-jee-2023-03\eclipse\plugins\org.eclipse.m2e.maven.runtime_3.8.701.20230209-1606\jars\maven-artifact-3.8.7.jar
2023-10-10 09:26:15,804 [Worker-10: Launching mavenrun-2467e053-1696-482f-ba64-41543d5a313b] INFO  o.eclipse.m2e.core.internal.Bundles - 	Entry: C:\Users\rahulr\eclipse\eclipse-jee-2023-03\eclipse\plugins\org.eclipse.m2e.maven.runtime_3.8.701.20230209-1606\jars\maven-builder-support-3.8.7.jar
2023-10-10 09:26:15,804 [Worker-10: Launching mavenrun-2467e053-1696-482f-ba64-41543d5a313b] INFO  o.eclipse.m2e.core.internal.Bundles - 	Entry: C:\Users\rahulr\eclipse\eclipse-jee-2023-03\eclipse\plugins\org.eclipse.m2e.maven.runtime_3.8.701.20230209-1606\jars\maven-compat-3.8.7.jar
2023-10-10 09:26:15,804 [Worker-10: Launching mavenrun-2467e053-1696-482f-ba64-41543d5a313b] INFO  o.eclipse.m2e.core.internal.Bundles - 	Entry: C:\Users\rahulr\eclipse\eclipse-jee-2023-03\eclipse\plugins\org.eclipse.m2e.maven.runtime_3.8.701.20230209-1606\jars\maven-core-3.8.7.jar
2023-10-10 09:26:15,805 [Worker-10: Launching mavenrun-2467e053-1696-482f-ba64-41543d5a313b] INFO  o.eclipse.m2e.core.internal.Bundles - 	Entry: C:\Users\rahulr\eclipse\eclipse-jee-2023-03\eclipse\plugins\org.eclipse.m2e.maven.runtime_3.8.701.20230209-1606\jars\maven-embedder-3.8.7.jar
2023-10-10 09:26:15,805 [Worker-10: Launching mavenrun-2467e053-1696-482f-ba64-41543d5a313b] INFO  o.eclipse.m2e.core.internal.Bundles - 	Entry: C:\Users\rahulr\eclipse\eclipse-jee-2023-03\eclipse\plugins\org.eclipse.m2e.maven.runtime_3.8.701.20230209-1606\jars\maven-model-3.8.7.jar
2023-10-10 09:26:15,805 [Worker-10: Launching mavenrun-2467e053-1696-482f-ba64-41543d5a313b] INFO  o.eclipse.m2e.core.internal.Bundles - 	Entry: C:\Users\rahulr\eclipse\eclipse-jee-2023-03\eclipse\plugins\org.eclipse.m2e.maven.runtime_3.8.701.20230209-1606\jars\maven-model-builder-3.8.7.jar
2023-10-10 09:26:15,805 [Worker-10: Launching mavenrun-2467e053-1696-482f-ba64-41543d5a313b] INFO  o.eclipse.m2e.core.internal.Bundles - 	Entry: C:\Users\rahulr\eclipse\eclipse-jee-2023-03\eclipse\plugins\org.eclipse.m2e.maven.runtime_3.8.701.20230209-1606\jars\maven-plugin-api-3.8.7.jar
2023-10-10 09:26:15,805 [Worker-10: Launching mavenrun-2467e053-1696-482f-ba64-41543d5a313b] INFO  o.eclipse.m2e.core.internal.Bundles - 	Entry: C:\Users\rahulr\eclipse\eclipse-jee-2023-03\eclipse\plugins\org.eclipse.m2e.maven.runtime_3.8.701.20230209-1606\jars\maven-repository-metadata-3.8.7.jar
2023-10-10 09:26:15,806 [Worker-10: Launching mavenrun-2467e053-1696-482f-ba64-41543d5a313b] INFO  o.eclipse.m2e.core.internal.Bundles - 	Entry: C:\Users\rahulr\eclipse\eclipse-jee-2023-03\eclipse\plugins\org.eclipse.m2e.maven.runtime_3.8.701.20230209-1606\jars\maven-resolver-api-1.6.3.jar
2023-10-10 09:26:15,806 [Worker-10: Launching mavenrun-2467e053-1696-482f-ba64-41543d5a313b] INFO  o.eclipse.m2e.core.internal.Bundles - 	Entry: C:\Users\rahulr\eclipse\eclipse-jee-2023-03\eclipse\plugins\org.eclipse.m2e.maven.runtime_3.8.701.20230209-1606\jars\maven-resolver-connector-basic-1.6.3.jar
2023-10-10 09:26:15,806 [Worker-10: Launching mavenrun-2467e053-1696-482f-ba64-41543d5a313b] INFO  o.eclipse.m2e.core.internal.Bundles - 	Entry: C:\Users\rahulr\eclipse\eclipse-jee-2023-03\eclipse\plugins\org.eclipse.m2e.maven.runtime_3.8.701.20230209-1606\jars\maven-resolver-impl-1.6.3.jar
2023-10-10 09:26:15,806 [Worker-10: Launching mavenrun-2467e053-1696-482f-ba64-41543d5a313b] INFO  o.eclipse.m2e.core.internal.Bundles - 	Entry: C:\Users\rahulr\eclipse\eclipse-jee-2023-03\eclipse\plugins\org.eclipse.m2e.maven.runtime_3.8.701.20230209-1606\jars\maven-resolver-provider-3.8.7.jar
2023-10-10 09:26:15,806 [Worker-10: Launching mavenrun-2467e053-1696-482f-ba64-41543d5a313b] INFO  o.eclipse.m2e.core.internal.Bundles - 	Entry: C:\Users\rahulr\eclipse\eclipse-jee-2023-03\eclipse\plugins\org.eclipse.m2e.maven.runtime_3.8.701.20230209-1606\jars\maven-resolver-spi-1.6.3.jar
2023-10-10 09:26:15,806 [Worker-10: Launching mavenrun-2467e053-1696-482f-ba64-41543d5a313b] INFO  o.eclipse.m2e.core.internal.Bundles - 	Entry: C:\Users\rahulr\eclipse\eclipse-jee-2023-03\eclipse\plugins\org.eclipse.m2e.maven.runtime_3.8.701.20230209-1606\jars\maven-resolver-transport-wagon-1.6.3.jar
2023-10-10 09:26:15,807 [Worker-10: Launching mavenrun-2467e053-1696-482f-ba64-41543d5a313b] INFO  o.eclipse.m2e.core.internal.Bundles - 	Entry: C:\Users\rahulr\eclipse\eclipse-jee-2023-03\eclipse\plugins\org.eclipse.m2e.maven.runtime_3.8.701.20230209-1606\jars\maven-resolver-util-1.6.3.jar
2023-10-10 09:26:15,807 [Worker-10: Launching mavenrun-2467e053-1696-482f-ba64-41543d5a313b] INFO  o.eclipse.m2e.core.internal.Bundles - 	Entry: C:\Users\rahulr\eclipse\eclipse-jee-2023-03\eclipse\plugins\org.eclipse.m2e.maven.runtime_3.8.701.20230209-1606\jars\maven-settings-3.8.7.jar
2023-10-10 09:26:15,807 [Worker-10: Launching mavenrun-2467e053-1696-482f-ba64-41543d5a313b] INFO  o.eclipse.m2e.core.internal.Bundles - 	Entry: C:\Users\rahulr\eclipse\eclipse-jee-2023-03\eclipse\plugins\org.eclipse.m2e.maven.runtime_3.8.701.20230209-1606\jars\maven-settings-builder-3.8.7.jar
2023-10-10 09:26:15,807 [Worker-10: Launching mavenrun-2467e053-1696-482f-ba64-41543d5a313b] INFO  o.eclipse.m2e.core.internal.Bundles - 	Entry: C:\Users\rahulr\eclipse\eclipse-jee-2023-03\eclipse\plugins\org.eclipse.m2e.maven.runtime_3.8.701.20230209-1606\jars\maven-shared-utils-3.3.4.jar
2023-10-10 09:26:15,808 [Worker-10: Launching mavenrun-2467e053-1696-482f-ba64-41543d5a313b] INFO  o.eclipse.m2e.core.internal.Bundles - 	Entry: C:\Users\rahulr\eclipse\eclipse-jee-2023-03\eclipse\plugins\org.eclipse.m2e.maven.runtime_3.8.701.20230209-1606\jars\okhttp-3.14.1.jar
2023-10-10 09:26:15,808 [Worker-10: Launching mavenrun-2467e053-1696-482f-ba64-41543d5a313b] INFO  o.eclipse.m2e.core.internal.Bundles - 	Entry: C:\Users\rahulr\eclipse\eclipse-jee-2023-03\eclipse\plugins\org.eclipse.m2e.maven.runtime_3.8.701.20230209-1606\jars\okio-1.17.3.jar
2023-10-10 09:26:15,808 [Worker-10: Launching mavenrun-2467e053-1696-482f-ba64-41543d5a313b] INFO  o.eclipse.m2e.core.internal.Bundles - 	Entry: C:\Users\rahulr\eclipse\eclipse-jee-2023-03\eclipse\plugins\org.eclipse.m2e.maven.runtime_3.8.701.20230209-1606\jars\org.eclipse.sisu.inject-0.3.5.jar
2023-10-10 09:26:15,808 [Worker-10: Launching mavenrun-2467e053-1696-482f-ba64-41543d5a313b] INFO  o.eclipse.m2e.core.internal.Bundles - 	Entry: C:\Users\rahulr\eclipse\eclipse-jee-2023-03\eclipse\plugins\org.eclipse.m2e.maven.runtime_3.8.701.20230209-1606\jars\org.eclipse.sisu.plexus-0.3.5.jar
2023-10-10 09:26:15,808 [Worker-10: Launching mavenrun-2467e053-1696-482f-ba64-41543d5a313b] INFO  o.eclipse.m2e.core.internal.Bundles - 	Entry: C:\Users\rahulr\eclipse\eclipse-jee-2023-03\eclipse\plugins\org.eclipse.m2e.maven.runtime_3.8.701.20230209-1606\jars\plexus-build-api-0.0.7.jar
2023-10-10 09:26:15,808 [Worker-10: Launching mavenrun-2467e053-1696-482f-ba64-41543d5a313b] INFO  o.eclipse.m2e.core.internal.Bundles - 	Entry: C:\Users\rahulr\eclipse\eclipse-jee-2023-03\eclipse\plugins\org.eclipse.m2e.maven.runtime_3.8.701.20230209-1606\jars\plexus-cipher-2.0.jar
2023-10-10 09:26:15,808 [Worker-10: Launching mavenrun-2467e053-1696-482f-ba64-41543d5a313b] INFO  o.eclipse.m2e.core.internal.Bundles - 	Entry: C:\Users\rahulr\eclipse\eclipse-jee-2023-03\eclipse\plugins\org.eclipse.m2e.maven.runtime_3.8.701.20230209-1606\jars\plexus-classworlds-2.6.0.jar
2023-10-10 09:26:15,809 [Worker-10: Launching mavenrun-2467e053-1696-482f-ba64-41543d5a313b] INFO  o.eclipse.m2e.core.internal.Bundles - 	Entry: C:\Users\rahulr\eclipse\eclipse-jee-2023-03\eclipse\plugins\org.eclipse.m2e.maven.runtime_3.8.701.20230209-1606\jars\plexus-component-annotations-2.1.0.jar
2023-10-10 09:26:15,809 [Worker-10: Launching mavenrun-2467e053-1696-482f-ba64-41543d5a313b] INFO  o.eclipse.m2e.core.internal.Bundles - 	Entry: C:\Users\rahulr\eclipse\eclipse-jee-2023-03\eclipse\plugins\org.eclipse.m2e.maven.runtime_3.8.701.20230209-1606\jars\plexus-interpolation-1.26.jar
2023-10-10 09:26:15,809 [Worker-10: Launching mavenrun-2467e053-1696-482f-ba64-41543d5a313b] INFO  o.eclipse.m2e.core.internal.Bundles - 	Entry: C:\Users\rahulr\eclipse\eclipse-jee-2023-03\eclipse\plugins\org.eclipse.m2e.maven.runtime_3.8.701.20230209-1606\jars\plexus-sec-dispatcher-2.0.jar
2023-10-10 09:26:15,809 [Worker-10: Launching mavenrun-2467e053-1696-482f-ba64-41543d5a313b] INFO  o.eclipse.m2e.core.internal.Bundles - 	Entry: C:\Users\rahulr\eclipse\eclipse-jee-2023-03\eclipse\plugins\org.eclipse.m2e.maven.runtime_3.8.701.20230209-1606\jars\plexus-utils-3.3.1.jar
2023-10-10 09:26:15,809 [Worker-10: Launching mavenrun-2467e053-1696-482f-ba64-41543d5a313b] INFO  o.eclipse.m2e.core.internal.Bundles - 	Entry: C:\Users\rahulr\eclipse\eclipse-jee-2023-03\eclipse\plugins\org.eclipse.m2e.maven.runtime_3.8.701.20230209-1606\jars\wagon-file-3.5.3.jar
2023-10-10 09:26:15,809 [Worker-10: Launching mavenrun-2467e053-1696-482f-ba64-41543d5a313b] INFO  o.eclipse.m2e.core.internal.Bundles - 	Entry: C:\Users\rahulr\eclipse\eclipse-jee-2023-03\eclipse\plugins\org.eclipse.m2e.maven.runtime_3.8.701.20230209-1606\jars\wagon-provider-api-3.5.3.jar
2023-10-10 09:26:15,811 [Worker-10: Launching mavenrun-2467e053-1696-482f-ba64-41543d5a313b] INFO  o.eclipse.m2e.core.internal.Bundles - getClasspathEntries(Bundle=com.google.guava_31.1.0.jre [11])
2023-10-10 09:26:15,812 [Worker-10: Launching mavenrun-2467e053-1696-482f-ba64-41543d5a313b] INFO  o.eclipse.m2e.core.internal.Bundles - 	Entry: C:\Users\rahulr\eclipse\eclipse-jee-2023-03\eclipse\plugins\com.google.guava_31.1.0.jre.jar
2023-10-10 09:26:15,813 [Worker-10: Launching mavenrun-2467e053-1696-482f-ba64-41543d5a313b] INFO  o.eclipse.m2e.core.internal.Bundles - getClasspathEntries(Bundle=slf4j.api_1.7.36 [924])
2023-10-10 09:26:15,814 [Worker-10: Launching mavenrun-2467e053-1696-482f-ba64-41543d5a313b] INFO  o.eclipse.m2e.core.internal.Bundles - 	Entry: C:\Users\rahulr\eclipse\eclipse-jee-2023-03\eclipse\plugins\slf4j.api_1.7.36.jar
2023-10-10 09:26:15,814 [Worker-10: Launching mavenrun-2467e053-1696-482f-ba64-41543d5a313b] INFO  o.eclipse.m2e.core.internal.Bundles - getClasspathEntries(Bundle=javax.inject_1.0.0.v20220405-0441 [35])
2023-10-10 09:26:15,815 [Worker-10: Launching mavenrun-2467e053-1696-482f-ba64-41543d5a313b] INFO  o.eclipse.m2e.core.internal.Bundles - 	Entry: C:\Users\rahulr\eclipse\eclipse-jee-2023-03\eclipse\plugins\javax.inject_1.0.0.v20220405-0441.jar
2023-10-10 09:26:15,816 [Worker-10: Launching mavenrun-2467e053-1696-482f-ba64-41543d5a313b] INFO  o.eclipse.m2e.core.internal.Bundles - getClasspathEntries(Bundle=javax.annotation_1.3.5.v20221203-1659 [33])
2023-10-10 09:26:15,821 [Worker-10: Launching mavenrun-2467e053-1696-482f-ba64-41543d5a313b] INFO  o.eclipse.m2e.core.internal.Bundles - 	Entry: C:\Users\rahulr\eclipse\eclipse-jee-2023-03\eclipse\plugins\javax.annotation_1.3.5.v20221203-1659.jar
2023-10-10 09:26:15,821 [Worker-10: Launching mavenrun-2467e053-1696-482f-ba64-41543d5a313b] INFO  o.eclipse.m2e.core.internal.Bundles - getClasspathEntries(Bundle=org.apache.commons.cli_1.4.0.v20221112-0806 [67])
2023-10-10 09:26:15,823 [Worker-10: Launching mavenrun-2467e053-1696-482f-ba64-41543d5a313b] INFO  o.eclipse.m2e.core.internal.Bundles - 	Entry: C:\Users\rahulr\eclipse\eclipse-jee-2023-03\eclipse\plugins\org.apache.commons.cli_1.4.0.v20221112-0806.jar
2023-10-10 09:26:15,824 [Worker-10: Launching mavenrun-2467e053-1696-482f-ba64-41543d5a313b] INFO  o.eclipse.m2e.core.internal.Bundles - getClasspathEntries(Bundle=com.google.guava.failureaccess_1.0.1 [13])
2023-10-10 09:26:15,824 [Worker-10: Launching mavenrun-2467e053-1696-482f-ba64-41543d5a313b] INFO  o.eclipse.m2e.core.internal.Bundles - 	Entry: C:\Users\rahulr\eclipse\eclipse-jee-2023-03\eclipse\plugins\com.google.guava.failureaccess_1.0.1.jar
2023-10-10 09:26:15,833 [Worker-10: Launching mavenrun-2467e053-1696-482f-ba64-41543d5a313b] INFO  o.e.m.i.launch.MavenLaunchDelegate - Run build in "C:\Users\rahulr\AppData\Local\Temp\m2e-archetypeGenerator8595465141218611133":
2023-10-10 09:26:15,841 [Worker-10: Launching mavenrun-2467e053-1696-482f-ba64-41543d5a313b] INFO  o.e.m.i.launch.MavenLaunchDelegate -  mvn  -DarchetypeGroupId=org.glassfish.jersey.archetypes -DarchetypeArtifactId=jersey-quickstart-webapp -DarchetypeVersion=3.1.3 -DgroupId=infinite -DartifactId=JsfEx10 -Dversion=0.0.1-SNAPSHOT -Dpackage=com.java.jsf -DoutputDirectory="D:\eclipse-workspace\Day 32" -Dstyle.color=always -U archetype:generate
2023-10-10 09:26:35,444 [Worker-20: Creating jersey-quickstart-webapp] INFO  o.e.m.c.i.p.ProjectConfigurationManager - Collecting project info '/pom.xml' D:\eclipse-workspace\Day 32\JsfEx10\pom.xml
2023-10-10 09:26:39,009 [Worker-20: Creating jersey-quickstart-webapp] INFO  o.e.m.c.i.l.LifecycleMappingFactory - Using org.maven.ide.eclipse.wtp.WarLifecycleMapping lifecycle mapping for MavenProject: infinite:JsfEx10:0.0.1-SNAPSHOT @ D:\eclipse-workspace\Day 32\JsfEx10\pom.xml.
2023-10-10 09:26:42,483 [Worker-20: Creating jersey-quickstart-webapp] INFO  o.e.m.j.i.AbstractJavaProjectConfigurator - Adding source folder /JsfEx10/src/main/java
2023-10-10 09:26:42,483 [Worker-20: Creating jersey-quickstart-webapp] INFO  o.e.m.j.i.AbstractJavaProjectConfigurator - Adding resource folder /JsfEx10/src/main/resources
2023-10-10 09:26:42,485 [Worker-20: Creating jersey-quickstart-webapp] INFO  o.e.m.j.i.AbstractJavaProjectConfigurator - Adding source folder /JsfEx10/src/test/java
2023-10-10 09:26:44,305 [Worker-20: Creating jersey-quickstart-webapp] INFO  o.e.m.c.i.embedder.EclipseLogger - Using 'UTF-8' encoding to copy filtered resources.
2023-10-10 09:26:44,314 [Worker-20: Creating jersey-quickstart-webapp] INFO  o.e.m.c.i.embedder.EclipseLogger - Copying 0 resource
2023-10-10 09:26:44,318 [Worker-20: Creating jersey-quickstart-webapp] INFO  o.e.m.c.i.embedder.EclipseLogger - Using 'UTF-8' encoding to copy filtered resources.
2023-10-10 09:26:44,318 [Worker-20: Creating jersey-quickstart-webapp] INFO  o.e.m.c.i.embedder.EclipseLogger - skip non existing resourceDirectory D:\eclipse-workspace\Day 32\JsfEx10\src\test\resources
2023-10-10 09:26:45,410 [Worker-20: Creating jersey-quickstart-webapp] INFO  o.e.m.c.i.p.ProjectConfigurationManager - Imported and configured 1 project(s) in 9 sec
2023-10-10 09:26:46,193 [Worker-26: Building] INFO  o.e.m.c.i.embedder.EclipseLogger - Using 'UTF-8' encoding to copy filtered resources.
2023-10-10 09:26:46,194 [Worker-26: Building] INFO  o.e.m.c.i.embedder.EclipseLogger - Copying 0 resource
2023-10-10 09:26:46,197 [Worker-26: Building] INFO  o.e.m.c.i.embedder.EclipseLogger - Using 'UTF-8' encoding to copy filtered resources.
2023-10-10 09:26:46,197 [Worker-26: Building] INFO  o.e.m.c.i.embedder.EclipseLogger - skip non existing resourceDirectory D:\eclipse-workspace\Day 32\JsfEx10\src\test\resources
2023-10-10 09:26:54,540 [Worker-10: Building] INFO  o.e.m.c.i.embedder.EclipseLogger - Using 'UTF-8' encoding to copy filtered resources.
2023-10-10 09:26:54,546 [Worker-10: Building] INFO  o.e.m.c.i.embedder.EclipseLogger - Copying 0 resource
2023-10-10 09:26:54,548 [Worker-10: Building] INFO  o.e.m.c.i.embedder.EclipseLogger - Using 'UTF-8' encoding to copy filtered resources.
2023-10-10 09:26:54,549 [Worker-10: Building] INFO  o.e.m.c.i.embedder.EclipseLogger - skip non existing resourceDirectory D:\eclipse-workspace\Day 32\JsfEx10\src\test\resources
2023-10-10 09:27:52,448 [Worker-24: Building] INFO  o.e.m.c.i.embedder.EclipseLogger - Using 'UTF-8' encoding to copy filtered resources.
2023-10-10 09:27:52,448 [Worker-24: Building] INFO  o.e.m.c.i.embedder.EclipseLogger - Copying 0 resource
2023-10-10 09:27:52,450 [Worker-24: Building] INFO  o.e.m.c.i.embedder.EclipseLogger - Using 'UTF-8' encoding to copy filtered resources.
2023-10-10 09:27:52,450 [Worker-24: Building] INFO  o.e.m.c.i.embedder.EclipseLogger - skip non existing resourceDirectory D:\eclipse-workspace\Day 32\JsfEx10\src\test\resources
2023-10-10 09:28:15,481 [Worker-11: Building] INFO  o.e.m.c.i.embedder.EclipseLogger - Using 'UTF-8' encoding to copy filtered resources.
2023-10-10 09:28:15,482 [Worker-11: Building] INFO  o.e.m.c.i.embedder.EclipseLogger - Copying 0 resource
2023-10-10 09:28:15,484 [Worker-11: Building] INFO  o.e.m.c.i.embedder.EclipseLogger - Using 'UTF-8' encoding to copy filtered resources.
2023-10-10 09:28:15,484 [Worker-11: Building] INFO  o.e.m.c.i.embedder.EclipseLogger - skip non existing resourceDirectory D:\eclipse-workspace\Day 32\JsfEx10\src\test\resources
2023-10-10 09:28:44,758 [Worker-10: Building] INFO  o.e.m.c.i.l.LifecycleMappingFactory - Using org.maven.ide.eclipse.wtp.WarLifecycleMapping lifecycle mapping for MavenProject: infinite:JsfEx10:0.0.1-SNAPSHOT @ D:\eclipse-workspace\Day 32\JsfEx10\pom.xml.
2023-10-10 09:28:44,951 [Worker-10: Building] INFO  o.e.m.c.i.embedder.EclipseLogger - Using 'UTF-8' encoding to copy filtered resources.
2023-10-10 09:28:44,952 [Worker-10: Building] INFO  o.e.m.c.i.embedder.EclipseLogger - Copying 0 resource
2023-10-10 09:28:44,954 [Worker-10: Building] INFO  o.e.m.c.i.embedder.EclipseLogger - Using 'UTF-8' encoding to copy filtered resources.
2023-10-10 09:28:44,954 [Worker-10: Building] INFO  o.e.m.c.i.embedder.EclipseLogger - skip non existing resourceDirectory D:\eclipse-workspace\Day 32\JsfEx10\src\test\resources
2023-10-10 09:28:44,954 [Worker-10: Building] INFO  o.e.m.w.i.f.ResourceFilteringBuildParticipant - Changed resources require a complete clean of filtered resources of JsfEx10
2023-10-10 09:28:44,958 [Worker-10: Building] INFO  o.e.m.w.i.f.ResourceFilteringBuildParticipant - Executing resource filtering for JsfEx10
2023-10-10 09:28:56,599 [Worker-25: Updating Maven Project] INFO  o.e.m.c.i.p.ProjectConfigurationManager - Update started
2023-10-10 09:28:56,855 [Worker-25: Updating Maven Project] INFO  o.e.m.c.i.l.LifecycleMappingFactory - Using org.maven.ide.eclipse.wtp.WarLifecycleMapping lifecycle mapping for MavenProject: infinite:JsfEx10:0.0.1-SNAPSHOT @ D:\eclipse-workspace\Day 32\JsfEx10\pom.xml.
2023-10-10 09:28:57,352 [Worker-25: Updating Maven Project] INFO  o.e.m.j.i.AbstractJavaProjectConfigurator - Adding source folder /JsfEx10/src/main/java
2023-10-10 09:28:57,353 [Worker-25: Updating Maven Project] INFO  o.e.m.j.i.AbstractJavaProjectConfigurator - Adding resource folder /JsfEx10/src/main/resources
2023-10-10 09:28:57,353 [Worker-25: Updating Maven Project] INFO  o.e.m.j.i.AbstractJavaProjectConfigurator - Adding source folder /JsfEx10/src/test/java
2023-10-10 09:28:58,107 [Worker-25: Updating Maven Project] INFO  o.e.m.c.i.embedder.EclipseLogger - Using 'UTF-8' encoding to copy filtered resources.
2023-10-10 09:28:58,108 [Worker-25: Updating Maven Project] INFO  o.e.m.c.i.embedder.EclipseLogger - Copying 0 resource
2023-10-10 09:28:58,112 [Worker-25: Updating Maven Project] INFO  o.e.m.c.i.embedder.EclipseLogger - Using 'UTF-8' encoding to copy filtered resources.
2023-10-10 09:28:58,112 [Worker-25: Updating Maven Project] INFO  o.e.m.c.i.embedder.EclipseLogger - skip non existing resourceDirectory D:\eclipse-workspace\Day 32\JsfEx10\src\test\resources
2023-10-10 09:28:58,113 [Worker-25: Updating Maven Project] INFO  o.e.m.w.i.f.ResourceFilteringBuildParticipant - Changed resources require a complete clean of filtered resources of JsfEx10
2023-10-10 09:28:58,113 [Worker-25: Updating Maven Project] INFO  o.e.m.w.i.f.ResourceFilteringBuildParticipant - Executing resource filtering for JsfEx10
2023-10-10 09:28:58,634 [Worker-25: Updating Maven Project] INFO  o.e.m.w.i.f.ResourceFilteringBuildParticipant - Cleaning filtered folder for JsfEx10
2023-10-10 09:28:58,650 [Worker-25: Updating Maven Project] INFO  o.e.m.c.i.p.ProjectConfigurationManager - Update completed for 1 poms: local refresh takes 0.00 sec, refresh facades takes 0.00 sec, update config takes 1.00 sec 
2023-10-10 09:29:00,170 [Worker-1: Building] INFO  o.e.m.c.i.embedder.EclipseLogger - Using 'UTF-8' encoding to copy filtered resources.
2023-10-10 09:29:00,170 [Worker-1: Building] INFO  o.e.m.c.i.embedder.EclipseLogger - Copying 0 resource
2023-10-10 09:29:00,173 [Worker-1: Building] INFO  o.e.m.c.i.embedder.EclipseLogger - Using 'UTF-8' encoding to copy filtered resources.
2023-10-10 09:29:00,173 [Worker-1: Building] INFO  o.e.m.c.i.embedder.EclipseLogger - skip non existing resourceDirectory D:\eclipse-workspace\Day 32\JsfEx10\src\test\resources
2023-10-10 09:29:00,173 [Worker-1: Building] INFO  o.e.m.w.i.f.ResourceFilteringBuildParticipant - Changed resources require a complete clean of filtered resources of JsfEx10
2023-10-10 09:29:00,173 [Worker-1: Building] INFO  o.e.m.w.i.f.ResourceFilteringBuildParticipant - Executing resource filtering for JsfEx10
2023-10-10 09:29:47,192 [Worker-11: Building] INFO  o.e.m.c.i.embedder.EclipseLogger - Using 'UTF-8' encoding to copy filtered resources.
2023-10-10 09:29:47,193 [Worker-11: Building] INFO  o.e.m.c.i.embedder.EclipseLogger - Copying 0 resource
2023-10-10 09:29:47,195 [Worker-11: Building] INFO  o.e.m.c.i.embedder.EclipseLogger - Using 'UTF-8' encoding to copy filtered resources.
2023-10-10 09:29:47,195 [Worker-11: Building] INFO  o.e.m.c.i.embedder.EclipseLogger - skip non existing resourceDirectory D:\eclipse-workspace\Day 32\JsfEx10\src\test\resources
2023-10-10 09:29:55,379 [Worker-11: Building] INFO  o.e.m.c.i.embedder.EclipseLogger - Using 'UTF-8' encoding to copy filtered resources.
2023-10-10 09:29:55,380 [Worker-11: Building] INFO  o.e.m.c.i.embedder.EclipseLogger - Copying 0 resource
2023-10-10 09:29:55,382 [Worker-11: Building] INFO  o.e.m.c.i.embedder.EclipseLogger - Using 'UTF-8' encoding to copy filtered resources.
2023-10-10 09:29:55,383 [Worker-11: Building] INFO  o.e.m.c.i.embedder.EclipseLogger - skip non existing resourceDirectory D:\eclipse-workspace\Day 32\JsfEx10\src\test\resources
2023-10-10 09:30:08,849 [main] INFO  org.hibernate.cfg.Environment - Hibernate 3.5.6-Final
2023-10-10 09:30:08,860 [main] INFO  org.hibernate.cfg.Environment - hibernate.properties not found
2023-10-10 09:30:08,864 [main] INFO  org.hibernate.cfg.Environment - Bytecode provider name : javassist
2023-10-10 09:30:08,871 [main] INFO  org.hibernate.cfg.Environment - using JDK 1.4 java.sql.Timestamp handling
2023-10-10 09:30:51,287 [Worker-1: Building] INFO  o.e.m.c.i.embedder.EclipseLogger - Using 'UTF-8' encoding to copy filtered resources.
2023-10-10 09:30:51,288 [Worker-1: Building] INFO  o.e.m.c.i.embedder.EclipseLogger - Copying 1 resource
2023-10-10 09:30:51,297 [Worker-1: Building] INFO  o.e.m.c.i.embedder.EclipseLogger - Using 'UTF-8' encoding to copy filtered resources.
2023-10-10 09:30:51,297 [Worker-1: Building] INFO  o.e.m.c.i.embedder.EclipseLogger - skip non existing resourceDirectory D:\eclipse-workspace\Day 32\JsfEx10\src\test\resources
2023-10-10 09:31:42,185 [Worker-11: Building] INFO  o.e.m.c.i.embedder.EclipseLogger - Using 'UTF-8' encoding to copy filtered resources.
2023-10-10 09:31:42,185 [Worker-11: Building] INFO  o.e.m.c.i.embedder.EclipseLogger - Copying 1 resource
2023-10-10 09:31:42,188 [Worker-11: Building] INFO  o.e.m.c.i.embedder.EclipseLogger - Using 'UTF-8' encoding to copy filtered resources.
2023-10-10 09:31:42,189 [Worker-11: Building] INFO  o.e.m.c.i.embedder.EclipseLogger - skip non existing resourceDirectory D:\eclipse-workspace\Day 32\JsfEx10\src\test\resources
2023-10-10 09:31:54,591 [main] INFO  org.hibernate.cfg.Environment - Hibernate 3.6.10.Final
2023-10-10 09:31:54,592 [main] INFO  org.hibernate.cfg.Environment - hibernate.properties not found
2023-10-10 09:31:54,596 [main] INFO  org.hibernate.cfg.Environment - Bytecode provider name : javassist
2023-10-10 09:31:54,598 [main] INFO  org.hibernate.cfg.Environment - using JDK 1.4 java.sql.Timestamp handling
2023-10-10 09:31:56,550 [Worker-22: Building] INFO  o.e.m.c.i.embedder.EclipseLogger - Using 'UTF-8' encoding to copy filtered resources.
2023-10-10 09:31:56,550 [Worker-22: Building] INFO  o.e.m.c.i.embedder.EclipseLogger - Copying 1 resource
2023-10-10 09:31:56,552 [Worker-22: Building] INFO  o.e.m.c.i.embedder.EclipseLogger - Using 'UTF-8' encoding to copy filtered resources.
2023-10-10 09:31:56,552 [Worker-22: Building] INFO  o.e.m.c.i.embedder.EclipseLogger - skip non existing resourceDirectory D:\eclipse-workspace\Day 32\JsfEx10\src\test\resources
2023-10-10 09:39:38,844 [Worker-29: Building] INFO  o.e.m.c.i.embedder.EclipseLogger - Using 'UTF-8' encoding to copy filtered resources.
2023-10-10 09:39:38,844 [Worker-29: Building] INFO  o.e.m.c.i.embedder.EclipseLogger - Copying 1 resource
2023-10-10 09:39:38,847 [Worker-29: Building] INFO  o.e.m.c.i.embedder.EclipseLogger - Using 'UTF-8' encoding to copy filtered resources.
2023-10-10 09:39:38,848 [Worker-29: Building] INFO  o.e.m.c.i.embedder.EclipseLogger - skip non existing resourceDirectory D:\eclipse-workspace\Day 32\JsfEx10\src\test\resources
2023-10-10 09:39:50,028 [Worker-30: Building] INFO  o.e.m.c.i.embedder.EclipseLogger - Using 'UTF-8' encoding to copy filtered resources.
2023-10-10 09:39:50,029 [Worker-30: Building] INFO  o.e.m.c.i.embedder.EclipseLogger - Copying 1 resource
2023-10-10 09:39:50,031 [Worker-30: Building] INFO  o.e.m.c.i.embedder.EclipseLogger - Using 'UTF-8' encoding to copy filtered resources.
2023-10-10 09:39:50,031 [Worker-30: Building] INFO  o.e.m.c.i.embedder.EclipseLogger - skip non existing resourceDirectory D:\eclipse-workspace\Day 32\JsfEx10\src\test\resources
2023-10-10 09:44:13,988 [Worker-31: Building] INFO  o.e.m.c.i.embedder.EclipseLogger - Using 'UTF-8' encoding to copy filtered resources.
2023-10-10 09:44:13,988 [Worker-31: Building] INFO  o.e.m.c.i.embedder.EclipseLogger - Copying 1 resource
2023-10-10 09:44:13,990 [Worker-31: Building] INFO  o.e.m.c.i.embedder.EclipseLogger - Using 'UTF-8' encoding to copy filtered resources.
2023-10-10 09:44:13,990 [Worker-31: Building] INFO  o.e.m.c.i.embedder.EclipseLogger - skip non existing resourceDirectory D:\eclipse-workspace\Day 32\JsfEx10\src\test\resources
2023-10-10 09:47:02,935 [Worker-32: Building] INFO  o.e.m.c.i.embedder.EclipseLogger - Using 'UTF-8' encoding to copy filtered resources.
2023-10-10 09:47:02,935 [Worker-32: Building] INFO  o.e.m.c.i.embedder.EclipseLogger - Copying 1 resource
2023-10-10 09:47:02,937 [Worker-32: Building] INFO  o.e.m.c.i.embedder.EclipseLogger - Using 'UTF-8' encoding to copy filtered resources.
2023-10-10 09:47:02,938 [Worker-32: Building] INFO  o.e.m.c.i.embedder.EclipseLogger - skip non existing resourceDirectory D:\eclipse-workspace\Day 32\JsfEx10\src\test\resources
2023-10-10 09:47:19,718 [Worker-36: Building] INFO  o.e.m.c.i.embedder.EclipseLogger - Using 'UTF-8' encoding to copy filtered resources.
2023-10-10 09:47:19,718 [Worker-36: Building] INFO  o.e.m.c.i.embedder.EclipseLogger - Copying 1 resource
2023-10-10 09:47:19,720 [Worker-36: Building] INFO  o.e.m.c.i.embedder.EclipseLogger - Using 'UTF-8' encoding to copy filtered resources.
2023-10-10 09:47:19,721 [Worker-36: Building] INFO  o.e.m.c.i.embedder.EclipseLogger - skip non existing resourceDirectory D:\eclipse-workspace\Day 32\JsfEx10\src\test\resources
2023-10-10 09:47:55,649 [Worker-34: Building] INFO  o.e.m.c.i.embedder.EclipseLogger - Using 'UTF-8' encoding to copy filtered resources.
2023-10-10 09:47:55,649 [Worker-34: Building] INFO  o.e.m.c.i.embedder.EclipseLogger - Copying 1 resource
2023-10-10 09:47:55,650 [Worker-34: Building] INFO  o.e.m.c.i.embedder.EclipseLogger - Using 'UTF-8' encoding to copy filtered resources.
2023-10-10 09:47:55,651 [Worker-34: Building] INFO  o.e.m.c.i.embedder.EclipseLogger - skip non existing resourceDirectory D:\eclipse-workspace\Day 32\JsfEx10\src\test\resources
2023-10-10 09:48:07,051 [Worker-33: Building] INFO  o.e.m.c.i.embedder.EclipseLogger - Using 'UTF-8' encoding to copy filtered resources.
2023-10-10 09:48:07,051 [Worker-33: Building] INFO  o.e.m.c.i.embedder.EclipseLogger - Copying 1 resource
2023-10-10 09:48:07,055 [Worker-33: Building] INFO  o.e.m.c.i.embedder.EclipseLogger - Using 'UTF-8' encoding to copy filtered resources.
2023-10-10 09:48:07,055 [Worker-33: Building] INFO  o.e.m.c.i.embedder.EclipseLogger - skip non existing resourceDirectory D:\eclipse-workspace\Day 32\JsfEx10\src\test\resources
2023-10-10 09:48:19,858 [Worker-34: Building] INFO  o.e.m.c.i.embedder.EclipseLogger - Using 'UTF-8' encoding to copy filtered resources.
2023-10-10 09:48:19,859 [Worker-34: Building] INFO  o.e.m.c.i.embedder.EclipseLogger - Copying 1 resource
2023-10-10 09:48:19,860 [Worker-34: Building] INFO  o.e.m.c.i.embedder.EclipseLogger - Using 'UTF-8' encoding to copy filtered resources.
2023-10-10 09:48:19,860 [Worker-34: Building] INFO  o.e.m.c.i.embedder.EclipseLogger - skip non existing resourceDirectory D:\eclipse-workspace\Day 32\JsfEx10\src\test\resources
2023-10-10 09:48:22,920 [Worker-36: Building] INFO  o.e.m.c.i.embedder.EclipseLogger - Using 'UTF-8' encoding to copy filtered resources.
2023-10-10 09:48:22,920 [Worker-36: Building] INFO  o.e.m.c.i.embedder.EclipseLogger - Copying 1 resource
2023-10-10 09:48:22,923 [Worker-36: Building] INFO  o.e.m.c.i.embedder.EclipseLogger - Using 'UTF-8' encoding to copy filtered resources.
2023-10-10 09:48:22,923 [Worker-36: Building] INFO  o.e.m.c.i.embedder.EclipseLogger - skip non existing resourceDirectory D:\eclipse-workspace\Day 32\JsfEx10\src\test\resources
2023-10-10 09:50:00,210 [Worker-36: Building] INFO  o.e.m.c.i.embedder.EclipseLogger - Using 'UTF-8' encoding to copy filtered resources.
2023-10-10 09:50:00,211 [Worker-36: Building] INFO  o.e.m.c.i.embedder.EclipseLogger - Copying 1 resource
2023-10-10 09:50:00,212 [Worker-36: Building] INFO  o.e.m.c.i.embedder.EclipseLogger - Using 'UTF-8' encoding to copy filtered resources.
2023-10-10 09:50:00,212 [Worker-36: Building] INFO  o.e.m.c.i.embedder.EclipseLogger - skip non existing resourceDirectory D:\eclipse-workspace\Day 32\JsfEx10\src\test\resources
2023-10-10 09:50:29,246 [Worker-32: Building] INFO  o.e.m.c.i.embedder.EclipseLogger - Using 'UTF-8' encoding to copy filtered resources.
2023-10-10 09:50:29,246 [Worker-32: Building] INFO  o.e.m.c.i.embedder.EclipseLogger - Copying 1 resource
2023-10-10 09:50:29,249 [Worker-32: Building] INFO  o.e.m.c.i.embedder.EclipseLogger - Using 'UTF-8' encoding to copy filtered resources.
2023-10-10 09:50:29,249 [Worker-32: Building] INFO  o.e.m.c.i.embedder.EclipseLogger - skip non existing resourceDirectory D:\eclipse-workspace\Day 32\JsfEx10\src\test\resources
2023-10-10 09:51:36,993 [Worker-37: Building] INFO  o.e.m.c.i.embedder.EclipseLogger - Using 'UTF-8' encoding to copy filtered resources.
2023-10-10 09:51:36,994 [Worker-37: Building] INFO  o.e.m.c.i.embedder.EclipseLogger - Copying 1 resource
2023-10-10 09:51:36,996 [Worker-37: Building] INFO  o.e.m.c.i.embedder.EclipseLogger - Using 'UTF-8' encoding to copy filtered resources.
2023-10-10 09:51:36,996 [Worker-37: Building] INFO  o.e.m.c.i.embedder.EclipseLogger - skip non existing resourceDirectory D:\eclipse-workspace\Day 32\JsfEx10\src\test\resources
2023-10-10 09:51:42,442 [Worker-34: Building] INFO  o.e.m.c.i.embedder.EclipseLogger - Using 'UTF-8' encoding to copy filtered resources.
2023-10-10 09:51:42,442 [Worker-34: Building] INFO  o.e.m.c.i.embedder.EclipseLogger - Copying 1 resource
2023-10-10 09:51:42,443 [Worker-34: Building] INFO  o.e.m.c.i.embedder.EclipseLogger - Using 'UTF-8' encoding to copy filtered resources.
2023-10-10 09:51:42,443 [Worker-34: Building] INFO  o.e.m.c.i.embedder.EclipseLogger - skip non existing resourceDirectory D:\eclipse-workspace\Day 32\JsfEx10\src\test\resources
2023-10-10 09:51:55,639 [Worker-33: Building] INFO  o.e.m.c.i.embedder.EclipseLogger - Using 'UTF-8' encoding to copy filtered resources.
2023-10-10 09:51:55,640 [Worker-33: Building] INFO  o.e.m.c.i.embedder.EclipseLogger - Copying 1 resource
2023-10-10 09:51:55,641 [Worker-33: Building] INFO  o.e.m.c.i.embedder.EclipseLogger - Using 'UTF-8' encoding to copy filtered resources.
2023-10-10 09:51:55,642 [Worker-33: Building] INFO  o.e.m.c.i.embedder.EclipseLogger - skip non existing resourceDirectory D:\eclipse-workspace\Day 32\JsfEx10\src\test\resources
2023-10-10 09:52:06,180 [Worker-36: Building] INFO  o.e.m.c.i.embedder.EclipseLogger - Using 'UTF-8' encoding to copy filtered resources.
2023-10-10 09:52:06,180 [Worker-36: Building] INFO  o.e.m.c.i.embedder.EclipseLogger - Copying 1 resource
2023-10-10 09:52:06,181 [Worker-36: Building] INFO  o.e.m.c.i.embedder.EclipseLogger - Using 'UTF-8' encoding to copy filtered resources.
2023-10-10 09:52:06,182 [Worker-36: Building] INFO  o.e.m.c.i.embedder.EclipseLogger - skip non existing resourceDirectory D:\eclipse-workspace\Day 32\JsfEx10\src\test\resources
2023-10-10 09:52:19,106 [Worker-38: Building] INFO  o.e.m.c.i.embedder.EclipseLogger - Using 'UTF-8' encoding to copy filtered resources.
2023-10-10 09:52:19,106 [Worker-38: Building] INFO  o.e.m.c.i.embedder.EclipseLogger - Copying 1 resource
2023-10-10 09:52:19,108 [Worker-38: Building] INFO  o.e.m.c.i.embedder.EclipseLogger - Using 'UTF-8' encoding to copy filtered resources.
2023-10-10 09:52:19,108 [Worker-38: Building] INFO  o.e.m.c.i.embedder.EclipseLogger - skip non existing resourceDirectory D:\eclipse-workspace\Day 32\JsfEx10\src\test\resources
2023-10-10 09:52:52,922 [Worker-35: Building] INFO  o.e.m.c.i.embedder.EclipseLogger - Using 'UTF-8' encoding to copy filtered resources.
2023-10-10 09:52:52,922 [Worker-35: Building] INFO  o.e.m.c.i.embedder.EclipseLogger - Copying 0 resource
2023-10-10 09:52:52,924 [Worker-35: Building] INFO  o.e.m.c.i.embedder.EclipseLogger - Using 'UTF-8' encoding to copy filtered resources.
2023-10-10 09:52:52,924 [Worker-35: Building] INFO  o.e.m.c.i.embedder.EclipseLogger - skip non existing resourceDirectory D:\eclipse-workspace\Day 32\JsfEx10\src\test\resources
2023-10-10 09:54:41,504 [Worker-35: Building] INFO  o.e.m.c.i.embedder.EclipseLogger - Using 'UTF-8' encoding to copy filtered resources.
2023-10-10 09:54:41,505 [Worker-35: Building] INFO  o.e.m.c.i.embedder.EclipseLogger - Copying 1 resource
2023-10-10 09:54:41,507 [Worker-35: Building] INFO  o.e.m.c.i.embedder.EclipseLogger - Using 'UTF-8' encoding to copy filtered resources.
2023-10-10 09:54:41,508 [Worker-35: Building] INFO  o.e.m.c.i.embedder.EclipseLogger - skip non existing resourceDirectory D:\eclipse-workspace\Day 32\JsfEx10\src\test\resources
2023-10-10 09:54:50,960 [Worker-32: Building] INFO  o.e.m.c.i.embedder.EclipseLogger - Using 'UTF-8' encoding to copy filtered resources.
2023-10-10 09:54:50,960 [Worker-32: Building] INFO  o.e.m.c.i.embedder.EclipseLogger - Copying 1 resource
2023-10-10 09:54:50,962 [Worker-32: Building] INFO  o.e.m.c.i.embedder.EclipseLogger - Using 'UTF-8' encoding to copy filtered resources.
2023-10-10 09:54:50,962 [Worker-32: Building] INFO  o.e.m.c.i.embedder.EclipseLogger - skip non existing resourceDirectory D:\eclipse-workspace\Day 32\JsfEx10\src\test\resources
2023-10-10 09:55:00,249 [Worker-32: Building] INFO  o.e.m.c.i.embedder.EclipseLogger - Using 'UTF-8' encoding to copy filtered resources.
2023-10-10 09:55:00,249 [Worker-32: Building] INFO  o.e.m.c.i.embedder.EclipseLogger - Copying 1 resource
2023-10-10 09:55:00,252 [Worker-32: Building] INFO  o.e.m.c.i.embedder.EclipseLogger - Using 'UTF-8' encoding to copy filtered resources.
2023-10-10 09:55:00,253 [Worker-32: Building] INFO  o.e.m.c.i.embedder.EclipseLogger - skip non existing resourceDirectory D:\eclipse-workspace\Day 32\JsfEx10\src\test\resources
2023-10-10 09:57:41,130 [Worker-34: Building] INFO  o.e.m.c.i.embedder.EclipseLogger - Using 'UTF-8' encoding to copy filtered resources.
2023-10-10 09:57:41,131 [Worker-34: Building] INFO  o.e.m.c.i.embedder.EclipseLogger - Copying 1 resource
2023-10-10 09:57:41,133 [Worker-34: Building] INFO  o.e.m.c.i.embedder.EclipseLogger - Using 'UTF-8' encoding to copy filtered resources.
2023-10-10 09:57:41,133 [Worker-34: Building] INFO  o.e.m.c.i.embedder.EclipseLogger - skip non existing resourceDirectory D:\eclipse-workspace\Day 32\JsfEx10\src\test\resources
2023-10-10 09:58:36,294 [Worker-39: Building] INFO  o.e.m.c.i.embedder.EclipseLogger - Using 'UTF-8' encoding to copy filtered resources.
2023-10-10 09:58:36,294 [Worker-39: Building] INFO  o.e.m.c.i.embedder.EclipseLogger - Copying 0 resource
2023-10-10 09:58:36,295 [Worker-39: Building] INFO  o.e.m.c.i.embedder.EclipseLogger - Using 'UTF-8' encoding to copy filtered resources.
2023-10-10 09:58:36,296 [Worker-39: Building] INFO  o.e.m.c.i.embedder.EclipseLogger - skip non existing resourceDirectory D:\eclipse-workspace\Day 32\JsfEx10\src\test\resources
2023-10-10 09:59:09,690 [Worker-41: Building] INFO  o.e.m.c.i.embedder.EclipseLogger - Using 'UTF-8' encoding to copy filtered resources.
2023-10-10 09:59:09,690 [Worker-41: Building] INFO  o.e.m.c.i.embedder.EclipseLogger - Copying 0 resource
2023-10-10 09:59:09,691 [Worker-41: Building] INFO  o.e.m.c.i.embedder.EclipseLogger - Using 'UTF-8' encoding to copy filtered resources.
2023-10-10 09:59:09,691 [Worker-41: Building] INFO  o.e.m.c.i.embedder.EclipseLogger - skip non existing resourceDirectory D:\eclipse-workspace\Day 32\JsfEx10\src\test\resources
2023-10-10 09:59:33,467 [Worker-34: Building] INFO  o.e.m.c.i.embedder.EclipseLogger - Using 'UTF-8' encoding to copy filtered resources.
2023-10-10 09:59:33,467 [Worker-34: Building] INFO  o.e.m.c.i.embedder.EclipseLogger - Copying 0 resource
2023-10-10 09:59:33,469 [Worker-34: Building] INFO  o.e.m.c.i.embedder.EclipseLogger - Using 'UTF-8' encoding to copy filtered resources.
2023-10-10 09:59:33,469 [Worker-34: Building] INFO  o.e.m.c.i.embedder.EclipseLogger - skip non existing resourceDirectory D:\eclipse-workspace\Day 32\JsfEx10\src\test\resources
2023-10-10 10:00:27,110 [Worker-42: Building] INFO  o.e.m.c.i.embedder.EclipseLogger - Using 'UTF-8' encoding to copy filtered resources.
2023-10-10 10:00:27,111 [Worker-42: Building] INFO  o.e.m.c.i.embedder.EclipseLogger - Copying 0 resource
2023-10-10 10:00:27,112 [Worker-42: Building] INFO  o.e.m.c.i.embedder.EclipseLogger - Using 'UTF-8' encoding to copy filtered resources.
2023-10-10 10:00:27,113 [Worker-42: Building] INFO  o.e.m.c.i.embedder.EclipseLogger - skip non existing resourceDirectory D:\eclipse-workspace\Day 32\JsfEx10\src\test\resources
2023-10-10 10:00:50,750 [Worker-41: Building] INFO  o.e.m.c.i.embedder.EclipseLogger - Using 'UTF-8' encoding to copy filtered resources.
2023-10-10 10:00:50,750 [Worker-41: Building] INFO  o.e.m.c.i.embedder.EclipseLogger - Copying 0 resource
2023-10-10 10:00:50,754 [Worker-41: Building] INFO  o.e.m.c.i.embedder.EclipseLogger - Using 'UTF-8' encoding to copy filtered resources.
2023-10-10 10:00:50,754 [Worker-41: Building] INFO  o.e.m.c.i.embedder.EclipseLogger - skip non existing resourceDirectory D:\eclipse-workspace\Day 32\JsfEx10\src\test\resources
2023-10-10 10:01:00,933 [Worker-39: Building] INFO  o.e.m.c.i.embedder.EclipseLogger - Using 'UTF-8' encoding to copy filtered resources.
2023-10-10 10:01:00,933 [Worker-39: Building] INFO  o.e.m.c.i.embedder.EclipseLogger - Copying 0 resource
2023-10-10 10:01:00,937 [Worker-39: Building] INFO  o.e.m.c.i.embedder.EclipseLogger - Using 'UTF-8' encoding to copy filtered resources.
2023-10-10 10:01:00,937 [Worker-39: Building] INFO  o.e.m.c.i.embedder.EclipseLogger - skip non existing resourceDirectory D:\eclipse-workspace\Day 32\JsfEx10\src\test\resources
2023-10-10 10:01:03,078 [Worker-40: Building] INFO  o.e.m.c.i.embedder.EclipseLogger - Using 'UTF-8' encoding to copy filtered resources.
2023-10-10 10:01:03,078 [Worker-40: Building] INFO  o.e.m.c.i.embedder.EclipseLogger - Copying 0 resource
2023-10-10 10:01:03,080 [Worker-40: Building] INFO  o.e.m.c.i.embedder.EclipseLogger - Using 'UTF-8' encoding to copy filtered resources.
2023-10-10 10:01:03,081 [Worker-40: Building] INFO  o.e.m.c.i.embedder.EclipseLogger - skip non existing resourceDirectory D:\eclipse-workspace\Day 32\JsfEx10\src\test\resources
2023-10-10 10:01:18,608 [Worker-38: Building] INFO  o.e.m.c.i.embedder.EclipseLogger - Using 'UTF-8' encoding to copy filtered resources.
2023-10-10 10:01:18,608 [Worker-38: Building] INFO  o.e.m.c.i.embedder.EclipseLogger - Copying 1 resource
2023-10-10 10:01:18,610 [Worker-38: Building] INFO  o.e.m.c.i.embedder.EclipseLogger - Using 'UTF-8' encoding to copy filtered resources.
2023-10-10 10:01:18,611 [Worker-38: Building] INFO  o.e.m.c.i.embedder.EclipseLogger - skip non existing resourceDirectory D:\eclipse-workspace\Day 32\JsfEx10\src\test\resources
2023-10-10 10:01:41,382 [Worker-42: Building] INFO  o.e.m.c.i.embedder.EclipseLogger - Using 'UTF-8' encoding to copy filtered resources.
2023-10-10 10:01:41,383 [Worker-42: Building] INFO  o.e.m.c.i.embedder.EclipseLogger - Copying 0 resource
2023-10-10 10:01:41,387 [Worker-42: Building] INFO  o.e.m.c.i.embedder.EclipseLogger - Using 'UTF-8' encoding to copy filtered resources.
2023-10-10 10:01:41,387 [Worker-42: Building] INFO  o.e.m.c.i.embedder.EclipseLogger - skip non existing resourceDirectory D:\eclipse-workspace\Day 32\JsfEx10\src\test\resources
2023-10-10 10:01:46,525 [Worker-40: Building] INFO  o.e.m.c.i.embedder.EclipseLogger - Using 'UTF-8' encoding to copy filtered resources.
2023-10-10 10:01:46,525 [Worker-40: Building] INFO  o.e.m.c.i.embedder.EclipseLogger - Copying 0 resource
2023-10-10 10:01:46,527 [Worker-40: Building] INFO  o.e.m.c.i.embedder.EclipseLogger - Using 'UTF-8' encoding to copy filtered resources.
2023-10-10 10:01:46,528 [Worker-40: Building] INFO  o.e.m.c.i.embedder.EclipseLogger - skip non existing resourceDirectory D:\eclipse-workspace\Day 32\JsfEx10\src\test\resources
2023-10-10 10:09:48,919 [Worker-38: Building] INFO  o.e.m.c.i.embedder.EclipseLogger - Using 'UTF-8' encoding to copy filtered resources.
2023-10-10 10:09:48,920 [Worker-38: Building] INFO  o.e.m.c.i.embedder.EclipseLogger - Copying 1 resource
2023-10-10 10:09:48,922 [Worker-38: Building] INFO  o.e.m.c.i.embedder.EclipseLogger - Using 'UTF-8' encoding to copy filtered resources.
2023-10-10 10:09:48,922 [Worker-38: Building] INFO  o.e.m.c.i.embedder.EclipseLogger - skip non existing resourceDirectory D:\eclipse-workspace\Day 32\JsfEx10\src\test\resources
2023-10-10 10:10:02,993 [Worker-44: Building] INFO  o.e.m.c.i.embedder.EclipseLogger - Using 'UTF-8' encoding to copy filtered resources.
2023-10-10 10:10:02,995 [Worker-44: Building] INFO  o.e.m.c.i.embedder.EclipseLogger - Copying 1 resource
2023-10-10 10:10:02,999 [Worker-44: Building] INFO  o.e.m.c.i.embedder.EclipseLogger - Using 'UTF-8' encoding to copy filtered resources.
2023-10-10 10:10:02,999 [Worker-44: Building] INFO  o.e.m.c.i.embedder.EclipseLogger - skip non existing resourceDirectory D:\eclipse-workspace\Day 32\JsfEx10\src\test\resources
2023-10-10 10:10:30,812 [Worker-44: Building] INFO  o.e.m.c.i.embedder.EclipseLogger - Using 'UTF-8' encoding to copy filtered resources.
2023-10-10 10:10:30,812 [Worker-44: Building] INFO  o.e.m.c.i.embedder.EclipseLogger - Copying 0 resource
2023-10-10 10:10:30,815 [Worker-44: Building] INFO  o.e.m.c.i.embedder.EclipseLogger - Using 'UTF-8' encoding to copy filtered resources.
2023-10-10 10:10:30,815 [Worker-44: Building] INFO  o.e.m.c.i.embedder.EclipseLogger - skip non existing resourceDirectory D:\eclipse-workspace\Day 32\JsfEx10\src\test\resources
2023-10-10 10:13:19,053 [Worker-47: Building] INFO  o.e.m.c.i.embedder.EclipseLogger - Using 'UTF-8' encoding to copy filtered resources.
2023-10-10 10:13:19,053 [Worker-47: Building] INFO  o.e.m.c.i.embedder.EclipseLogger - Copying 0 resource
2023-10-10 10:13:19,054 [Worker-47: Building] INFO  o.e.m.c.i.embedder.EclipseLogger - Using 'UTF-8' encoding to copy filtered resources.
2023-10-10 10:13:19,054 [Worker-47: Building] INFO  o.e.m.c.i.embedder.EclipseLogger - skip non existing resourceDirectory D:\eclipse-workspace\Day 32\JsfEx10\src\test\resources
2023-10-10 10:13:37,629 [Worker-45: Building] INFO  o.e.m.c.i.embedder.EclipseLogger - Using 'UTF-8' encoding to copy filtered resources.
2023-10-10 10:13:37,629 [Worker-45: Building] INFO  o.e.m.c.i.embedder.EclipseLogger - Copying 0 resource
2023-10-10 10:13:37,630 [Worker-45: Building] INFO  o.e.m.c.i.embedder.EclipseLogger - Using 'UTF-8' encoding to copy filtered resources.
2023-10-10 10:13:37,630 [Worker-45: Building] INFO  o.e.m.c.i.embedder.EclipseLogger - skip non existing resourceDirectory D:\eclipse-workspace\Day 32\JsfEx10\src\test\resources
2023-10-10 10:16:14,563 [Worker-47: Building] INFO  o.e.m.c.i.embedder.EclipseLogger - Using 'UTF-8' encoding to copy filtered resources.
2023-10-10 10:16:14,563 [Worker-47: Building] INFO  o.e.m.c.i.embedder.EclipseLogger - Copying 0 resource
2023-10-10 10:16:14,564 [Worker-47: Building] INFO  o.e.m.c.i.embedder.EclipseLogger - Using 'UTF-8' encoding to copy filtered resources.
2023-10-10 10:16:14,564 [Worker-47: Building] INFO  o.e.m.c.i.embedder.EclipseLogger - skip non existing resourceDirectory D:\eclipse-workspace\Day 32\JsfEx10\src\test\resources
2023-10-10 10:42:37,319 [Worker-56: Building] INFO  o.e.m.c.i.embedder.EclipseLogger - Using 'UTF-8' encoding to copy filtered resources.
2023-10-10 10:42:37,319 [Worker-56: Building] INFO  o.e.m.c.i.embedder.EclipseLogger - Copying 1 resource
2023-10-10 10:42:37,322 [Worker-56: Building] INFO  o.e.m.c.i.embedder.EclipseLogger - Using 'UTF-8' encoding to copy filtered resources.
2023-10-10 10:42:37,322 [Worker-56: Building] INFO  o.e.m.c.i.embedder.EclipseLogger - skip non existing resourceDirectory D:\eclipse-workspace\Day 32\JsfEx10\src\test\resources
2023-10-10 10:42:45,765 [Worker-55: Building] INFO  o.e.m.c.i.embedder.EclipseLogger - Using 'UTF-8' encoding to copy filtered resources.
2023-10-10 10:42:45,765 [Worker-55: Building] INFO  o.e.m.c.i.embedder.EclipseLogger - Copying 1 resource
2023-10-10 10:42:45,767 [Worker-55: Building] INFO  o.e.m.c.i.embedder.EclipseLogger - Using 'UTF-8' encoding to copy filtered resources.
2023-10-10 10:42:45,767 [Worker-55: Building] INFO  o.e.m.c.i.embedder.EclipseLogger - skip non existing resourceDirectory D:\eclipse-workspace\Day 32\JsfEx10\src\test\resources
2023-10-10 10:44:31,029 [Worker-58: Building] INFO  o.e.m.c.i.embedder.EclipseLogger - Using 'UTF-8' encoding to copy filtered resources.
2023-10-10 10:44:31,030 [Worker-58: Building] INFO  o.e.m.c.i.embedder.EclipseLogger - Copying 1 resource
2023-10-10 10:44:31,032 [Worker-58: Building] INFO  o.e.m.c.i.embedder.EclipseLogger - Using 'UTF-8' encoding to copy filtered resources.
2023-10-10 10:44:31,032 [Worker-58: Building] INFO  o.e.m.c.i.embedder.EclipseLogger - skip non existing resourceDirectory D:\eclipse-workspace\Day 32\JsfEx10\src\test\resources
2023-10-10 10:44:49,398 [Worker-56: Building] INFO  o.e.m.c.i.embedder.EclipseLogger - Using 'UTF-8' encoding to copy filtered resources.
2023-10-10 10:44:49,398 [Worker-56: Building] INFO  o.e.m.c.i.embedder.EclipseLogger - Copying 0 resource
2023-10-10 10:44:49,399 [Worker-56: Building] INFO  o.e.m.c.i.embedder.EclipseLogger - Using 'UTF-8' encoding to copy filtered resources.
2023-10-10 10:44:49,400 [Worker-56: Building] INFO  o.e.m.c.i.embedder.EclipseLogger - skip non existing resourceDirectory D:\eclipse-workspace\Day 32\JsfEx10\src\test\resources
2023-10-10 10:46:01,975 [Worker-58: Building] INFO  o.e.m.c.i.embedder.EclipseLogger - Using 'UTF-8' encoding to copy filtered resources.
2023-10-10 10:46:01,976 [Worker-58: Building] INFO  o.e.m.c.i.embedder.EclipseLogger - Copying 1 resource
2023-10-10 10:46:01,978 [Worker-58: Building] INFO  o.e.m.c.i.embedder.EclipseLogger - Using 'UTF-8' encoding to copy filtered resources.
2023-10-10 10:46:01,978 [Worker-58: Building] INFO  o.e.m.c.i.embedder.EclipseLogger - skip non existing resourceDirectory D:\eclipse-workspace\Day 32\JsfEx10\src\test\resources
2023-10-10 10:47:07,948 [Worker-56: Building] INFO  o.e.m.c.i.embedder.EclipseLogger - Using 'UTF-8' encoding to copy filtered resources.
2023-10-10 10:47:07,948 [Worker-56: Building] INFO  o.e.m.c.i.embedder.EclipseLogger - Copying 0 resource
2023-10-10 10:47:07,949 [Worker-56: Building] INFO  o.e.m.c.i.embedder.EclipseLogger - Using 'UTF-8' encoding to copy filtered resources.
2023-10-10 10:47:07,949 [Worker-56: Building] INFO  o.e.m.c.i.embedder.EclipseLogger - skip non existing resourceDirectory D:\eclipse-workspace\Day 32\JsfEx10\src\test\resources
2023-10-10 10:47:46,870 [Worker-58: Building] INFO  o.e.m.c.i.embedder.EclipseLogger - Using 'UTF-8' encoding to copy filtered resources.
2023-10-10 10:47:46,872 [Worker-58: Building] INFO  o.e.m.c.i.embedder.EclipseLogger - Copying 0 resource
2023-10-10 10:47:46,873 [Worker-58: Building] INFO  o.e.m.c.i.embedder.EclipseLogger - Using 'UTF-8' encoding to copy filtered resources.
2023-10-10 10:47:46,873 [Worker-58: Building] INFO  o.e.m.c.i.embedder.EclipseLogger - skip non existing resourceDirectory D:\eclipse-workspace\Day 32\JsfEx10\src\test\resources
2023-10-10 10:48:15,557 [Worker-57: Building] INFO  o.e.m.c.i.embedder.EclipseLogger - Using 'UTF-8' encoding to copy filtered resources.
2023-10-10 10:48:15,559 [Worker-57: Building] INFO  o.e.m.c.i.embedder.EclipseLogger - Copying 0 resource
2023-10-10 10:48:15,563 [Worker-57: Building] INFO  o.e.m.c.i.embedder.EclipseLogger - Using 'UTF-8' encoding to copy filtered resources.
2023-10-10 10:48:15,563 [Worker-57: Building] INFO  o.e.m.c.i.embedder.EclipseLogger - skip non existing resourceDirectory D:\eclipse-workspace\Day 32\JsfEx10\src\test\resources
2023-10-10 10:49:16,466 [Worker-51: Building] INFO  o.e.m.c.i.embedder.EclipseLogger - Using 'UTF-8' encoding to copy filtered resources.
2023-10-10 10:49:16,467 [Worker-51: Building] INFO  o.e.m.c.i.embedder.EclipseLogger - Copying 1 resource
2023-10-10 10:49:16,469 [Worker-51: Building] INFO  o.e.m.c.i.embedder.EclipseLogger - Using 'UTF-8' encoding to copy filtered resources.
2023-10-10 10:49:16,469 [Worker-51: Building] INFO  o.e.m.c.i.embedder.EclipseLogger - skip non existing resourceDirectory D:\eclipse-workspace\Day 32\JsfEx10\src\test\resources
2023-10-10 10:50:23,374 [Worker-51: Building] INFO  o.e.m.c.i.embedder.EclipseLogger - Using 'UTF-8' encoding to copy filtered resources.
2023-10-10 10:50:23,374 [Worker-51: Building] INFO  o.e.m.c.i.embedder.EclipseLogger - Copying 0 resource
2023-10-10 10:50:23,376 [Worker-51: Building] INFO  o.e.m.c.i.embedder.EclipseLogger - Using 'UTF-8' encoding to copy filtered resources.
2023-10-10 10:50:23,376 [Worker-51: Building] INFO  o.e.m.c.i.embedder.EclipseLogger - skip non existing resourceDirectory D:\eclipse-workspace\Day 32\JsfEx10\src\test\resources
2023-10-10 10:51:52,890 [Worker-59: Building] INFO  o.e.m.c.i.embedder.EclipseLogger - Using 'UTF-8' encoding to copy filtered resources.
2023-10-10 10:51:52,891 [Worker-59: Building] INFO  o.e.m.c.i.embedder.EclipseLogger - Copying 0 resource
2023-10-10 10:51:52,892 [Worker-59: Building] INFO  o.e.m.c.i.embedder.EclipseLogger - Using 'UTF-8' encoding to copy filtered resources.
2023-10-10 10:51:52,893 [Worker-59: Building] INFO  o.e.m.c.i.embedder.EclipseLogger - skip non existing resourceDirectory D:\eclipse-workspace\Day 32\JsfEx10\src\test\resources
2023-10-10 10:52:37,306 [Worker-60: Building] INFO  o.e.m.c.i.embedder.EclipseLogger - Using 'UTF-8' encoding to copy filtered resources.
2023-10-10 10:52:37,306 [Worker-60: Building] INFO  o.e.m.c.i.embedder.EclipseLogger - Copying 0 resource
2023-10-10 10:52:37,309 [Worker-60: Building] INFO  o.e.m.c.i.embedder.EclipseLogger - Using 'UTF-8' encoding to copy filtered resources.
2023-10-10 10:52:37,309 [Worker-60: Building] INFO  o.e.m.c.i.embedder.EclipseLogger - skip non existing resourceDirectory D:\eclipse-workspace\Day 32\JsfEx10\src\test\resources
2023-10-10 10:52:46,988 [Worker-55: Building] INFO  o.e.m.c.i.embedder.EclipseLogger - Using 'UTF-8' encoding to copy filtered resources.
2023-10-10 10:52:46,988 [Worker-55: Building] INFO  o.e.m.c.i.embedder.EclipseLogger - Copying 0 resource
2023-10-10 10:52:46,990 [Worker-55: Building] INFO  o.e.m.c.i.embedder.EclipseLogger - Using 'UTF-8' encoding to copy filtered resources.
2023-10-10 10:52:46,991 [Worker-55: Building] INFO  o.e.m.c.i.embedder.EclipseLogger - skip non existing resourceDirectory D:\eclipse-workspace\Day 32\JsfEx10\src\test\resources
2023-10-10 10:53:01,534 [Worker-56: Building] INFO  o.e.m.c.i.embedder.EclipseLogger - Using 'UTF-8' encoding to copy filtered resources.
2023-10-10 10:53:01,535 [Worker-56: Building] INFO  o.e.m.c.i.embedder.EclipseLogger - Copying 0 resource
2023-10-10 10:53:01,538 [Worker-56: Building] INFO  o.e.m.c.i.embedder.EclipseLogger - Using 'UTF-8' encoding to copy filtered resources.
2023-10-10 10:53:01,538 [Worker-56: Building] INFO  o.e.m.c.i.embedder.EclipseLogger - skip non existing resourceDirectory D:\eclipse-workspace\Day 32\JsfEx10\src\test\resources
2023-10-10 10:53:18,159 [Worker-60: Building] INFO  o.e.m.c.i.embedder.EclipseLogger - Using 'UTF-8' encoding to copy filtered resources.
2023-10-10 10:53:18,159 [Worker-60: Building] INFO  o.e.m.c.i.embedder.EclipseLogger - Copying 0 resource
2023-10-10 10:53:18,163 [Worker-60: Building] INFO  o.e.m.c.i.embedder.EclipseLogger - Using 'UTF-8' encoding to copy filtered resources.
2023-10-10 10:53:18,163 [Worker-60: Building] INFO  o.e.m.c.i.embedder.EclipseLogger - skip non existing resourceDirectory D:\eclipse-workspace\Day 32\JsfEx10\src\test\resources
2023-10-10 11:04:21,567 [Worker-67: Building] INFO  o.e.m.c.i.embedder.EclipseLogger - Using 'UTF-8' encoding to copy filtered resources.
2023-10-10 11:04:21,568 [Worker-67: Building] INFO  o.e.m.c.i.embedder.EclipseLogger - Copying 0 resource
2023-10-10 11:04:21,570 [Worker-67: Building] INFO  o.e.m.c.i.embedder.EclipseLogger - Using 'UTF-8' encoding to copy filtered resources.
2023-10-10 11:04:21,570 [Worker-67: Building] INFO  o.e.m.c.i.embedder.EclipseLogger - skip non existing resourceDirectory D:\eclipse-workspace\Day 32\JsfEx10\src\test\resources
2023-10-10 11:05:16,408 [Worker-65: Building] INFO  o.e.m.c.i.embedder.EclipseLogger - Using 'UTF-8' encoding to copy filtered resources.
2023-10-10 11:05:16,408 [Worker-65: Building] INFO  o.e.m.c.i.embedder.EclipseLogger - Copying 0 resource
2023-10-10 11:05:16,409 [Worker-65: Building] INFO  o.e.m.c.i.embedder.EclipseLogger - Using 'UTF-8' encoding to copy filtered resources.
2023-10-10 11:05:16,409 [Worker-65: Building] INFO  o.e.m.c.i.embedder.EclipseLogger - skip non existing resourceDirectory D:\eclipse-workspace\Day 32\JsfEx10\src\test\resources
2023-10-10 12:08:31,803 [Worker-70: Importing Maven projects] INFO  o.e.m.c.i.l.LifecycleMappingFactory - Using org.maven.ide.eclipse.wtp.WarLifecycleMapping lifecycle mapping for MavenProject: inf:JsfNamedQueries:0.0.1-SNAPSHOT @ D:\eclipse-workspace\Day 32\JsfNamedQueries\pom.xml.
2023-10-10 12:08:32,897 [Worker-70: Importing Maven projects] WARN  o.e.m.c.i.embedder.EclipseLogger - The artifact mysql:mysql-connector-java:jar:8.0.31 has been relocated to com.mysql:mysql-connector-j:jar:8.0.31: MySQL Connector/J artifacts moved to reverse-DNS compliant Maven 2+ coordinates.
2023-10-10 12:08:33,292 [Worker-70: Importing Maven projects] INFO  o.e.m.c.i.embedder.EclipseLogger - Using 'UTF-8' encoding to copy filtered resources.
2023-10-10 12:08:33,292 [Worker-70: Importing Maven projects] INFO  o.e.m.c.i.embedder.EclipseLogger - Copying 1 resource
2023-10-10 12:08:33,296 [Worker-70: Importing Maven projects] INFO  o.e.m.c.i.embedder.EclipseLogger - Using 'UTF-8' encoding to copy filtered resources.
2023-10-10 12:08:33,296 [Worker-70: Importing Maven projects] INFO  o.e.m.c.i.embedder.EclipseLogger - skip non existing resourceDirectory D:\eclipse-workspace\Day 32\JsfNamedQueries\src\test\resources
2023-10-10 12:08:33,913 [Worker-70: Importing Maven projects] WARN  o.e.m.c.i.embedder.EclipseLogger - The artifact mysql:mysql-connector-java:jar:8.0.31 has been relocated to com.mysql:mysql-connector-j:jar:8.0.31: MySQL Connector/J artifacts moved to reverse-DNS compliant Maven 2+ coordinates.
2023-10-10 12:08:34,061 [Worker-70: Importing Maven projects] INFO  o.e.m.j.i.AbstractJavaProjectConfigurator - Adding source folder /JsfNamedQueries/src/main/java
2023-10-10 12:08:34,061 [Worker-70: Importing Maven projects] INFO  o.e.m.j.i.AbstractJavaProjectConfigurator - Adding resource folder /JsfNamedQueries/src/main/resources
2023-10-10 12:08:34,061 [Worker-70: Importing Maven projects] INFO  o.e.m.j.i.AbstractJavaProjectConfigurator - Adding source folder /JsfNamedQueries/src/test/java
2023-10-10 12:08:34,470 [Worker-70: Importing Maven projects] INFO  o.e.m.c.i.embedder.EclipseLogger - Using 'UTF-8' encoding to copy filtered resources.
2023-10-10 12:08:34,471 [Worker-70: Importing Maven projects] INFO  o.e.m.c.i.embedder.EclipseLogger - Copying 1 resource
2023-10-10 12:08:34,511 [Worker-70: Importing Maven projects] INFO  o.e.m.c.i.embedder.EclipseLogger - Using 'UTF-8' encoding to copy filtered resources.
2023-10-10 12:08:34,512 [Worker-70: Importing Maven projects] INFO  o.e.m.c.i.embedder.EclipseLogger - skip non existing resourceDirectory D:\eclipse-workspace\Day 32\JsfNamedQueries\src\test\resources
2023-10-10 12:08:34,512 [Worker-70: Importing Maven projects] INFO  o.e.m.w.i.f.ResourceFilteringBuildParticipant - Changed resources require a complete clean of filtered resources of JsfNamedQueries
2023-10-10 12:08:34,512 [Worker-70: Importing Maven projects] INFO  o.e.m.w.i.f.ResourceFilteringBuildParticipant - Executing resource filtering for JsfNamedQueries
2023-10-10 12:08:34,586 [Worker-70: Importing Maven projects] WARN  o.e.m.c.i.embedder.EclipseLogger - The artifact mysql:mysql-connector-java:jar:8.0.31 has been relocated to com.mysql:mysql-connector-j:jar:8.0.31: MySQL Connector/J artifacts moved to reverse-DNS compliant Maven 2+ coordinates.
2023-10-10 12:08:34,609 [Worker-70: Importing Maven projects] INFO  o.e.m.c.i.p.ProjectConfigurationManager - Imported and configured 1 project(s) in 3 sec
2023-10-10 12:09:46,860 [Worker-73: Building] INFO  o.e.m.c.i.embedder.EclipseLogger - Using 'UTF-8' encoding to copy filtered resources.
2023-10-10 12:09:46,860 [Worker-73: Building] INFO  o.e.m.c.i.embedder.EclipseLogger - Copying 1 resource
2023-10-10 12:09:46,861 [Worker-73: Building] INFO  o.e.m.c.i.embedder.EclipseLogger - Using 'UTF-8' encoding to copy filtered resources.
2023-10-10 12:09:46,861 [Worker-73: Building] INFO  o.e.m.c.i.embedder.EclipseLogger - skip non existing resourceDirectory D:\eclipse-workspace\Day 32\JsfNamedQueries\src\test\resources
2023-10-10 17:01:17,865 [Worker-1: Loading available Gradle versions] INFO  o.e.b.c.i.u.g.PublishedGradleVersions - Gradle version information cache is out-of-date. Trying to update.
2023-10-10 17:01:26,250 [Worker-1: Building] WARN  o.e.m.c.i.embedder.EclipseLogger - The artifact mysql:mysql-connector-java:jar:8.0.31 has been relocated to com.mysql:mysql-connector-j:jar:8.0.31: MySQL Connector/J artifacts moved to reverse-DNS compliant Maven 2+ coordinates.
2023-10-11 09:21:56,913 [Worker-1: Loading available Gradle versions] INFO  o.e.b.c.i.u.g.PublishedGradleVersions - Gradle version information cache is up-to-date. Trying to read.
2023-10-11 09:22:05,058 [Worker-8: Building] WARN  o.e.m.c.i.embedder.EclipseLogger - The artifact mysql:mysql-connector-java:jar:8.0.31 has been relocated to com.mysql:mysql-connector-j:jar:8.0.31: MySQL Connector/J artifacts moved to reverse-DNS compliant Maven 2+ coordinates.
