2023-10-19 09:18:03,306 [Worker-1: Loading available Gradle versions] INFO  o.e.b.c.i.u.g.PublishedGradleVersions - Gradle version information cache is up-to-date. Trying to read.
2023-10-19 09:18:25,083 [Worker-4: Loading available Gradle versions] INFO  o.e.b.c.i.u.g.PublishedGradleVersions - Gradle version information cache is up-to-date. Trying to read.
2023-10-19 12:03:04,961 [Worker-59: Launching mavenrun-edb12eae-acad-4118-bbfb-016e97c8ef09] INFO  o.eclipse.m2e.core.internal.Bundles - getClasspathEntries(Bundle=org.eclipse.m2e.maven.runtime_3.8.701.20230209-1606 [610])
2023-10-19 12:03:04,969 [Worker-59: Launching mavenrun-edb12eae-acad-4118-bbfb-016e97c8ef09] INFO  o.eclipse.m2e.core.internal.Bundles - 	Entry: C:\Users\rahulr\eclipse\eclipse-jee-2023-03\eclipse\plugins\org.eclipse.m2e.maven.runtime_3.8.701.20230209-1606
2023-10-19 12:03:04,970 [Worker-59: Launching mavenrun-edb12eae-acad-4118-bbfb-016e97c8ef09] INFO  o.eclipse.m2e.core.internal.Bundles - 	Entry: C:\Users\rahulr\eclipse\eclipse-jee-2023-03\eclipse\plugins\org.eclipse.m2e.maven.runtime_3.8.701.20230209-1606\jars\aether-connector-okhttp-0.17.8.jar
2023-10-19 12:03:04,970 [Worker-59: Launching mavenrun-edb12eae-acad-4118-bbfb-016e97c8ef09] INFO  o.eclipse.m2e.core.internal.Bundles - 	Entry: C:\Users\rahulr\eclipse\eclipse-jee-2023-03\eclipse\plugins\org.eclipse.m2e.maven.runtime_3.8.701.20230209-1606\jars\commons-lang3-3.8.1.jar
2023-10-19 12:03:04,970 [Worker-59: Launching mavenrun-edb12eae-acad-4118-bbfb-016e97c8ef09] INFO  o.eclipse.m2e.core.internal.Bundles - 	Entry: C:\Users\rahulr\eclipse\eclipse-jee-2023-03\eclipse\plugins\org.eclipse.m2e.maven.runtime_3.8.701.20230209-1606\jars\guice-4.2.2-no_aop.jar
2023-10-19 12:03:04,971 [Worker-59: Launching mavenrun-edb12eae-acad-4118-bbfb-016e97c8ef09] INFO  o.eclipse.m2e.core.internal.Bundles - 	Entry: C:\Users\rahulr\eclipse\eclipse-jee-2023-03\eclipse\plugins\org.eclipse.m2e.maven.runtime_3.8.701.20230209-1606\jars\jansi-2.4.0.jar
2023-10-19 12:03:04,971 [Worker-59: Launching mavenrun-edb12eae-acad-4118-bbfb-016e97c8ef09] INFO  o.eclipse.m2e.core.internal.Bundles - 	Entry: C:\Users\rahulr\eclipse\eclipse-jee-2023-03\eclipse\plugins\org.eclipse.m2e.maven.runtime_3.8.701.20230209-1606\jars\maven-artifact-3.8.7.jar
2023-10-19 12:03:04,971 [Worker-59: Launching mavenrun-edb12eae-acad-4118-bbfb-016e97c8ef09] INFO  o.eclipse.m2e.core.internal.Bundles - 	Entry: C:\Users\rahulr\eclipse\eclipse-jee-2023-03\eclipse\plugins\org.eclipse.m2e.maven.runtime_3.8.701.20230209-1606\jars\maven-builder-support-3.8.7.jar
2023-10-19 12:03:04,971 [Worker-59: Launching mavenrun-edb12eae-acad-4118-bbfb-016e97c8ef09] INFO  o.eclipse.m2e.core.internal.Bundles - 	Entry: C:\Users\rahulr\eclipse\eclipse-jee-2023-03\eclipse\plugins\org.eclipse.m2e.maven.runtime_3.8.701.20230209-1606\jars\maven-compat-3.8.7.jar
2023-10-19 12:03:04,971 [Worker-59: Launching mavenrun-edb12eae-acad-4118-bbfb-016e97c8ef09] INFO  o.eclipse.m2e.core.internal.Bundles - 	Entry: C:\Users\rahulr\eclipse\eclipse-jee-2023-03\eclipse\plugins\org.eclipse.m2e.maven.runtime_3.8.701.20230209-1606\jars\maven-core-3.8.7.jar
2023-10-19 12:03:04,972 [Worker-59: Launching mavenrun-edb12eae-acad-4118-bbfb-016e97c8ef09] INFO  o.eclipse.m2e.core.internal.Bundles - 	Entry: C:\Users\rahulr\eclipse\eclipse-jee-2023-03\eclipse\plugins\org.eclipse.m2e.maven.runtime_3.8.701.20230209-1606\jars\maven-embedder-3.8.7.jar
2023-10-19 12:03:04,972 [Worker-59: Launching mavenrun-edb12eae-acad-4118-bbfb-016e97c8ef09] INFO  o.eclipse.m2e.core.internal.Bundles - 	Entry: C:\Users\rahulr\eclipse\eclipse-jee-2023-03\eclipse\plugins\org.eclipse.m2e.maven.runtime_3.8.701.20230209-1606\jars\maven-model-3.8.7.jar
2023-10-19 12:03:04,972 [Worker-59: Launching mavenrun-edb12eae-acad-4118-bbfb-016e97c8ef09] INFO  o.eclipse.m2e.core.internal.Bundles - 	Entry: C:\Users\rahulr\eclipse\eclipse-jee-2023-03\eclipse\plugins\org.eclipse.m2e.maven.runtime_3.8.701.20230209-1606\jars\maven-model-builder-3.8.7.jar
2023-10-19 12:03:04,972 [Worker-59: Launching mavenrun-edb12eae-acad-4118-bbfb-016e97c8ef09] INFO  o.eclipse.m2e.core.internal.Bundles - 	Entry: C:\Users\rahulr\eclipse\eclipse-jee-2023-03\eclipse\plugins\org.eclipse.m2e.maven.runtime_3.8.701.20230209-1606\jars\maven-plugin-api-3.8.7.jar
2023-10-19 12:03:04,973 [Worker-59: Launching mavenrun-edb12eae-acad-4118-bbfb-016e97c8ef09] INFO  o.eclipse.m2e.core.internal.Bundles - 	Entry: C:\Users\rahulr\eclipse\eclipse-jee-2023-03\eclipse\plugins\org.eclipse.m2e.maven.runtime_3.8.701.20230209-1606\jars\maven-repository-metadata-3.8.7.jar
2023-10-19 12:03:04,973 [Worker-59: Launching mavenrun-edb12eae-acad-4118-bbfb-016e97c8ef09] INFO  o.eclipse.m2e.core.internal.Bundles - 	Entry: C:\Users\rahulr\eclipse\eclipse-jee-2023-03\eclipse\plugins\org.eclipse.m2e.maven.runtime_3.8.701.20230209-1606\jars\maven-resolver-api-1.6.3.jar
2023-10-19 12:03:04,973 [Worker-59: Launching mavenrun-edb12eae-acad-4118-bbfb-016e97c8ef09] INFO  o.eclipse.m2e.core.internal.Bundles - 	Entry: C:\Users\rahulr\eclipse\eclipse-jee-2023-03\eclipse\plugins\org.eclipse.m2e.maven.runtime_3.8.701.20230209-1606\jars\maven-resolver-connector-basic-1.6.3.jar
2023-10-19 12:03:04,974 [Worker-59: Launching mavenrun-edb12eae-acad-4118-bbfb-016e97c8ef09] INFO  o.eclipse.m2e.core.internal.Bundles - 	Entry: C:\Users\rahulr\eclipse\eclipse-jee-2023-03\eclipse\plugins\org.eclipse.m2e.maven.runtime_3.8.701.20230209-1606\jars\maven-resolver-impl-1.6.3.jar
2023-10-19 12:03:04,974 [Worker-59: Launching mavenrun-edb12eae-acad-4118-bbfb-016e97c8ef09] INFO  o.eclipse.m2e.core.internal.Bundles - 	Entry: C:\Users\rahulr\eclipse\eclipse-jee-2023-03\eclipse\plugins\org.eclipse.m2e.maven.runtime_3.8.701.20230209-1606\jars\maven-resolver-provider-3.8.7.jar
2023-10-19 12:03:04,974 [Worker-59: Launching mavenrun-edb12eae-acad-4118-bbfb-016e97c8ef09] INFO  o.eclipse.m2e.core.internal.Bundles - 	Entry: C:\Users\rahulr\eclipse\eclipse-jee-2023-03\eclipse\plugins\org.eclipse.m2e.maven.runtime_3.8.701.20230209-1606\jars\maven-resolver-spi-1.6.3.jar
2023-10-19 12:03:04,974 [Worker-59: Launching mavenrun-edb12eae-acad-4118-bbfb-016e97c8ef09] INFO  o.eclipse.m2e.core.internal.Bundles - 	Entry: C:\Users\rahulr\eclipse\eclipse-jee-2023-03\eclipse\plugins\org.eclipse.m2e.maven.runtime_3.8.701.20230209-1606\jars\maven-resolver-transport-wagon-1.6.3.jar
2023-10-19 12:03:04,975 [Worker-59: Launching mavenrun-edb12eae-acad-4118-bbfb-016e97c8ef09] INFO  o.eclipse.m2e.core.internal.Bundles - 	Entry: C:\Users\rahulr\eclipse\eclipse-jee-2023-03\eclipse\plugins\org.eclipse.m2e.maven.runtime_3.8.701.20230209-1606\jars\maven-resolver-util-1.6.3.jar
2023-10-19 12:03:04,975 [Worker-59: Launching mavenrun-edb12eae-acad-4118-bbfb-016e97c8ef09] INFO  o.eclipse.m2e.core.internal.Bundles - 	Entry: C:\Users\rahulr\eclipse\eclipse-jee-2023-03\eclipse\plugins\org.eclipse.m2e.maven.runtime_3.8.701.20230209-1606\jars\maven-settings-3.8.7.jar
2023-10-19 12:03:04,975 [Worker-59: Launching mavenrun-edb12eae-acad-4118-bbfb-016e97c8ef09] INFO  o.eclipse.m2e.core.internal.Bundles - 	Entry: C:\Users\rahulr\eclipse\eclipse-jee-2023-03\eclipse\plugins\org.eclipse.m2e.maven.runtime_3.8.701.20230209-1606\jars\maven-settings-builder-3.8.7.jar
2023-10-19 12:03:04,975 [Worker-59: Launching mavenrun-edb12eae-acad-4118-bbfb-016e97c8ef09] INFO  o.eclipse.m2e.core.internal.Bundles - 	Entry: C:\Users\rahulr\eclipse\eclipse-jee-2023-03\eclipse\plugins\org.eclipse.m2e.maven.runtime_3.8.701.20230209-1606\jars\maven-shared-utils-3.3.4.jar
2023-10-19 12:03:04,976 [Worker-59: Launching mavenrun-edb12eae-acad-4118-bbfb-016e97c8ef09] INFO  o.eclipse.m2e.core.internal.Bundles - 	Entry: C:\Users\rahulr\eclipse\eclipse-jee-2023-03\eclipse\plugins\org.eclipse.m2e.maven.runtime_3.8.701.20230209-1606\jars\okhttp-3.14.1.jar
2023-10-19 12:03:04,976 [Worker-59: Launching mavenrun-edb12eae-acad-4118-bbfb-016e97c8ef09] INFO  o.eclipse.m2e.core.internal.Bundles - 	Entry: C:\Users\rahulr\eclipse\eclipse-jee-2023-03\eclipse\plugins\org.eclipse.m2e.maven.runtime_3.8.701.20230209-1606\jars\okio-1.17.3.jar
2023-10-19 12:03:04,976 [Worker-59: Launching mavenrun-edb12eae-acad-4118-bbfb-016e97c8ef09] INFO  o.eclipse.m2e.core.internal.Bundles - 	Entry: C:\Users\rahulr\eclipse\eclipse-jee-2023-03\eclipse\plugins\org.eclipse.m2e.maven.runtime_3.8.701.20230209-1606\jars\org.eclipse.sisu.inject-0.3.5.jar
2023-10-19 12:03:04,977 [Worker-59: Launching mavenrun-edb12eae-acad-4118-bbfb-016e97c8ef09] INFO  o.eclipse.m2e.core.internal.Bundles - 	Entry: C:\Users\rahulr\eclipse\eclipse-jee-2023-03\eclipse\plugins\org.eclipse.m2e.maven.runtime_3.8.701.20230209-1606\jars\org.eclipse.sisu.plexus-0.3.5.jar
2023-10-19 12:03:04,978 [Worker-59: Launching mavenrun-edb12eae-acad-4118-bbfb-016e97c8ef09] INFO  o.eclipse.m2e.core.internal.Bundles - 	Entry: C:\Users\rahulr\eclipse\eclipse-jee-2023-03\eclipse\plugins\org.eclipse.m2e.maven.runtime_3.8.701.20230209-1606\jars\plexus-build-api-0.0.7.jar
2023-10-19 12:03:04,978 [Worker-59: Launching mavenrun-edb12eae-acad-4118-bbfb-016e97c8ef09] INFO  o.eclipse.m2e.core.internal.Bundles - 	Entry: C:\Users\rahulr\eclipse\eclipse-jee-2023-03\eclipse\plugins\org.eclipse.m2e.maven.runtime_3.8.701.20230209-1606\jars\plexus-cipher-2.0.jar
2023-10-19 12:03:04,978 [Worker-59: Launching mavenrun-edb12eae-acad-4118-bbfb-016e97c8ef09] INFO  o.eclipse.m2e.core.internal.Bundles - 	Entry: C:\Users\rahulr\eclipse\eclipse-jee-2023-03\eclipse\plugins\org.eclipse.m2e.maven.runtime_3.8.701.20230209-1606\jars\plexus-classworlds-2.6.0.jar
2023-10-19 12:03:04,978 [Worker-59: Launching mavenrun-edb12eae-acad-4118-bbfb-016e97c8ef09] INFO  o.eclipse.m2e.core.internal.Bundles - 	Entry: C:\Users\rahulr\eclipse\eclipse-jee-2023-03\eclipse\plugins\org.eclipse.m2e.maven.runtime_3.8.701.20230209-1606\jars\plexus-component-annotations-2.1.0.jar
2023-10-19 12:03:04,978 [Worker-59: Launching mavenrun-edb12eae-acad-4118-bbfb-016e97c8ef09] INFO  o.eclipse.m2e.core.internal.Bundles - 	Entry: C:\Users\rahulr\eclipse\eclipse-jee-2023-03\eclipse\plugins\org.eclipse.m2e.maven.runtime_3.8.701.20230209-1606\jars\plexus-interpolation-1.26.jar
2023-10-19 12:03:04,978 [Worker-59: Launching mavenrun-edb12eae-acad-4118-bbfb-016e97c8ef09] INFO  o.eclipse.m2e.core.internal.Bundles - 	Entry: C:\Users\rahulr\eclipse\eclipse-jee-2023-03\eclipse\plugins\org.eclipse.m2e.maven.runtime_3.8.701.20230209-1606\jars\plexus-sec-dispatcher-2.0.jar
2023-10-19 12:03:04,978 [Worker-59: Launching mavenrun-edb12eae-acad-4118-bbfb-016e97c8ef09] INFO  o.eclipse.m2e.core.internal.Bundles - 	Entry: C:\Users\rahulr\eclipse\eclipse-jee-2023-03\eclipse\plugins\org.eclipse.m2e.maven.runtime_3.8.701.20230209-1606\jars\plexus-utils-3.3.1.jar
2023-10-19 12:03:04,979 [Worker-59: Launching mavenrun-edb12eae-acad-4118-bbfb-016e97c8ef09] INFO  o.eclipse.m2e.core.internal.Bundles - 	Entry: C:\Users\rahulr\eclipse\eclipse-jee-2023-03\eclipse\plugins\org.eclipse.m2e.maven.runtime_3.8.701.20230209-1606\jars\wagon-file-3.5.3.jar
2023-10-19 12:03:04,979 [Worker-59: Launching mavenrun-edb12eae-acad-4118-bbfb-016e97c8ef09] INFO  o.eclipse.m2e.core.internal.Bundles - 	Entry: C:\Users\rahulr\eclipse\eclipse-jee-2023-03\eclipse\plugins\org.eclipse.m2e.maven.runtime_3.8.701.20230209-1606\jars\wagon-provider-api-3.5.3.jar
2023-10-19 12:03:04,979 [Worker-59: Launching mavenrun-edb12eae-acad-4118-bbfb-016e97c8ef09] INFO  o.eclipse.m2e.core.internal.Bundles - getClasspathEntries(Bundle=com.google.guava_31.1.0.jre [11])
2023-10-19 12:03:04,982 [Worker-59: Launching mavenrun-edb12eae-acad-4118-bbfb-016e97c8ef09] INFO  o.eclipse.m2e.core.internal.Bundles - 	Entry: C:\Users\rahulr\eclipse\eclipse-jee-2023-03\eclipse\plugins\com.google.guava_31.1.0.jre.jar
2023-10-19 12:03:04,982 [Worker-59: Launching mavenrun-edb12eae-acad-4118-bbfb-016e97c8ef09] INFO  o.eclipse.m2e.core.internal.Bundles - getClasspathEntries(Bundle=slf4j.api_1.7.36 [924])
2023-10-19 12:03:04,985 [Worker-59: Launching mavenrun-edb12eae-acad-4118-bbfb-016e97c8ef09] INFO  o.eclipse.m2e.core.internal.Bundles - 	Entry: C:\Users\rahulr\eclipse\eclipse-jee-2023-03\eclipse\plugins\slf4j.api_1.7.36.jar
2023-10-19 12:03:04,985 [Worker-59: Launching mavenrun-edb12eae-acad-4118-bbfb-016e97c8ef09] INFO  o.eclipse.m2e.core.internal.Bundles - getClasspathEntries(Bundle=javax.inject_1.0.0.v20220405-0441 [35])
2023-10-19 12:03:04,986 [Worker-59: Launching mavenrun-edb12eae-acad-4118-bbfb-016e97c8ef09] INFO  o.eclipse.m2e.core.internal.Bundles - 	Entry: C:\Users\rahulr\eclipse\eclipse-jee-2023-03\eclipse\plugins\javax.inject_1.0.0.v20220405-0441.jar
2023-10-19 12:03:04,986 [Worker-59: Launching mavenrun-edb12eae-acad-4118-bbfb-016e97c8ef09] INFO  o.eclipse.m2e.core.internal.Bundles - getClasspathEntries(Bundle=javax.annotation_1.3.5.v20221203-1659 [33])
2023-10-19 12:03:04,988 [Worker-59: Launching mavenrun-edb12eae-acad-4118-bbfb-016e97c8ef09] INFO  o.eclipse.m2e.core.internal.Bundles - 	Entry: C:\Users\rahulr\eclipse\eclipse-jee-2023-03\eclipse\plugins\javax.annotation_1.3.5.v20221203-1659.jar
2023-10-19 12:03:04,988 [Worker-59: Launching mavenrun-edb12eae-acad-4118-bbfb-016e97c8ef09] INFO  o.eclipse.m2e.core.internal.Bundles - getClasspathEntries(Bundle=org.apache.commons.cli_1.4.0.v20221112-0806 [67])
2023-10-19 12:03:04,989 [Worker-59: Launching mavenrun-edb12eae-acad-4118-bbfb-016e97c8ef09] INFO  o.eclipse.m2e.core.internal.Bundles - 	Entry: C:\Users\rahulr\eclipse\eclipse-jee-2023-03\eclipse\plugins\org.apache.commons.cli_1.4.0.v20221112-0806.jar
2023-10-19 12:03:04,989 [Worker-59: Launching mavenrun-edb12eae-acad-4118-bbfb-016e97c8ef09] INFO  o.eclipse.m2e.core.internal.Bundles - getClasspathEntries(Bundle=com.google.guava.failureaccess_1.0.1 [13])
2023-10-19 12:03:04,991 [Worker-59: Launching mavenrun-edb12eae-acad-4118-bbfb-016e97c8ef09] INFO  o.eclipse.m2e.core.internal.Bundles - 	Entry: C:\Users\rahulr\eclipse\eclipse-jee-2023-03\eclipse\plugins\com.google.guava.failureaccess_1.0.1.jar
2023-10-19 12:03:04,997 [Worker-59: Launching mavenrun-edb12eae-acad-4118-bbfb-016e97c8ef09] INFO  o.e.m.i.launch.MavenLaunchDelegate - Run build in "C:\Users\rahulr\AppData\Local\Temp\m2e-archetypeGenerator8240568028206123260":
2023-10-19 12:03:04,998 [Worker-59: Launching mavenrun-edb12eae-acad-4118-bbfb-016e97c8ef09] INFO  o.e.m.i.launch.MavenLaunchDelegate -  mvn  -DarchetypeGroupId=org.glassfish.jersey.archetypes -DarchetypeArtifactId=jersey-quickstart-webapp -DarchetypeVersion=3.1.3 -DgroupId=infinite -DartifactId=EJBHIBEmployClient -Dversion=0.0.1-SNAPSHOT -Dpackage=com.java.ejb -DoutputDirectory="D:\eclipse-workspace\Day 40" -Dstyle.color=always -U archetype:generate
2023-10-19 12:03:34,425 [Worker-60: Creating jersey-quickstart-webapp] INFO  o.e.m.c.i.p.ProjectConfigurationManager - Collecting project info '/pom.xml' D:\eclipse-workspace\Day 40\EJBHIBEmployClient\pom.xml
2023-10-19 12:03:37,757 [Worker-60: Creating jersey-quickstart-webapp] INFO  o.e.m.c.i.l.LifecycleMappingFactory - Using org.maven.ide.eclipse.wtp.WarLifecycleMapping lifecycle mapping for MavenProject: infinite:EJBHIBEmployClient:0.0.1-SNAPSHOT @ D:\eclipse-workspace\Day 40\EJBHIBEmployClient\pom.xml.
2023-10-19 12:03:41,264 [Worker-60: Creating jersey-quickstart-webapp] INFO  o.e.m.j.i.AbstractJavaProjectConfigurator - Adding source folder /EJBHIBEmployClient/src/main/java
2023-10-19 12:03:41,265 [Worker-60: Creating jersey-quickstart-webapp] INFO  o.e.m.j.i.AbstractJavaProjectConfigurator - Adding resource folder /EJBHIBEmployClient/src/main/resources
2023-10-19 12:03:41,284 [Worker-60: Creating jersey-quickstart-webapp] INFO  o.e.m.j.i.AbstractJavaProjectConfigurator - Adding source folder /EJBHIBEmployClient/src/test/java
2023-10-19 12:03:42,544 [Worker-60: Creating jersey-quickstart-webapp] INFO  o.e.m.c.i.embedder.EclipseLogger - Using 'UTF-8' encoding to copy filtered resources.
2023-10-19 12:03:42,548 [Worker-60: Creating jersey-quickstart-webapp] INFO  o.e.m.c.i.embedder.EclipseLogger - Copying 0 resource
2023-10-19 12:03:42,552 [Worker-60: Creating jersey-quickstart-webapp] INFO  o.e.m.c.i.embedder.EclipseLogger - Using 'UTF-8' encoding to copy filtered resources.
2023-10-19 12:03:42,552 [Worker-60: Creating jersey-quickstart-webapp] INFO  o.e.m.c.i.embedder.EclipseLogger - skip non existing resourceDirectory D:\eclipse-workspace\Day 40\EJBHIBEmployClient\src\test\resources
2023-10-19 12:03:42,919 [Worker-60: Creating jersey-quickstart-webapp] INFO  o.e.m.c.i.p.ProjectConfigurationManager - Imported and configured 1 project(s) in 8 sec
2023-10-19 12:03:44,159 [Worker-62: Building] INFO  o.e.m.c.i.embedder.EclipseLogger - Using 'UTF-8' encoding to copy filtered resources.
2023-10-19 12:03:44,161 [Worker-62: Building] INFO  o.e.m.c.i.embedder.EclipseLogger - Copying 0 resource
2023-10-19 12:03:44,164 [Worker-62: Building] INFO  o.e.m.c.i.embedder.EclipseLogger - Using 'UTF-8' encoding to copy filtered resources.
2023-10-19 12:03:44,164 [Worker-62: Building] INFO  o.e.m.c.i.embedder.EclipseLogger - skip non existing resourceDirectory D:\eclipse-workspace\Day 40\EJBHIBEmployClient\src\test\resources
2023-10-19 12:03:56,016 [Worker-64: Building] INFO  o.e.m.c.i.l.LifecycleMappingFactory - Using org.maven.ide.eclipse.wtp.WarLifecycleMapping lifecycle mapping for MavenProject: infinite:EJBHIBEmployClient:0.0.1-SNAPSHOT @ D:\eclipse-workspace\Day 40\EJBHIBEmployClient\pom.xml.
2023-10-19 12:04:07,909 [Worker-64: Building] INFO  o.e.m.c.i.embedder.EclipseLogger - Using 'UTF-8' encoding to copy filtered resources.
2023-10-19 12:04:07,911 [Worker-64: Building] INFO  o.e.m.c.i.embedder.EclipseLogger - Copying 0 resource
2023-10-19 12:04:07,913 [Worker-64: Building] INFO  o.e.m.c.i.embedder.EclipseLogger - Using 'UTF-8' encoding to copy filtered resources.
2023-10-19 12:04:07,914 [Worker-64: Building] INFO  o.e.m.c.i.embedder.EclipseLogger - skip non existing resourceDirectory D:\eclipse-workspace\Day 40\EJBHIBEmployClient\src\test\resources
2023-10-19 12:04:07,914 [Worker-64: Building] INFO  o.e.m.w.i.f.ResourceFilteringBuildParticipant - Changed resources require a complete clean of filtered resources of EJBHIBEmployClient
2023-10-19 12:04:07,915 [Worker-64: Building] INFO  o.e.m.w.i.f.ResourceFilteringBuildParticipant - Executing resource filtering for EJBHIBEmployClient
2023-10-19 12:04:26,917 [Worker-65: Building] INFO  o.e.m.c.i.embedder.EclipseLogger - Using 'UTF-8' encoding to copy filtered resources.
2023-10-19 12:04:26,918 [Worker-65: Building] INFO  o.e.m.c.i.embedder.EclipseLogger - Copying 0 resource
2023-10-19 12:04:26,920 [Worker-65: Building] INFO  o.e.m.c.i.embedder.EclipseLogger - Using 'UTF-8' encoding to copy filtered resources.
2023-10-19 12:04:26,920 [Worker-65: Building] INFO  o.e.m.c.i.embedder.EclipseLogger - skip non existing resourceDirectory D:\eclipse-workspace\Day 40\EJBHIBEmployClient\src\test\resources
2023-10-19 12:04:32,201 [Worker-59: Building] INFO  o.e.m.c.i.embedder.EclipseLogger - Using 'UTF-8' encoding to copy filtered resources.
2023-10-19 12:04:32,201 [Worker-59: Building] INFO  o.e.m.c.i.embedder.EclipseLogger - Copying 0 resource
2023-10-19 12:04:32,204 [Worker-59: Building] INFO  o.e.m.c.i.embedder.EclipseLogger - Using 'UTF-8' encoding to copy filtered resources.
2023-10-19 12:04:32,204 [Worker-59: Building] INFO  o.e.m.c.i.embedder.EclipseLogger - skip non existing resourceDirectory D:\eclipse-workspace\Day 40\EJBHIBEmployClient\src\test\resources
2023-10-19 12:06:37,698 [Worker-63: Building] INFO  o.e.m.c.i.embedder.EclipseLogger - Using 'UTF-8' encoding to copy filtered resources.
2023-10-19 12:06:37,699 [Worker-63: Building] INFO  o.e.m.c.i.embedder.EclipseLogger - Copying 0 resource
2023-10-19 12:06:37,700 [Worker-63: Building] INFO  o.e.m.c.i.embedder.EclipseLogger - Using 'UTF-8' encoding to copy filtered resources.
2023-10-19 12:06:37,700 [Worker-63: Building] INFO  o.e.m.c.i.embedder.EclipseLogger - skip non existing resourceDirectory D:\eclipse-workspace\Day 40\EJBHIBEmployClient\src\test\resources
2023-10-19 12:06:46,928 [Worker-63: Building] INFO  o.e.m.c.i.embedder.EclipseLogger - Using 'UTF-8' encoding to copy filtered resources.
2023-10-19 12:06:46,928 [Worker-63: Building] INFO  o.e.m.c.i.embedder.EclipseLogger - Copying 0 resource
2023-10-19 12:06:46,930 [Worker-63: Building] INFO  o.e.m.c.i.embedder.EclipseLogger - Using 'UTF-8' encoding to copy filtered resources.
2023-10-19 12:06:46,930 [Worker-63: Building] INFO  o.e.m.c.i.embedder.EclipseLogger - skip non existing resourceDirectory D:\eclipse-workspace\Day 40\EJBHIBEmployClient\src\test\resources
2023-10-19 12:07:05,156 [Worker-59: Building] INFO  o.e.m.c.i.embedder.EclipseLogger - Using 'UTF-8' encoding to copy filtered resources.
2023-10-19 12:07:05,157 [Worker-59: Building] INFO  o.e.m.c.i.embedder.EclipseLogger - Copying 0 resource
2023-10-19 12:07:05,158 [Worker-59: Building] INFO  o.e.m.c.i.embedder.EclipseLogger - Using 'UTF-8' encoding to copy filtered resources.
2023-10-19 12:07:05,159 [Worker-59: Building] INFO  o.e.m.c.i.embedder.EclipseLogger - skip non existing resourceDirectory D:\eclipse-workspace\Day 40\EJBHIBEmployClient\src\test\resources
2023-10-19 12:07:38,664 [Worker-69: Building] INFO  o.e.m.c.i.embedder.EclipseLogger - Using 'UTF-8' encoding to copy filtered resources.
2023-10-19 12:07:38,665 [Worker-69: Building] INFO  o.e.m.c.i.embedder.EclipseLogger - Copying 0 resource
2023-10-19 12:07:38,671 [Worker-69: Building] INFO  o.e.m.c.i.embedder.EclipseLogger - Using 'UTF-8' encoding to copy filtered resources.
2023-10-19 12:07:38,671 [Worker-69: Building] INFO  o.e.m.c.i.embedder.EclipseLogger - skip non existing resourceDirectory D:\eclipse-workspace\Day 40\EJBHIBEmployClient\src\test\resources
2023-10-19 12:07:54,076 [Worker-66: Building] INFO  o.e.m.c.i.embedder.EclipseLogger - Using 'UTF-8' encoding to copy filtered resources.
2023-10-19 12:07:54,077 [Worker-66: Building] INFO  o.e.m.c.i.embedder.EclipseLogger - Copying 0 resource
2023-10-19 12:07:54,080 [Worker-66: Building] INFO  o.e.m.c.i.embedder.EclipseLogger - Using 'UTF-8' encoding to copy filtered resources.
2023-10-19 12:07:54,080 [Worker-66: Building] INFO  o.e.m.c.i.embedder.EclipseLogger - skip non existing resourceDirectory D:\eclipse-workspace\Day 40\EJBHIBEmployClient\src\test\resources
2023-10-19 12:08:02,146 [Worker-59: Building] INFO  o.e.m.c.i.embedder.EclipseLogger - Using 'UTF-8' encoding to copy filtered resources.
2023-10-19 12:08:02,146 [Worker-59: Building] INFO  o.e.m.c.i.embedder.EclipseLogger - Copying 0 resource
2023-10-19 12:08:02,149 [Worker-59: Building] INFO  o.e.m.c.i.embedder.EclipseLogger - Using 'UTF-8' encoding to copy filtered resources.
2023-10-19 12:08:02,149 [Worker-59: Building] INFO  o.e.m.c.i.embedder.EclipseLogger - skip non existing resourceDirectory D:\eclipse-workspace\Day 40\EJBHIBEmployClient\src\test\resources
2023-10-19 12:11:21,331 [Worker-59: Building] INFO  o.e.m.c.i.embedder.EclipseLogger - Using 'UTF-8' encoding to copy filtered resources.
2023-10-19 12:11:21,332 [Worker-59: Building] INFO  o.e.m.c.i.embedder.EclipseLogger - Copying 0 resource
2023-10-19 12:11:21,333 [Worker-59: Building] INFO  o.e.m.c.i.embedder.EclipseLogger - Using 'UTF-8' encoding to copy filtered resources.
2023-10-19 12:11:21,333 [Worker-59: Building] INFO  o.e.m.c.i.embedder.EclipseLogger - skip non existing resourceDirectory D:\eclipse-workspace\Day 40\EJBHIBEmployClient\src\test\resources
2023-10-19 12:11:41,224 [Worker-63: Building] INFO  o.e.m.c.i.embedder.EclipseLogger - Using 'UTF-8' encoding to copy filtered resources.
2023-10-19 12:11:41,224 [Worker-63: Building] INFO  o.e.m.c.i.embedder.EclipseLogger - Copying 0 resource
2023-10-19 12:11:41,226 [Worker-63: Building] INFO  o.e.m.c.i.embedder.EclipseLogger - Using 'UTF-8' encoding to copy filtered resources.
2023-10-19 12:11:41,226 [Worker-63: Building] INFO  o.e.m.c.i.embedder.EclipseLogger - skip non existing resourceDirectory D:\eclipse-workspace\Day 40\EJBHIBEmployClient\src\test\resources
2023-10-19 12:12:51,227 [Worker-72: Building] INFO  o.e.m.c.i.embedder.EclipseLogger - Using 'UTF-8' encoding to copy filtered resources.
2023-10-19 12:12:51,228 [Worker-72: Building] INFO  o.e.m.c.i.embedder.EclipseLogger - Copying 0 resource
2023-10-19 12:12:51,230 [Worker-72: Building] INFO  o.e.m.c.i.embedder.EclipseLogger - Using 'UTF-8' encoding to copy filtered resources.
2023-10-19 12:12:51,230 [Worker-72: Building] INFO  o.e.m.c.i.embedder.EclipseLogger - skip non existing resourceDirectory D:\eclipse-workspace\Day 40\EJBHIBEmployClient\src\test\resources
2023-10-19 12:12:54,320 [Worker-72: Building] INFO  o.e.m.c.i.embedder.EclipseLogger - Using 'UTF-8' encoding to copy filtered resources.
2023-10-19 12:12:54,321 [Worker-72: Building] INFO  o.e.m.c.i.embedder.EclipseLogger - Copying 0 resource
2023-10-19 12:12:54,323 [Worker-72: Building] INFO  o.e.m.c.i.embedder.EclipseLogger - Using 'UTF-8' encoding to copy filtered resources.
2023-10-19 12:12:54,323 [Worker-72: Building] INFO  o.e.m.c.i.embedder.EclipseLogger - skip non existing resourceDirectory D:\eclipse-workspace\Day 40\EJBHIBEmployClient\src\test\resources
2023-10-19 12:13:04,693 [Worker-72: Building] INFO  o.e.m.c.i.embedder.EclipseLogger - Using 'UTF-8' encoding to copy filtered resources.
2023-10-19 12:13:04,694 [Worker-72: Building] INFO  o.e.m.c.i.embedder.EclipseLogger - Copying 0 resource
2023-10-19 12:13:04,698 [Worker-72: Building] INFO  o.e.m.c.i.embedder.EclipseLogger - Using 'UTF-8' encoding to copy filtered resources.
2023-10-19 12:13:04,698 [Worker-72: Building] INFO  o.e.m.c.i.embedder.EclipseLogger - skip non existing resourceDirectory D:\eclipse-workspace\Day 40\EJBHIBEmployClient\src\test\resources
2023-10-19 12:13:15,617 [Worker-72: Building] INFO  o.e.m.c.i.embedder.EclipseLogger - Using 'UTF-8' encoding to copy filtered resources.
2023-10-19 12:13:15,618 [Worker-72: Building] INFO  o.e.m.c.i.embedder.EclipseLogger - Copying 0 resource
2023-10-19 12:13:15,619 [Worker-72: Building] INFO  o.e.m.c.i.embedder.EclipseLogger - Using 'UTF-8' encoding to copy filtered resources.
2023-10-19 12:13:15,619 [Worker-72: Building] INFO  o.e.m.c.i.embedder.EclipseLogger - skip non existing resourceDirectory D:\eclipse-workspace\Day 40\EJBHIBEmployClient\src\test\resources
2023-10-19 12:13:20,238 [Worker-63: Building] INFO  o.e.m.c.i.embedder.EclipseLogger - Using 'UTF-8' encoding to copy filtered resources.
2023-10-19 12:13:20,238 [Worker-63: Building] INFO  o.e.m.c.i.embedder.EclipseLogger - Copying 0 resource
2023-10-19 12:13:20,240 [Worker-63: Building] INFO  o.e.m.c.i.embedder.EclipseLogger - Using 'UTF-8' encoding to copy filtered resources.
2023-10-19 12:13:20,240 [Worker-63: Building] INFO  o.e.m.c.i.embedder.EclipseLogger - skip non existing resourceDirectory D:\eclipse-workspace\Day 40\EJBHIBEmployClient\src\test\resources
2023-10-19 12:14:29,497 [Worker-59: Building] INFO  o.e.m.c.i.embedder.EclipseLogger - Using 'UTF-8' encoding to copy filtered resources.
2023-10-19 12:14:29,497 [Worker-59: Building] INFO  o.e.m.c.i.embedder.EclipseLogger - Copying 0 resource
2023-10-19 12:14:29,500 [Worker-59: Building] INFO  o.e.m.c.i.embedder.EclipseLogger - Using 'UTF-8' encoding to copy filtered resources.
2023-10-19 12:14:29,500 [Worker-59: Building] INFO  o.e.m.c.i.embedder.EclipseLogger - skip non existing resourceDirectory D:\eclipse-workspace\Day 40\EJBHIBEmployClient\src\test\resources
2023-10-19 12:14:45,212 [Worker-72: Building] INFO  o.e.m.c.i.embedder.EclipseLogger - Using 'UTF-8' encoding to copy filtered resources.
2023-10-19 12:14:45,212 [Worker-72: Building] INFO  o.e.m.c.i.embedder.EclipseLogger - Copying 0 resource
2023-10-19 12:14:45,215 [Worker-72: Building] INFO  o.e.m.c.i.embedder.EclipseLogger - Using 'UTF-8' encoding to copy filtered resources.
2023-10-19 12:14:45,215 [Worker-72: Building] INFO  o.e.m.c.i.embedder.EclipseLogger - skip non existing resourceDirectory D:\eclipse-workspace\Day 40\EJBHIBEmployClient\src\test\resources
2023-10-19 12:14:50,916 [Worker-72: Building] INFO  o.e.m.c.i.embedder.EclipseLogger - Using 'UTF-8' encoding to copy filtered resources.
2023-10-19 12:14:50,916 [Worker-72: Building] INFO  o.e.m.c.i.embedder.EclipseLogger - Copying 0 resource
2023-10-19 12:14:50,920 [Worker-72: Building] INFO  o.e.m.c.i.embedder.EclipseLogger - Using 'UTF-8' encoding to copy filtered resources.
2023-10-19 12:14:50,920 [Worker-72: Building] INFO  o.e.m.c.i.embedder.EclipseLogger - skip non existing resourceDirectory D:\eclipse-workspace\Day 40\EJBHIBEmployClient\src\test\resources
2023-10-19 12:14:53,000 [Worker-71: Building] INFO  o.e.m.c.i.embedder.EclipseLogger - Using 'UTF-8' encoding to copy filtered resources.
2023-10-19 12:14:53,001 [Worker-71: Building] INFO  o.e.m.c.i.embedder.EclipseLogger - Copying 0 resource
2023-10-19 12:14:53,004 [Worker-71: Building] INFO  o.e.m.c.i.embedder.EclipseLogger - Using 'UTF-8' encoding to copy filtered resources.
2023-10-19 12:14:53,005 [Worker-71: Building] INFO  o.e.m.c.i.embedder.EclipseLogger - skip non existing resourceDirectory D:\eclipse-workspace\Day 40\EJBHIBEmployClient\src\test\resources
2023-10-19 12:15:27,444 [Worker-63: Building] INFO  o.e.m.c.i.embedder.EclipseLogger - Using 'UTF-8' encoding to copy filtered resources.
2023-10-19 12:15:27,444 [Worker-63: Building] INFO  o.e.m.c.i.embedder.EclipseLogger - Copying 0 resource
2023-10-19 12:15:27,446 [Worker-63: Building] INFO  o.e.m.c.i.embedder.EclipseLogger - Using 'UTF-8' encoding to copy filtered resources.
2023-10-19 12:15:27,446 [Worker-63: Building] INFO  o.e.m.c.i.embedder.EclipseLogger - skip non existing resourceDirectory D:\eclipse-workspace\Day 40\EJBHIBEmployClient\src\test\resources
2023-10-19 12:15:44,068 [Worker-63: Building] INFO  o.e.m.c.i.embedder.EclipseLogger - Using 'UTF-8' encoding to copy filtered resources.
2023-10-19 12:15:44,069 [Worker-63: Building] INFO  o.e.m.c.i.embedder.EclipseLogger - Copying 0 resource
2023-10-19 12:15:44,070 [Worker-63: Building] INFO  o.e.m.c.i.embedder.EclipseLogger - Using 'UTF-8' encoding to copy filtered resources.
2023-10-19 12:15:44,070 [Worker-63: Building] INFO  o.e.m.c.i.embedder.EclipseLogger - skip non existing resourceDirectory D:\eclipse-workspace\Day 40\EJBHIBEmployClient\src\test\resources
2023-10-19 12:18:12,182 [Worker-63: Building] INFO  o.e.m.c.i.embedder.EclipseLogger - Using 'UTF-8' encoding to copy filtered resources.
2023-10-19 12:18:12,183 [Worker-63: Building] INFO  o.e.m.c.i.embedder.EclipseLogger - Copying 0 resource
2023-10-19 12:18:12,185 [Worker-63: Building] INFO  o.e.m.c.i.embedder.EclipseLogger - Using 'UTF-8' encoding to copy filtered resources.
2023-10-19 12:18:12,186 [Worker-63: Building] INFO  o.e.m.c.i.embedder.EclipseLogger - skip non existing resourceDirectory D:\eclipse-workspace\Day 40\EJBHIBEmployClient\src\test\resources
2023-10-19 12:18:18,145 [Worker-55: Updating Maven Project] INFO  o.e.m.c.i.p.ProjectConfigurationManager - Update started
2023-10-19 12:18:22,680 [Worker-55: Updating Maven Project] INFO  o.e.m.c.i.l.LifecycleMappingFactory - Using org.maven.ide.eclipse.wtp.WarLifecycleMapping lifecycle mapping for MavenProject: infinite:EJBHIBEmployClient:0.0.1-SNAPSHOT @ D:\eclipse-workspace\Day 40\EJBHIBEmployClient\pom.xml.
2023-10-19 12:18:35,694 [Worker-55: Updating Maven Project] INFO  o.e.m.j.i.AbstractJavaProjectConfigurator - Adding source folder /EJBHIBEmployClient/src/main/java
2023-10-19 12:18:35,694 [Worker-55: Updating Maven Project] INFO  o.e.m.j.i.AbstractJavaProjectConfigurator - Adding resource folder /EJBHIBEmployClient/src/main/resources
2023-10-19 12:18:35,695 [Worker-55: Updating Maven Project] INFO  o.e.m.j.i.AbstractJavaProjectConfigurator - Adding source folder /EJBHIBEmployClient/src/test/java
2023-10-19 12:18:36,182 [Worker-55: Updating Maven Project] INFO  o.e.m.c.i.embedder.EclipseLogger - Using 'UTF-8' encoding to copy filtered resources.
2023-10-19 12:18:36,184 [Worker-55: Updating Maven Project] INFO  o.e.m.c.i.embedder.EclipseLogger - Copying 0 resource
2023-10-19 12:18:36,187 [Worker-55: Updating Maven Project] INFO  o.e.m.c.i.embedder.EclipseLogger - Using 'UTF-8' encoding to copy filtered resources.
2023-10-19 12:18:36,188 [Worker-55: Updating Maven Project] INFO  o.e.m.c.i.embedder.EclipseLogger - skip non existing resourceDirectory D:\eclipse-workspace\Day 40\EJBHIBEmployClient\src\test\resources
2023-10-19 12:18:36,188 [Worker-55: Updating Maven Project] INFO  o.e.m.w.i.f.ResourceFilteringBuildParticipant - Changed resources require a complete clean of filtered resources of EJBHIBEmployClient
2023-10-19 12:18:36,188 [Worker-55: Updating Maven Project] INFO  o.e.m.w.i.f.ResourceFilteringBuildParticipant - Executing resource filtering for EJBHIBEmployClient
2023-10-19 12:18:36,681 [Worker-55: Updating Maven Project] INFO  o.e.m.w.i.f.ResourceFilteringBuildParticipant - Cleaning filtered folder for EJBHIBEmployClient
2023-10-19 12:18:36,720 [Worker-55: Updating Maven Project] INFO  o.e.m.c.i.p.ProjectConfigurationManager - Update completed for 1 poms: local refresh takes 0.00 sec, refresh facades takes 15.00 sec, update config takes 2.00 sec 
2023-10-19 12:18:40,266 [Worker-63: Building] INFO  o.e.m.c.i.embedder.EclipseLogger - Using 'UTF-8' encoding to copy filtered resources.
2023-10-19 12:18:40,266 [Worker-63: Building] INFO  o.e.m.c.i.embedder.EclipseLogger - Copying 0 resource
2023-10-19 12:18:40,268 [Worker-63: Building] INFO  o.e.m.c.i.embedder.EclipseLogger - Using 'UTF-8' encoding to copy filtered resources.
2023-10-19 12:18:40,269 [Worker-63: Building] INFO  o.e.m.c.i.embedder.EclipseLogger - skip non existing resourceDirectory D:\eclipse-workspace\Day 40\EJBHIBEmployClient\src\test\resources
2023-10-19 12:18:40,269 [Worker-63: Building] INFO  o.e.m.w.i.f.ResourceFilteringBuildParticipant - Changed resources require a complete clean of filtered resources of EJBHIBEmployClient
2023-10-19 12:18:40,269 [Worker-63: Building] INFO  o.e.m.w.i.f.ResourceFilteringBuildParticipant - Executing resource filtering for EJBHIBEmployClient
2023-10-19 12:19:08,985 [Worker-76: Building] INFO  o.e.m.c.i.embedder.EclipseLogger - Using 'UTF-8' encoding to copy filtered resources.
2023-10-19 12:19:08,985 [Worker-76: Building] INFO  o.e.m.c.i.embedder.EclipseLogger - Copying 0 resource
2023-10-19 12:19:08,987 [Worker-76: Building] INFO  o.e.m.c.i.embedder.EclipseLogger - Using 'UTF-8' encoding to copy filtered resources.
2023-10-19 12:19:08,987 [Worker-76: Building] INFO  o.e.m.c.i.embedder.EclipseLogger - skip non existing resourceDirectory D:\eclipse-workspace\Day 40\EJBHIBEmployClient\src\test\resources
2023-10-19 12:20:41,033 [Worker-55: Building] INFO  o.e.m.c.i.embedder.EclipseLogger - Using 'UTF-8' encoding to copy filtered resources.
2023-10-19 12:20:41,033 [Worker-55: Building] INFO  o.e.m.c.i.embedder.EclipseLogger - Copying 0 resource
2023-10-19 12:20:41,035 [Worker-55: Building] INFO  o.e.m.c.i.embedder.EclipseLogger - Using 'UTF-8' encoding to copy filtered resources.
2023-10-19 12:20:41,035 [Worker-55: Building] INFO  o.e.m.c.i.embedder.EclipseLogger - skip non existing resourceDirectory D:\eclipse-workspace\Day 40\EJBHIBEmployClient\src\test\resources
2023-10-19 12:22:02,536 [Worker-71: Building] INFO  o.e.m.c.i.embedder.EclipseLogger - Using 'UTF-8' encoding to copy filtered resources.
2023-10-19 12:22:02,536 [Worker-71: Building] INFO  o.e.m.c.i.embedder.EclipseLogger - Copying 0 resource
2023-10-19 12:22:02,537 [Worker-71: Building] INFO  o.e.m.c.i.embedder.EclipseLogger - Using 'UTF-8' encoding to copy filtered resources.
2023-10-19 12:22:02,538 [Worker-71: Building] INFO  o.e.m.c.i.embedder.EclipseLogger - skip non existing resourceDirectory D:\eclipse-workspace\Day 40\EJBHIBEmployClient\src\test\resources
2023-10-19 13:34:09,456 [Worker-1: Loading available Gradle versions] INFO  o.e.b.c.i.u.g.PublishedGradleVersions - Gradle version information cache is up-to-date. Trying to read.
2023-10-19 15:11:37,044 [Worker-1: Loading available Gradle versions] INFO  o.e.b.c.i.u.g.PublishedGradleVersions - Gradle version information cache is up-to-date. Trying to read.
2023-10-19 15:12:00,326 [Worker-37: Building] INFO  o.e.m.c.i.embedder.EclipseLogger - Using 'UTF-8' encoding to copy filtered resources.
2023-10-19 15:12:00,330 [Worker-37: Building] INFO  o.e.m.c.i.embedder.EclipseLogger - Copying 0 resource
2023-10-19 15:12:00,335 [Worker-37: Building] INFO  o.e.m.c.i.embedder.EclipseLogger - Using 'UTF-8' encoding to copy filtered resources.
2023-10-19 15:12:00,335 [Worker-37: Building] INFO  o.e.m.c.i.embedder.EclipseLogger - skip non existing resourceDirectory D:\eclipse-workspace\Day 40\EJBHIBEmployClient\src\test\resources
2023-10-19 15:15:14,333 [Worker-12: Building] INFO  o.e.m.c.i.embedder.EclipseLogger - Using 'UTF-8' encoding to copy filtered resources.
2023-10-19 15:15:14,341 [Worker-12: Building] INFO  o.e.m.c.i.embedder.EclipseLogger - Copying 0 resource
2023-10-19 15:15:14,344 [Worker-12: Building] INFO  o.e.m.c.i.embedder.EclipseLogger - Using 'UTF-8' encoding to copy filtered resources.
2023-10-19 15:15:14,345 [Worker-12: Building] INFO  o.e.m.c.i.embedder.EclipseLogger - skip non existing resourceDirectory D:\eclipse-workspace\Day 40\EJBHIBEmployClient\src\test\resources
2023-10-19 15:29:20,897 [Worker-12: Building] INFO  o.e.m.c.i.embedder.EclipseLogger - Using 'UTF-8' encoding to copy filtered resources.
2023-10-19 15:29:20,898 [Worker-12: Building] INFO  o.e.m.c.i.embedder.EclipseLogger - Copying 0 resource
2023-10-19 15:29:20,901 [Worker-12: Building] INFO  o.e.m.c.i.embedder.EclipseLogger - Using 'UTF-8' encoding to copy filtered resources.
2023-10-19 15:29:20,901 [Worker-12: Building] INFO  o.e.m.c.i.embedder.EclipseLogger - skip non existing resourceDirectory D:\eclipse-workspace\Day 40\EJBHIBEmployClient\src\test\resources
2023-10-19 15:29:50,063 [Worker-12: Building] INFO  o.e.m.c.i.embedder.EclipseLogger - Using 'UTF-8' encoding to copy filtered resources.
2023-10-19 15:29:50,063 [Worker-12: Building] INFO  o.e.m.c.i.embedder.EclipseLogger - Copying 0 resource
2023-10-19 15:29:50,066 [Worker-12: Building] INFO  o.e.m.c.i.embedder.EclipseLogger - Using 'UTF-8' encoding to copy filtered resources.
2023-10-19 15:29:50,066 [Worker-12: Building] INFO  o.e.m.c.i.embedder.EclipseLogger - skip non existing resourceDirectory D:\eclipse-workspace\Day 40\EJBHIBEmployClient\src\test\resources
2023-10-19 15:29:53,230 [Worker-49: Building] INFO  o.e.m.c.i.embedder.EclipseLogger - Using 'UTF-8' encoding to copy filtered resources.
2023-10-19 15:29:53,231 [Worker-49: Building] INFO  o.e.m.c.i.embedder.EclipseLogger - Copying 0 resource
2023-10-19 15:29:53,234 [Worker-49: Building] INFO  o.e.m.c.i.embedder.EclipseLogger - Using 'UTF-8' encoding to copy filtered resources.
2023-10-19 15:29:53,234 [Worker-49: Building] INFO  o.e.m.c.i.embedder.EclipseLogger - skip non existing resourceDirectory D:\eclipse-workspace\Day 40\EJBHIBEmployClient\src\test\resources
2023-10-19 15:29:59,503 [Worker-48: Building] INFO  o.e.m.c.i.embedder.EclipseLogger - Using 'UTF-8' encoding to copy filtered resources.
2023-10-19 15:29:59,503 [Worker-48: Building] INFO  o.e.m.c.i.embedder.EclipseLogger - Copying 0 resource
2023-10-19 15:29:59,507 [Worker-48: Building] INFO  o.e.m.c.i.embedder.EclipseLogger - Using 'UTF-8' encoding to copy filtered resources.
2023-10-19 15:29:59,508 [Worker-48: Building] INFO  o.e.m.c.i.embedder.EclipseLogger - skip non existing resourceDirectory D:\eclipse-workspace\Day 40\EJBHIBEmployClient\src\test\resources
2023-10-19 15:30:22,957 [Worker-20: Building] INFO  o.e.m.c.i.embedder.EclipseLogger - Using 'UTF-8' encoding to copy filtered resources.
2023-10-19 15:30:22,957 [Worker-20: Building] INFO  o.e.m.c.i.embedder.EclipseLogger - Copying 0 resource
2023-10-19 15:30:22,960 [Worker-20: Building] INFO  o.e.m.c.i.embedder.EclipseLogger - Using 'UTF-8' encoding to copy filtered resources.
2023-10-19 15:30:22,960 [Worker-20: Building] INFO  o.e.m.c.i.embedder.EclipseLogger - skip non existing resourceDirectory D:\eclipse-workspace\Day 40\EJBHIBEmployClient\src\test\resources
2023-10-19 15:31:23,325 [Worker-47: Building] INFO  o.e.m.c.i.embedder.EclipseLogger - Using 'UTF-8' encoding to copy filtered resources.
2023-10-19 15:31:23,325 [Worker-47: Building] INFO  o.e.m.c.i.embedder.EclipseLogger - Copying 0 resource
2023-10-19 15:31:23,329 [Worker-47: Building] INFO  o.e.m.c.i.embedder.EclipseLogger - Using 'UTF-8' encoding to copy filtered resources.
2023-10-19 15:31:23,330 [Worker-47: Building] INFO  o.e.m.c.i.embedder.EclipseLogger - skip non existing resourceDirectory D:\eclipse-workspace\Day 40\EJBHIBEmployClient\src\test\resources
2023-10-19 15:32:28,305 [Worker-49: Building] INFO  o.e.m.c.i.embedder.EclipseLogger - Using 'UTF-8' encoding to copy filtered resources.
2023-10-19 15:32:28,306 [Worker-49: Building] INFO  o.e.m.c.i.embedder.EclipseLogger - Copying 0 resource
2023-10-19 15:32:28,309 [Worker-49: Building] INFO  o.e.m.c.i.embedder.EclipseLogger - Using 'UTF-8' encoding to copy filtered resources.
2023-10-19 15:32:28,309 [Worker-49: Building] INFO  o.e.m.c.i.embedder.EclipseLogger - skip non existing resourceDirectory D:\eclipse-workspace\Day 40\EJBHIBEmployClient\src\test\resources
2023-10-19 15:36:36,664 [Worker-3: Loading available Gradle versions] INFO  o.e.b.c.i.u.g.PublishedGradleVersions - Gradle version information cache is up-to-date. Trying to read.
2023-10-19 15:40:51,935 [Worker-12: Building] INFO  o.e.m.c.i.embedder.EclipseLogger - Using 'UTF-8' encoding to copy filtered resources.
2023-10-19 15:40:51,938 [Worker-12: Building] INFO  o.e.m.c.i.embedder.EclipseLogger - Copying 0 resource
2023-10-19 15:40:51,941 [Worker-12: Building] INFO  o.e.m.c.i.embedder.EclipseLogger - Using 'UTF-8' encoding to copy filtered resources.
2023-10-19 15:40:51,941 [Worker-12: Building] INFO  o.e.m.c.i.embedder.EclipseLogger - Copying 0 resource
2023-10-19 15:42:52,963 [Worker-20: Building] INFO  o.e.m.c.i.embedder.EclipseLogger - Using 'UTF-8' encoding to copy filtered resources.
2023-10-19 15:42:52,969 [Worker-20: Building] INFO  o.e.m.c.i.embedder.EclipseLogger - Copying 0 resource
2023-10-19 15:42:52,971 [Worker-20: Building] INFO  o.e.m.c.i.embedder.EclipseLogger - Using 'UTF-8' encoding to copy filtered resources.
2023-10-19 15:42:52,971 [Worker-20: Building] INFO  o.e.m.c.i.embedder.EclipseLogger - Copying 0 resource
2023-10-19 15:46:22,960 [Worker-1: Loading available Gradle versions] INFO  o.e.b.c.i.u.g.PublishedGradleVersions - Gradle version information cache is up-to-date. Trying to read.
2023-10-19 15:51:20,755 [Worker-4: Building] INFO  o.e.m.c.i.embedder.EclipseLogger - Using 'UTF-8' encoding to copy filtered resources.
2023-10-19 15:51:20,758 [Worker-4: Building] INFO  o.e.m.c.i.embedder.EclipseLogger - Copying 0 resource
2023-10-19 15:51:20,760 [Worker-4: Building] INFO  o.e.m.c.i.embedder.EclipseLogger - Using 'UTF-8' encoding to copy filtered resources.
2023-10-19 15:51:20,761 [Worker-4: Building] INFO  o.e.m.c.i.embedder.EclipseLogger - Copying 0 resource
2023-10-19 15:51:33,560 [Worker-24: Building] INFO  o.e.m.c.i.embedder.EclipseLogger - Using 'UTF-8' encoding to copy filtered resources.
2023-10-19 15:51:33,563 [Worker-24: Building] INFO  o.e.m.c.i.embedder.EclipseLogger - Copying 0 resource
2023-10-19 15:51:33,565 [Worker-24: Building] INFO  o.e.m.c.i.embedder.EclipseLogger - Using 'UTF-8' encoding to copy filtered resources.
2023-10-19 15:51:33,565 [Worker-24: Building] INFO  o.e.m.c.i.embedder.EclipseLogger - Copying 0 resource
2023-10-19 15:51:40,245 [Worker-24: Launching Dummy] INFO  o.e.m.c.i.embedder.EclipseLogger - Using 'UTF-8' encoding to copy filtered resources.
2023-10-19 15:51:40,245 [Worker-24: Launching Dummy] INFO  o.e.m.c.i.embedder.EclipseLogger - Copying 0 resource
2023-10-19 15:51:40,247 [Worker-24: Launching Dummy] INFO  o.e.m.c.i.embedder.EclipseLogger - Using 'UTF-8' encoding to copy filtered resources.
2023-10-19 15:51:40,247 [Worker-24: Launching Dummy] INFO  o.e.m.c.i.embedder.EclipseLogger - Copying 0 resource
2023-10-19 15:51:55,450 [Worker-34: Building] INFO  o.e.m.c.i.embedder.EclipseLogger - Using 'UTF-8' encoding to copy filtered resources.
2023-10-19 15:51:55,450 [Worker-34: Building] INFO  o.e.m.c.i.embedder.EclipseLogger - Copying 0 resource
2023-10-19 15:51:55,451 [Worker-34: Building] INFO  o.e.m.c.i.embedder.EclipseLogger - Using 'UTF-8' encoding to copy filtered resources.
2023-10-19 15:51:55,451 [Worker-34: Building] INFO  o.e.m.c.i.embedder.EclipseLogger - Copying 0 resource
2023-10-19 15:52:27,797 [Worker-35: Building] INFO  o.e.m.c.i.embedder.EclipseLogger - Using 'UTF-8' encoding to copy filtered resources.
2023-10-19 15:52:27,797 [Worker-35: Building] INFO  o.e.m.c.i.embedder.EclipseLogger - Copying 0 resource
2023-10-19 15:52:27,798 [Worker-35: Building] INFO  o.e.m.c.i.embedder.EclipseLogger - Using 'UTF-8' encoding to copy filtered resources.
2023-10-19 15:52:27,798 [Worker-35: Building] INFO  o.e.m.c.i.embedder.EclipseLogger - Copying 0 resource
2023-10-19 15:52:35,157 [Worker-34: Building] INFO  o.e.m.c.i.embedder.EclipseLogger - Using 'UTF-8' encoding to copy filtered resources.
2023-10-19 15:52:35,157 [Worker-34: Building] INFO  o.e.m.c.i.embedder.EclipseLogger - Copying 0 resource
2023-10-19 15:52:35,159 [Worker-34: Building] INFO  o.e.m.c.i.embedder.EclipseLogger - Using 'UTF-8' encoding to copy filtered resources.
2023-10-19 15:52:35,159 [Worker-34: Building] INFO  o.e.m.c.i.embedder.EclipseLogger - Copying 0 resource
2023-10-19 15:53:05,410 [Worker-35: Building] INFO  o.e.m.c.i.embedder.EclipseLogger - Using 'UTF-8' encoding to copy filtered resources.
2023-10-19 15:53:05,410 [Worker-35: Building] INFO  o.e.m.c.i.embedder.EclipseLogger - Copying 0 resource
2023-10-19 15:53:05,411 [Worker-35: Building] INFO  o.e.m.c.i.embedder.EclipseLogger - Using 'UTF-8' encoding to copy filtered resources.
2023-10-19 15:53:05,412 [Worker-35: Building] INFO  o.e.m.c.i.embedder.EclipseLogger - Copying 0 resource
2023-10-19 15:53:24,731 [Worker-28: Building] INFO  o.e.m.c.i.embedder.EclipseLogger - Using 'UTF-8' encoding to copy filtered resources.
2023-10-19 15:53:24,732 [Worker-28: Building] INFO  o.e.m.c.i.embedder.EclipseLogger - Copying 0 resource
2023-10-19 15:53:24,734 [Worker-28: Building] INFO  o.e.m.c.i.embedder.EclipseLogger - Using 'UTF-8' encoding to copy filtered resources.
2023-10-19 15:53:24,734 [Worker-28: Building] INFO  o.e.m.c.i.embedder.EclipseLogger - Copying 0 resource
2023-10-19 15:54:01,443 [Worker-20: Building] INFO  o.e.m.c.i.embedder.EclipseLogger - Using 'UTF-8' encoding to copy filtered resources.
2023-10-19 15:54:01,444 [Worker-20: Building] INFO  o.e.m.c.i.embedder.EclipseLogger - Copying 0 resource
2023-10-19 15:54:01,445 [Worker-20: Building] INFO  o.e.m.c.i.embedder.EclipseLogger - Using 'UTF-8' encoding to copy filtered resources.
2023-10-19 15:54:01,445 [Worker-20: Building] INFO  o.e.m.c.i.embedder.EclipseLogger - Copying 0 resource
2023-10-19 15:54:53,658 [Worker-34: Building] INFO  o.e.m.c.i.embedder.EclipseLogger - Using 'UTF-8' encoding to copy filtered resources.
2023-10-19 15:54:53,658 [Worker-34: Building] INFO  o.e.m.c.i.embedder.EclipseLogger - Copying 0 resource
2023-10-19 15:54:53,659 [Worker-34: Building] INFO  o.e.m.c.i.embedder.EclipseLogger - Using 'UTF-8' encoding to copy filtered resources.
2023-10-19 15:54:53,659 [Worker-34: Building] INFO  o.e.m.c.i.embedder.EclipseLogger - Copying 0 resource
2023-10-19 15:55:49,636 [Worker-28: Updating Maven Project] INFO  o.e.m.c.i.p.ProjectConfigurationManager - Update started
2023-10-19 15:55:51,714 [Worker-28: Updating Maven Project] INFO  o.e.m.c.i.l.LifecycleMappingFactory - Using org.maven.ide.eclipse.wtp.WarLifecycleMapping lifecycle mapping for MavenProject: infinite:EJBHIBEmployClient:0.0.1-SNAPSHOT @ D:\eclipse-workspace\Day 40\EJBHIBEmployClient\pom.xml.
2023-10-19 15:55:52,783 [Worker-28: Updating Maven Project] INFO  o.e.m.j.i.AbstractJavaProjectConfigurator - Adding source folder /EJBHIBEmployClient/src/main/java
2023-10-19 15:55:52,784 [Worker-28: Updating Maven Project] INFO  o.e.m.j.i.AbstractJavaProjectConfigurator - Adding resource folder /EJBHIBEmployClient/src/main/resources
2023-10-19 15:55:52,787 [Worker-28: Updating Maven Project] INFO  o.e.m.j.i.AbstractJavaProjectConfigurator - Adding source folder /EJBHIBEmployClient/src/test/java
2023-10-19 15:55:52,787 [Worker-28: Updating Maven Project] INFO  o.e.m.j.i.AbstractJavaProjectConfigurator - Adding resource folder /EJBHIBEmployClient/src/test/resources
2023-10-19 15:55:54,237 [Worker-28: Updating Maven Project] INFO  o.e.m.c.i.embedder.EclipseLogger - Using 'UTF-8' encoding to copy filtered resources.
2023-10-19 15:55:54,239 [Worker-28: Updating Maven Project] INFO  o.e.m.c.i.embedder.EclipseLogger - Copying 0 resource
2023-10-19 15:55:54,243 [Worker-28: Updating Maven Project] INFO  o.e.m.c.i.embedder.EclipseLogger - Using 'UTF-8' encoding to copy filtered resources.
2023-10-19 15:55:54,243 [Worker-28: Updating Maven Project] INFO  o.e.m.c.i.embedder.EclipseLogger - Copying 0 resource
2023-10-19 15:55:54,244 [Worker-28: Updating Maven Project] INFO  o.e.m.w.i.f.ResourceFilteringBuildParticipant - Changed resources require a complete clean of filtered resources of EJBHIBEmployClient
2023-10-19 15:55:54,245 [Worker-28: Updating Maven Project] INFO  o.e.m.w.i.f.ResourceFilteringBuildParticipant - Executing resource filtering for EJBHIBEmployClient
2023-10-19 15:55:54,524 [Worker-28: Updating Maven Project] INFO  o.e.m.w.i.f.ResourceFilteringBuildParticipant - Cleaning filtered folder for EJBHIBEmployClient
2023-10-19 15:55:54,550 [Worker-28: Updating Maven Project] INFO  o.e.m.c.i.p.ProjectConfigurationManager - Update completed for 1 poms: local refresh takes 0.00 sec, refresh facades takes 3.00 sec, update config takes 1.00 sec 
2023-10-19 15:55:57,309 [Worker-6: Building] INFO  o.e.m.c.i.embedder.EclipseLogger - Using 'UTF-8' encoding to copy filtered resources.
2023-10-19 15:55:57,309 [Worker-6: Building] INFO  o.e.m.c.i.embedder.EclipseLogger - Copying 0 resource
2023-10-19 15:55:57,311 [Worker-6: Building] INFO  o.e.m.c.i.embedder.EclipseLogger - Using 'UTF-8' encoding to copy filtered resources.
2023-10-19 15:55:57,312 [Worker-6: Building] INFO  o.e.m.c.i.embedder.EclipseLogger - Copying 0 resource
2023-10-19 15:55:57,312 [Worker-6: Building] INFO  o.e.m.w.i.f.ResourceFilteringBuildParticipant - Changed resources require a complete clean of filtered resources of EJBHIBEmployClient
2023-10-19 15:55:57,312 [Worker-6: Building] INFO  o.e.m.w.i.f.ResourceFilteringBuildParticipant - Executing resource filtering for EJBHIBEmployClient
2023-10-19 15:56:10,296 [Worker-35: Building] INFO  o.e.m.c.i.embedder.EclipseLogger - Using 'UTF-8' encoding to copy filtered resources.
2023-10-19 15:56:10,296 [Worker-35: Building] INFO  o.e.m.c.i.embedder.EclipseLogger - Copying 0 resource
2023-10-19 15:56:10,298 [Worker-35: Building] INFO  o.e.m.c.i.embedder.EclipseLogger - Using 'UTF-8' encoding to copy filtered resources.
2023-10-19 15:56:10,299 [Worker-35: Building] INFO  o.e.m.c.i.embedder.EclipseLogger - Copying 0 resource
2023-10-19 16:28:51,352 [Worker-40: Building] INFO  o.e.m.c.i.embedder.EclipseLogger - Using 'UTF-8' encoding to copy filtered resources.
2023-10-19 16:28:51,352 [Worker-40: Building] INFO  o.e.m.c.i.embedder.EclipseLogger - Copying 0 resource
2023-10-19 16:28:51,353 [Worker-40: Building] INFO  o.e.m.c.i.embedder.EclipseLogger - Using 'UTF-8' encoding to copy filtered resources.
2023-10-19 16:28:51,353 [Worker-40: Building] INFO  o.e.m.c.i.embedder.EclipseLogger - Copying 0 resource
2023-10-19 16:30:10,661 [Worker-41: Building] INFO  o.e.m.c.i.embedder.EclipseLogger - Using 'UTF-8' encoding to copy filtered resources.
2023-10-19 16:30:10,661 [Worker-41: Building] INFO  o.e.m.c.i.embedder.EclipseLogger - Copying 0 resource
2023-10-19 16:30:10,662 [Worker-41: Building] INFO  o.e.m.c.i.embedder.EclipseLogger - Using 'UTF-8' encoding to copy filtered resources.
2023-10-19 16:30:10,662 [Worker-41: Building] INFO  o.e.m.c.i.embedder.EclipseLogger - Copying 0 resource
2023-10-19 16:30:12,853 [Worker-34: Building] INFO  o.e.m.c.i.embedder.EclipseLogger - Using 'UTF-8' encoding to copy filtered resources.
2023-10-19 16:30:12,853 [Worker-34: Building] INFO  o.e.m.c.i.embedder.EclipseLogger - Copying 0 resource
2023-10-19 16:30:12,855 [Worker-34: Building] INFO  o.e.m.c.i.embedder.EclipseLogger - Using 'UTF-8' encoding to copy filtered resources.
2023-10-19 16:30:12,855 [Worker-34: Building] INFO  o.e.m.c.i.embedder.EclipseLogger - Copying 0 resource
2023-10-19 16:31:27,865 [Worker-34: Building] INFO  o.e.m.c.i.embedder.EclipseLogger - Using 'UTF-8' encoding to copy filtered resources.
2023-10-19 16:31:27,865 [Worker-34: Building] INFO  o.e.m.c.i.embedder.EclipseLogger - Copying 0 resource
2023-10-19 16:31:27,866 [Worker-34: Building] INFO  o.e.m.c.i.embedder.EclipseLogger - Using 'UTF-8' encoding to copy filtered resources.
2023-10-19 16:31:27,866 [Worker-34: Building] INFO  o.e.m.c.i.embedder.EclipseLogger - Copying 0 resource
2023-10-19 16:32:02,304 [Worker-30: Building] INFO  o.e.m.c.i.embedder.EclipseLogger - Using 'UTF-8' encoding to copy filtered resources.
2023-10-19 16:32:02,304 [Worker-30: Building] INFO  o.e.m.c.i.embedder.EclipseLogger - Copying 0 resource
2023-10-19 16:32:02,305 [Worker-30: Building] INFO  o.e.m.c.i.embedder.EclipseLogger - Using 'UTF-8' encoding to copy filtered resources.
2023-10-19 16:32:02,306 [Worker-30: Building] INFO  o.e.m.c.i.embedder.EclipseLogger - Copying 0 resource
2023-10-19 16:32:44,207 [Worker-39: Building] INFO  o.e.m.c.i.embedder.EclipseLogger - Using 'UTF-8' encoding to copy filtered resources.
2023-10-19 16:32:44,207 [Worker-39: Building] INFO  o.e.m.c.i.embedder.EclipseLogger - Copying 0 resource
2023-10-19 16:32:44,208 [Worker-39: Building] INFO  o.e.m.c.i.embedder.EclipseLogger - Using 'UTF-8' encoding to copy filtered resources.
2023-10-19 16:32:44,209 [Worker-39: Building] INFO  o.e.m.c.i.embedder.EclipseLogger - Copying 0 resource
2023-10-19 16:32:53,188 [Worker-42: Building] INFO  o.e.m.c.i.embedder.EclipseLogger - Using 'UTF-8' encoding to copy filtered resources.
2023-10-19 16:32:53,188 [Worker-42: Building] INFO  o.e.m.c.i.embedder.EclipseLogger - Copying 0 resource
2023-10-19 16:32:53,189 [Worker-42: Building] INFO  o.e.m.c.i.embedder.EclipseLogger - Using 'UTF-8' encoding to copy filtered resources.
2023-10-19 16:32:53,189 [Worker-42: Building] INFO  o.e.m.c.i.embedder.EclipseLogger - Copying 0 resource
2023-10-19 16:33:15,809 [Worker-40: Building] INFO  o.e.m.c.i.embedder.EclipseLogger - Using 'UTF-8' encoding to copy filtered resources.
2023-10-19 16:33:15,809 [Worker-40: Building] INFO  o.e.m.c.i.embedder.EclipseLogger - Copying 0 resource
2023-10-19 16:33:15,810 [Worker-40: Building] INFO  o.e.m.c.i.embedder.EclipseLogger - Using 'UTF-8' encoding to copy filtered resources.
2023-10-19 16:33:15,810 [Worker-40: Building] INFO  o.e.m.c.i.embedder.EclipseLogger - Copying 0 resource
2023-10-19 16:34:52,009 [Worker-2: Building] INFO  o.e.m.c.i.embedder.EclipseLogger - Using 'UTF-8' encoding to copy filtered resources.
2023-10-19 16:34:52,009 [Worker-2: Building] INFO  o.e.m.c.i.embedder.EclipseLogger - Copying 0 resource
2023-10-19 16:34:52,014 [Worker-2: Building] INFO  o.e.m.c.i.embedder.EclipseLogger - Using 'UTF-8' encoding to copy filtered resources.
2023-10-19 16:34:52,014 [Worker-2: Building] INFO  o.e.m.c.i.embedder.EclipseLogger - Copying 0 resource
2023-10-19 16:35:29,012 [Worker-30: Building] INFO  o.e.m.c.i.embedder.EclipseLogger - Using 'UTF-8' encoding to copy filtered resources.
2023-10-19 16:35:29,012 [Worker-30: Building] INFO  o.e.m.c.i.embedder.EclipseLogger - Copying 0 resource
2023-10-19 16:35:29,013 [Worker-30: Building] INFO  o.e.m.c.i.embedder.EclipseLogger - Using 'UTF-8' encoding to copy filtered resources.
2023-10-19 16:35:29,014 [Worker-30: Building] INFO  o.e.m.c.i.embedder.EclipseLogger - Copying 0 resource
2023-10-19 16:37:06,355 [Worker-39: Building] INFO  o.e.m.c.i.embedder.EclipseLogger - Using 'UTF-8' encoding to copy filtered resources.
2023-10-19 16:37:06,355 [Worker-39: Building] INFO  o.e.m.c.i.embedder.EclipseLogger - Copying 0 resource
2023-10-19 16:37:06,357 [Worker-39: Building] INFO  o.e.m.c.i.embedder.EclipseLogger - Using 'UTF-8' encoding to copy filtered resources.
2023-10-19 16:37:06,357 [Worker-39: Building] INFO  o.e.m.c.i.embedder.EclipseLogger - Copying 0 resource
2023-10-19 16:48:36,205 [Worker-1: Loading available Gradle versions] INFO  o.e.b.c.i.u.g.PublishedGradleVersions - Gradle version information cache is up-to-date. Trying to read.
2023-10-19 16:54:13,893 [Worker-4: Loading available Gradle versions] INFO  o.e.b.c.i.u.g.PublishedGradleVersions - Gradle version information cache is up-to-date. Trying to read.
2023-10-19 23:41:45,317 [Worker-1: Loading available Gradle versions] INFO  o.e.b.c.i.u.g.PublishedGradleVersions - Gradle version information cache is up-to-date. Trying to read.
2023-10-20 00:12:16,293 [Worker-24: Building] INFO  o.e.m.c.i.embedder.EclipseLogger - Using 'UTF-8' encoding to copy filtered resources.
2023-10-20 00:12:16,297 [Worker-24: Building] INFO  o.e.m.c.i.embedder.EclipseLogger - Copying 0 resource
2023-10-20 00:12:16,300 [Worker-24: Building] INFO  o.e.m.c.i.embedder.EclipseLogger - Using 'UTF-8' encoding to copy filtered resources.
2023-10-20 00:12:16,301 [Worker-24: Building] INFO  o.e.m.c.i.embedder.EclipseLogger - Copying 0 resource
2023-10-20 00:12:28,973 [Worker-27: Building] INFO  o.e.m.c.i.embedder.EclipseLogger - Using 'UTF-8' encoding to copy filtered resources.
2023-10-20 00:12:28,976 [Worker-27: Building] INFO  o.e.m.c.i.embedder.EclipseLogger - Copying 0 resource
2023-10-20 00:12:28,979 [Worker-27: Building] INFO  o.e.m.c.i.embedder.EclipseLogger - Using 'UTF-8' encoding to copy filtered resources.
2023-10-20 00:12:28,979 [Worker-27: Building] INFO  o.e.m.c.i.embedder.EclipseLogger - Copying 0 resource
2023-10-20 00:18:27,799 [Worker-24: Building] INFO  o.e.m.c.i.embedder.EclipseLogger - Using 'UTF-8' encoding to copy filtered resources.
2023-10-20 00:18:27,800 [Worker-24: Building] INFO  o.e.m.c.i.embedder.EclipseLogger - Copying 0 resource
2023-10-20 00:18:27,804 [Worker-24: Building] INFO  o.e.m.c.i.embedder.EclipseLogger - Using 'UTF-8' encoding to copy filtered resources.
2023-10-20 00:18:27,804 [Worker-24: Building] INFO  o.e.m.c.i.embedder.EclipseLogger - Copying 0 resource
2023-10-20 00:19:01,368 [Worker-24: Building] INFO  o.e.m.c.i.embedder.EclipseLogger - Using 'UTF-8' encoding to copy filtered resources.
2023-10-20 00:19:01,369 [Worker-24: Building] INFO  o.e.m.c.i.embedder.EclipseLogger - Copying 0 resource
2023-10-20 00:19:01,372 [Worker-24: Building] INFO  o.e.m.c.i.embedder.EclipseLogger - Using 'UTF-8' encoding to copy filtered resources.
2023-10-20 00:19:01,373 [Worker-24: Building] INFO  o.e.m.c.i.embedder.EclipseLogger - Copying 0 resource
2023-10-20 00:19:25,883 [Worker-28: Building] INFO  o.e.m.c.i.embedder.EclipseLogger - Using 'UTF-8' encoding to copy filtered resources.
2023-10-20 00:19:25,883 [Worker-28: Building] INFO  o.e.m.c.i.embedder.EclipseLogger - Copying 0 resource
2023-10-20 00:19:25,886 [Worker-28: Building] INFO  o.e.m.c.i.embedder.EclipseLogger - Using 'UTF-8' encoding to copy filtered resources.
2023-10-20 00:19:25,886 [Worker-28: Building] INFO  o.e.m.c.i.embedder.EclipseLogger - Copying 0 resource
2023-10-20 00:20:08,648 [Worker-30: Building] INFO  o.e.m.c.i.embedder.EclipseLogger - Using 'UTF-8' encoding to copy filtered resources.
2023-10-20 00:20:08,648 [Worker-30: Building] INFO  o.e.m.c.i.embedder.EclipseLogger - Copying 0 resource
2023-10-20 00:20:08,650 [Worker-30: Building] INFO  o.e.m.c.i.embedder.EclipseLogger - Using 'UTF-8' encoding to copy filtered resources.
2023-10-20 00:20:08,650 [Worker-30: Building] INFO  o.e.m.c.i.embedder.EclipseLogger - Copying 0 resource
2023-10-20 09:13:33,320 [Worker-0: Loading available Gradle versions] INFO  o.e.b.c.i.u.g.PublishedGradleVersions - Gradle version information cache is out-of-date. Trying to update.
2023-10-20 09:18:11,742 [Worker-1: Building] INFO  o.e.m.c.i.embedder.EclipseLogger - Using 'UTF-8' encoding to copy filtered resources.
2023-10-20 09:18:11,747 [Worker-1: Building] INFO  o.e.m.c.i.embedder.EclipseLogger - Copying 0 resource
2023-10-20 09:18:11,751 [Worker-1: Building] INFO  o.e.m.c.i.embedder.EclipseLogger - Using 'UTF-8' encoding to copy filtered resources.
2023-10-20 09:18:11,751 [Worker-1: Building] INFO  o.e.m.c.i.embedder.EclipseLogger - Copying 0 resource
2023-10-20 09:20:35,587 [Worker-9: Building] INFO  o.e.m.c.i.embedder.EclipseLogger - Using 'UTF-8' encoding to copy filtered resources.
2023-10-20 09:20:35,589 [Worker-9: Building] INFO  o.e.m.c.i.embedder.EclipseLogger - Copying 0 resource
2023-10-20 09:20:35,593 [Worker-9: Building] INFO  o.e.m.c.i.embedder.EclipseLogger - Using 'UTF-8' encoding to copy filtered resources.
2023-10-20 09:20:35,593 [Worker-9: Building] INFO  o.e.m.c.i.embedder.EclipseLogger - Copying 0 resource
2023-10-20 09:22:59,866 [Worker-6: Loading available Gradle versions] INFO  o.e.b.c.i.u.g.PublishedGradleVersions - Gradle version information cache is up-to-date. Trying to read.
2023-10-20 09:28:47,165 [Worker-26: Building] INFO  o.e.m.c.i.embedder.EclipseLogger - Using 'UTF-8' encoding to copy filtered resources.
2023-10-20 09:28:47,172 [Worker-26: Building] INFO  o.e.m.c.i.embedder.EclipseLogger - Copying 0 resource
2023-10-20 09:28:47,176 [Worker-26: Building] INFO  o.e.m.c.i.embedder.EclipseLogger - Using 'UTF-8' encoding to copy filtered resources.
2023-10-20 09:28:47,176 [Worker-26: Building] INFO  o.e.m.c.i.embedder.EclipseLogger - Copying 0 resource
2023-10-20 09:30:20,720 [Worker-27: Building] INFO  o.e.m.c.i.embedder.EclipseLogger - Using 'UTF-8' encoding to copy filtered resources.
2023-10-20 09:30:20,724 [Worker-27: Building] INFO  o.e.m.c.i.embedder.EclipseLogger - Copying 0 resource
2023-10-20 09:30:20,730 [Worker-27: Building] INFO  o.e.m.c.i.embedder.EclipseLogger - Using 'UTF-8' encoding to copy filtered resources.
2023-10-20 09:30:20,730 [Worker-27: Building] INFO  o.e.m.c.i.embedder.EclipseLogger - Copying 0 resource
2023-10-20 10:06:02,264 [Worker-3: Loading available Gradle versions] INFO  o.e.b.c.i.u.g.PublishedGradleVersions - Gradle version information cache is up-to-date. Trying to read.
2023-10-20 10:53:00,921 [Worker-40: Building] INFO  o.e.m.c.i.embedder.EclipseLogger - Using 'UTF-8' encoding to copy filtered resources.
2023-10-20 10:53:00,927 [Worker-40: Building] INFO  o.e.m.c.i.embedder.EclipseLogger - Copying 0 resource
2023-10-20 10:53:00,930 [Worker-40: Building] INFO  o.e.m.c.i.embedder.EclipseLogger - Using 'UTF-8' encoding to copy filtered resources.
2023-10-20 10:53:00,931 [Worker-40: Building] INFO  o.e.m.c.i.embedder.EclipseLogger - Copying 0 resource
